14:51:21 INFO  : Registering command handlers for SDK TCF services
14:51:22 INFO  : Launching XSCT server: xsct -n -interactive /home/jo/Documents/Hepia/Cours/LPSC/Mandelbrot/ips/vivado/ublaze/2018.2/ublaze.sdk/temp_xsdb_launch_script.tcl
14:51:24 INFO  : XSCT server has started successfully.
14:51:24 INFO  : Successfully done setting XSCT server connection channel  
14:51:24 INFO  : Successfully done setting SDK workspace  
14:51:24 INFO  : Processing command line option -hwspec /home/jo/Documents/Hepia/Cours/LPSC/Mandelbrot/ips/vivado/ublaze/2018.2/ublaze.sdk/ublaze_pinout.hdf.
14:58:21 INFO  : 'targets -set -filter {jtag_cable_name =~ "Digilent Nexys Video 210276A5A706B" && level==0} -index 0' command is executed.
14:58:21 INFO  : 'fpga -state' command is executed.
14:58:21 INFO  : Connected to target on host '127.0.0.1' and port '3121'.
14:58:21 INFO  : Jtag cable 'Digilent Nexys Video 210276A5A706B' is selected.
14:58:21 INFO  : 'jtag frequency' command is executed.
14:58:21 INFO  : 'configparams mdm-detect-bscan-mask 2' command is executed.
14:58:21 INFO  : Context for processor 'microblaze_0' is selected.
14:58:21 INFO  : Processor reset is completed for 'microblaze_0'.
14:58:21 INFO  : Context for processor 'microblaze_0' is selected.
14:58:21 INFO  : The application '/home/jo/Documents/Hepia/Cours/LPSC/Mandelbrot/ips/vivado/ublaze/2018.2/ublaze.sdk/ublaze_soc_led/Debug/ublaze_soc_led.elf' is downloaded to processor 'microblaze_0'.
14:58:21 INFO  : ----------------XSDB Script----------------
connect -url tcp:127.0.0.1:3121
configparams mdm-detect-bscan-mask 2
targets -set -nocase -filter {name =~ "microblaze*#0" && bscan=="USER2"  && jtag_cable_name =~ "Digilent Nexys Video 210276A5A706B"} -index 0
rst -processor
targets -set -nocase -filter {name =~ "microblaze*#0" && bscan=="USER2"  && jtag_cable_name =~ "Digilent Nexys Video 210276A5A706B"} -index 0
dow /home/jo/Documents/Hepia/Cours/LPSC/Mandelbrot/ips/vivado/ublaze/2018.2/ublaze.sdk/ublaze_soc_led/Debug/ublaze_soc_led.elf
----------------End of Script----------------

14:58:21 INFO  : Memory regions updated for context MicroBlaze #0
14:58:21 INFO  : Memory regions updated for context MicroBlaze #0
14:58:21 INFO  : Context for processor 'microblaze_0' is selected.
14:58:21 INFO  : 'con' command is executed.
14:58:21 INFO  : ----------------XSDB Script (After Launch)----------------
targets -set -nocase -filter {name =~ "microblaze*#0" && bscan=="USER2"  && jtag_cable_name =~ "Digilent Nexys Video 210276A5A706B"} -index 0
con
----------------End of Script----------------

14:58:21 INFO  : Launch script is exported to file '/home/jo/Documents/Hepia/Cours/LPSC/Mandelbrot/ips/vivado/ublaze/2018.2/ublaze.sdk/.sdk/launch_scripts/xilinx_c-c++_application_(system_debugger)/system_debugger_using_debug_ublaze_soc_led.elf_on_local.tcl'
14:58:52 INFO  : Disconnected from the channel tcfchan#1.
14:59:04 INFO  : 'targets -set -filter {jtag_cable_name =~ "Digilent Nexys Video 210276A5A706B" && level==0} -index 0' command is executed.
14:59:04 INFO  : 'fpga -state' command is executed.
14:59:04 INFO  : Connected to target on host '127.0.0.1' and port '3121'.
14:59:04 INFO  : Jtag cable 'Digilent Nexys Video 210276A5A706B' is selected.
14:59:04 INFO  : 'jtag frequency' command is executed.
14:59:04 INFO  : 'configparams mdm-detect-bscan-mask 2' command is executed.
14:59:04 INFO  : Context for processor 'microblaze_0' is selected.
14:59:04 INFO  : Processor reset is completed for 'microblaze_0'.
14:59:04 INFO  : Context for processor 'microblaze_0' is selected.
14:59:04 INFO  : The application '/home/jo/Documents/Hepia/Cours/LPSC/Mandelbrot/ips/vivado/ublaze/2018.2/ublaze.sdk/ublaze_soc_led/Debug/ublaze_soc_led.elf' is downloaded to processor 'microblaze_0'.
14:59:04 INFO  : ----------------XSDB Script----------------
connect -url tcp:127.0.0.1:3121
configparams mdm-detect-bscan-mask 2
targets -set -nocase -filter {name =~ "microblaze*#0" && bscan=="USER2"  && jtag_cable_name =~ "Digilent Nexys Video 210276A5A706B"} -index 0
rst -processor
targets -set -nocase -filter {name =~ "microblaze*#0" && bscan=="USER2"  && jtag_cable_name =~ "Digilent Nexys Video 210276A5A706B"} -index 0
dow /home/jo/Documents/Hepia/Cours/LPSC/Mandelbrot/ips/vivado/ublaze/2018.2/ublaze.sdk/ublaze_soc_led/Debug/ublaze_soc_led.elf
----------------End of Script----------------

14:59:04 INFO  : Memory regions updated for context MicroBlaze #0
14:59:04 INFO  : Memory regions updated for context MicroBlaze #0
14:59:04 INFO  : Context for processor 'microblaze_0' is selected.
14:59:04 INFO  : 'con' command is executed.
14:59:04 INFO  : ----------------XSDB Script (After Launch)----------------
targets -set -nocase -filter {name =~ "microblaze*#0" && bscan=="USER2"  && jtag_cable_name =~ "Digilent Nexys Video 210276A5A706B"} -index 0
con
----------------End of Script----------------

14:59:04 INFO  : Launch script is exported to file '/home/jo/Documents/Hepia/Cours/LPSC/Mandelbrot/ips/vivado/ublaze/2018.2/ublaze.sdk/.sdk/launch_scripts/xilinx_c-c++_application_(system_debugger)/system_debugger_using_debug_ublaze_soc_led.elf_on_local.tcl'
14:59:20 INFO  : Disconnected from the channel tcfchan#2.
10:56:25 INFO  : Registering command handlers for SDK TCF services
10:56:25 INFO  : Launching XSCT server: xsct -n -interactive /home/jo/Documents/Hepia/Cours/LPSC/Mandelbrot/ips/vivado/ublaze/2018.2/ublaze.sdk/temp_xsdb_launch_script.tcl
10:56:27 INFO  : XSCT server has started successfully.
10:56:27 INFO  : Successfully done setting XSCT server connection channel  
10:56:28 INFO  : Successfully done setting SDK workspace  
10:56:28 INFO  : Processing command line option -hwspec /home/jo/Documents/Hepia/Cours/LPSC/Mandelbrot/ips/vivado/ublaze/2018.2/ublaze.sdk/ublaze_pinout.hdf.
10:56:28 INFO  : Checking for hwspec changes in the project ublaze_pinout_hw_platform_0.
10:56:29 INFO  : SDK has detected change in the last modified timestamps for source hardware specification file Source:1550051622000,  Project:1549893038000
10:56:29 INFO  : The hardware specification for project 'ublaze_pinout_hw_platform_0' is different from /home/jo/Documents/Hepia/Cours/LPSC/Mandelbrot/ips/vivado/ublaze/2018.2/ublaze.sdk/ublaze_pinout.hdf.
10:56:29 INFO  : Copied contents of /home/jo/Documents/Hepia/Cours/LPSC/Mandelbrot/ips/vivado/ublaze/2018.2/ublaze.sdk/ublaze_pinout.hdf into /ublaze_pinout_hw_platform_0/system.hdf.
10:56:29 INFO  : Synchronizing projects in the workspace with the hardware platform specification changes.
10:56:30 INFO  : 
10:56:31 INFO  : Updating hardware inferred compiler options for ublaze_soc_led.
10:56:31 INFO  : Clearing existing target manager status.
10:57:26 INFO  : 'targets -set -filter {jtag_cable_name =~ "Digilent Nexys Video 210276A5A706B" && level==0} -index 0' command is executed.
10:57:26 INFO  : 'fpga -state' command is executed.
10:57:26 INFO  : Connected to target on host '127.0.0.1' and port '3121'.
10:57:26 INFO  : Jtag cable 'Digilent Nexys Video 210276A5A706B' is selected.
10:57:26 INFO  : 'jtag frequency' command is executed.
10:57:26 INFO  : 'configparams mdm-detect-bscan-mask 2' command is executed.
10:57:26 INFO  : Context for processor 'microblaze_0' is selected.
10:57:26 ERROR : Cannot stop MicroBlaze. MicroBlaze is held in reset
10:57:26 INFO  : ----------------XSDB Script----------------
connect -url tcp:127.0.0.1:3121
configparams mdm-detect-bscan-mask 2
targets -set -nocase -filter {name =~ "microblaze*#0" && bscan=="USER2"  && jtag_cable_name =~ "Digilent Nexys Video 210276A5A706B"} -index 0
rst -processor
----------------End of Script----------------

11:11:52 INFO  : Registering command handlers for SDK TCF services
11:11:53 INFO  : Launching XSCT server: xsct -n -interactive /home/jo/Documents/Hepia/Cours/LPSC/Mandelbrot/ips/vivado/ublaze/2018.2/ublaze.sdk/temp_xsdb_launch_script.tcl
11:11:55 INFO  : XSCT server has started successfully.
11:11:55 INFO  : Successfully done setting XSCT server connection channel  
11:11:55 INFO  : Successfully done setting SDK workspace  
11:11:55 INFO  : Processing command line option -hwspec /home/jo/Documents/Hepia/Cours/LPSC/Mandelbrot/ips/vivado/ublaze/2018.2/ublaze.sdk/ublaze_pinout.hdf.
11:11:55 INFO  : Checking for hwspec changes in the project ublaze_pinout_hw_platform_0.
11:11:56 INFO  : SDK has detected change in the last modified timestamps for source hardware specification file Source:1550052668000,  Project:1550051622000
11:11:56 INFO  : The hardware specification for project 'ublaze_pinout_hw_platform_0' is different from /home/jo/Documents/Hepia/Cours/LPSC/Mandelbrot/ips/vivado/ublaze/2018.2/ublaze.sdk/ublaze_pinout.hdf.
11:11:56 INFO  : Copied contents of /home/jo/Documents/Hepia/Cours/LPSC/Mandelbrot/ips/vivado/ublaze/2018.2/ublaze.sdk/ublaze_pinout.hdf into /ublaze_pinout_hw_platform_0/system.hdf.
11:11:56 INFO  : Synchronizing projects in the workspace with the hardware platform specification changes.
11:11:57 INFO  : 
11:11:58 INFO  : Updating hardware inferred compiler options for ublaze_soc_led.
11:11:58 INFO  : Clearing existing target manager status.
11:14:02 INFO  : Registering command handlers for SDK TCF services
11:14:03 INFO  : Launching XSCT server: xsct -n -interactive /home/jo/Documents/Hepia/Cours/LPSC/Mandelbrot/ips/vivado/ublaze/2018.2/ublaze.sdk/temp_xsdb_launch_script.tcl
11:14:05 INFO  : XSCT server has started successfully.
11:14:05 INFO  : Successfully done setting XSCT server connection channel  
11:14:05 INFO  : Successfully done setting SDK workspace  
11:14:05 INFO  : Processing command line option -hwspec /home/jo/Documents/Hepia/Cours/LPSC/Mandelbrot/ips/vivado/ublaze/2018.2/ublaze.sdk/ublaze_pinout.hdf.
11:14:05 INFO  : Checking for hwspec changes in the project ublaze_pinout_hw_platform_0.
11:14:27 INFO  : 'targets -set -filter {jtag_cable_name =~ "Digilent Nexys Video 210276A5A706B" && level==0} -index 0' command is executed.
11:14:27 INFO  : 'fpga -state' command is executed.
11:14:27 INFO  : Connected to target on host '127.0.0.1' and port '3121'.
11:14:27 INFO  : Jtag cable 'Digilent Nexys Video 210276A5A706B' is selected.
11:14:27 INFO  : 'jtag frequency' command is executed.
11:14:28 INFO  : 'configparams mdm-detect-bscan-mask 2' command is executed.
11:14:28 INFO  : Context for processor 'microblaze_0' is selected.
11:14:28 INFO  : Processor reset is completed for 'microblaze_0'.
11:14:28 INFO  : Context for processor 'microblaze_0' is selected.
11:14:28 INFO  : The application '/home/jo/Documents/Hepia/Cours/LPSC/Mandelbrot/ips/vivado/ublaze/2018.2/ublaze.sdk/ublaze_soc_led/Debug/ublaze_soc_led.elf' is downloaded to processor 'microblaze_0'.
11:14:28 INFO  : ----------------XSDB Script----------------
connect -url tcp:127.0.0.1:3121
configparams mdm-detect-bscan-mask 2
targets -set -nocase -filter {name =~ "microblaze*#0" && bscan=="USER2"  && jtag_cable_name =~ "Digilent Nexys Video 210276A5A706B"} -index 0
rst -processor
targets -set -nocase -filter {name =~ "microblaze*#0" && bscan=="USER2"  && jtag_cable_name =~ "Digilent Nexys Video 210276A5A706B"} -index 0
dow /home/jo/Documents/Hepia/Cours/LPSC/Mandelbrot/ips/vivado/ublaze/2018.2/ublaze.sdk/ublaze_soc_led/Debug/ublaze_soc_led.elf
----------------End of Script----------------

11:14:28 INFO  : Memory regions updated for context MicroBlaze #0
11:14:28 INFO  : Memory regions updated for context MicroBlaze #0
11:14:28 INFO  : Context for processor 'microblaze_0' is selected.
11:14:28 INFO  : 'con' command is executed.
11:14:28 INFO  : ----------------XSDB Script (After Launch)----------------
targets -set -nocase -filter {name =~ "microblaze*#0" && bscan=="USER2"  && jtag_cable_name =~ "Digilent Nexys Video 210276A5A706B"} -index 0
con
----------------End of Script----------------

11:14:28 INFO  : Launch script is exported to file '/home/jo/Documents/Hepia/Cours/LPSC/Mandelbrot/ips/vivado/ublaze/2018.2/ublaze.sdk/.sdk/launch_scripts/xilinx_c-c++_application_(system_debugger)/system_debugger_using_debug_ublaze_soc_led.elf_on_local.tcl'
11:14:36 INFO  : Disconnected from the channel tcfchan#1.
11:19:53 INFO  : Registering command handlers for SDK TCF services
11:19:54 INFO  : Launching XSCT server: xsct -n -interactive /home/jo/Documents/Hepia/Cours/LPSC/Mandelbrot/ips/vivado/ublaze/2018.2/ublaze.sdk/temp_xsdb_launch_script.tcl
11:19:55 INFO  : XSCT server has started successfully.
11:19:55 INFO  : Successfully done setting XSCT server connection channel  
11:19:55 INFO  : Successfully done setting SDK workspace  
11:19:55 INFO  : Processing command line option -hwspec /home/jo/Documents/Hepia/Cours/LPSC/Mandelbrot/ips/vivado/ublaze/2018.2/ublaze.sdk/ublaze_pinout.hdf.
11:19:55 INFO  : Checking for hwspec changes in the project ublaze_pinout_hw_platform_0.
11:19:56 INFO  : SDK has detected change in the last modified timestamps for source hardware specification file Source:1550053132000,  Project:1550052668000
11:19:56 INFO  : The hardware specification for project 'ublaze_pinout_hw_platform_0' is different from /home/jo/Documents/Hepia/Cours/LPSC/Mandelbrot/ips/vivado/ublaze/2018.2/ublaze.sdk/ublaze_pinout.hdf.
11:19:56 INFO  : Copied contents of /home/jo/Documents/Hepia/Cours/LPSC/Mandelbrot/ips/vivado/ublaze/2018.2/ublaze.sdk/ublaze_pinout.hdf into /ublaze_pinout_hw_platform_0/system.hdf.
11:19:56 INFO  : Synchronizing projects in the workspace with the hardware platform specification changes.
11:19:57 INFO  : 
11:19:58 INFO  : Updating hardware inferred compiler options for ublaze_soc_led.
11:19:58 INFO  : Clearing existing target manager status.
11:20:23 INFO  : 'targets -set -filter {jtag_cable_name =~ "Digilent Nexys Video 210276A5A706B" && level==0} -index 0' command is executed.
11:20:23 INFO  : 'fpga -state' command is executed.
11:20:23 INFO  : Connected to target on host '127.0.0.1' and port '3121'.
11:20:23 INFO  : Jtag cable 'Digilent Nexys Video 210276A5A706B' is selected.
11:20:23 INFO  : 'jtag frequency' command is executed.
11:20:23 INFO  : 'configparams mdm-detect-bscan-mask 2' command is executed.
11:20:23 INFO  : Context for processor 'microblaze_0' is selected.
11:20:23 INFO  : Processor reset is completed for 'microblaze_0'.
11:20:23 INFO  : Context for processor 'microblaze_0' is selected.
11:20:23 INFO  : The application '/home/jo/Documents/Hepia/Cours/LPSC/Mandelbrot/ips/vivado/ublaze/2018.2/ublaze.sdk/ublaze_soc_led/Debug/ublaze_soc_led.elf' is downloaded to processor 'microblaze_0'.
11:20:23 INFO  : ----------------XSDB Script----------------
connect -url tcp:127.0.0.1:3121
configparams mdm-detect-bscan-mask 2
targets -set -nocase -filter {name =~ "microblaze*#0" && bscan=="USER2"  && jtag_cable_name =~ "Digilent Nexys Video 210276A5A706B"} -index 0
rst -processor
targets -set -nocase -filter {name =~ "microblaze*#0" && bscan=="USER2"  && jtag_cable_name =~ "Digilent Nexys Video 210276A5A706B"} -index 0
dow /home/jo/Documents/Hepia/Cours/LPSC/Mandelbrot/ips/vivado/ublaze/2018.2/ublaze.sdk/ublaze_soc_led/Debug/ublaze_soc_led.elf
----------------End of Script----------------

11:20:23 INFO  : Memory regions updated for context MicroBlaze #0
11:20:23 INFO  : Memory regions updated for context MicroBlaze #0
11:20:23 INFO  : Context for processor 'microblaze_0' is selected.
11:20:23 INFO  : 'con' command is executed.
11:20:23 INFO  : ----------------XSDB Script (After Launch)----------------
targets -set -nocase -filter {name =~ "microblaze*#0" && bscan=="USER2"  && jtag_cable_name =~ "Digilent Nexys Video 210276A5A706B"} -index 0
con
----------------End of Script----------------

11:20:23 INFO  : Launch script is exported to file '/home/jo/Documents/Hepia/Cours/LPSC/Mandelbrot/ips/vivado/ublaze/2018.2/ublaze.sdk/.sdk/launch_scripts/xilinx_c-c++_application_(system_debugger)/system_debugger_using_debug_ublaze_soc_led.elf_on_local.tcl'
11:31:36 ERROR : (XSDB Server)unexpected arguments: mdm -uart

11:33:00 INFO  : Disconnected from the channel tcfchan#1.
11:33:01 INFO  : 'targets -set -filter {jtag_cable_name =~ "Digilent Nexys Video 210276A5A706B" && level==0} -index 0' command is executed.
11:33:01 INFO  : 'fpga -state' command is executed.
11:33:01 INFO  : Connected to target on host '127.0.0.1' and port '3121'.
11:33:01 INFO  : Jtag cable 'Digilent Nexys Video 210276A5A706B' is selected.
11:33:01 INFO  : 'jtag frequency' command is executed.
11:33:01 INFO  : 'configparams mdm-detect-bscan-mask 2' command is executed.
11:33:01 INFO  : Context for processor 'microblaze_0' is selected.
11:33:01 INFO  : Processor reset is completed for 'microblaze_0'.
11:33:01 INFO  : Context for processor 'microblaze_0' is selected.
11:33:01 INFO  : The application '/home/jo/Documents/Hepia/Cours/LPSC/Mandelbrot/ips/vivado/ublaze/2018.2/ublaze.sdk/ublaze_soc_led/Debug/ublaze_soc_led.elf' is downloaded to processor 'microblaze_0'.
11:33:01 INFO  : ----------------XSDB Script----------------
connect -url tcp:127.0.0.1:3121
configparams mdm-detect-bscan-mask 2
targets -set -nocase -filter {name =~ "microblaze*#0" && bscan=="USER2"  && jtag_cable_name =~ "Digilent Nexys Video 210276A5A706B"} -index 0
rst -processor
targets -set -nocase -filter {name =~ "microblaze*#0" && bscan=="USER2"  && jtag_cable_name =~ "Digilent Nexys Video 210276A5A706B"} -index 0
dow /home/jo/Documents/Hepia/Cours/LPSC/Mandelbrot/ips/vivado/ublaze/2018.2/ublaze.sdk/ublaze_soc_led/Debug/ublaze_soc_led.elf
----------------End of Script----------------

11:33:01 INFO  : Memory regions updated for context MicroBlaze #0
11:33:01 INFO  : Memory regions updated for context MicroBlaze #0
11:33:01 INFO  : Context for processor 'microblaze_0' is selected.
11:33:01 INFO  : 'con' command is executed.
11:33:01 INFO  : ----------------XSDB Script (After Launch)----------------
targets -set -nocase -filter {name =~ "microblaze*#0" && bscan=="USER2"  && jtag_cable_name =~ "Digilent Nexys Video 210276A5A706B"} -index 0
con
----------------End of Script----------------

11:33:01 INFO  : Launch script is exported to file '/home/jo/Documents/Hepia/Cours/LPSC/Mandelbrot/ips/vivado/ublaze/2018.2/ublaze.sdk/.sdk/launch_scripts/xilinx_c-c++_application_(system_debugger)/system_debugger_using_debug_ublaze_soc_led.elf_on_local.tcl'
11:34:31 INFO  : Disconnected from the channel tcfchan#2.
11:34:32 INFO  : 'targets -set -filter {jtag_cable_name =~ "Digilent Nexys Video 210276A5A706B" && level==0} -index 0' command is executed.
11:34:32 INFO  : 'fpga -state' command is executed.
11:34:32 INFO  : Connected to target on host '127.0.0.1' and port '3121'.
11:34:32 INFO  : Jtag cable 'Digilent Nexys Video 210276A5A706B' is selected.
11:34:32 INFO  : 'jtag frequency' command is executed.
11:34:32 INFO  : 'configparams mdm-detect-bscan-mask 2' command is executed.
11:34:32 INFO  : Context for processor 'microblaze_0' is selected.
11:34:32 INFO  : Processor reset is completed for 'microblaze_0'.
11:34:32 INFO  : Context for processor 'microblaze_0' is selected.
11:34:32 INFO  : The application '/home/jo/Documents/Hepia/Cours/LPSC/Mandelbrot/ips/vivado/ublaze/2018.2/ublaze.sdk/ublaze_soc_led/Debug/ublaze_soc_led.elf' is downloaded to processor 'microblaze_0'.
11:34:32 INFO  : ----------------XSDB Script----------------
connect -url tcp:127.0.0.1:3121
configparams mdm-detect-bscan-mask 2
targets -set -nocase -filter {name =~ "microblaze*#0" && bscan=="USER2"  && jtag_cable_name =~ "Digilent Nexys Video 210276A5A706B"} -index 0
rst -processor
targets -set -nocase -filter {name =~ "microblaze*#0" && bscan=="USER2"  && jtag_cable_name =~ "Digilent Nexys Video 210276A5A706B"} -index 0
dow /home/jo/Documents/Hepia/Cours/LPSC/Mandelbrot/ips/vivado/ublaze/2018.2/ublaze.sdk/ublaze_soc_led/Debug/ublaze_soc_led.elf
----------------End of Script----------------

11:34:32 INFO  : Memory regions updated for context MicroBlaze #0
11:34:32 INFO  : Memory regions updated for context MicroBlaze #0
11:34:32 INFO  : Context for processor 'microblaze_0' is selected.
11:34:32 INFO  : 'con' command is executed.
11:34:32 INFO  : ----------------XSDB Script (After Launch)----------------
targets -set -nocase -filter {name =~ "microblaze*#0" && bscan=="USER2"  && jtag_cable_name =~ "Digilent Nexys Video 210276A5A706B"} -index 0
con
----------------End of Script----------------

11:34:32 INFO  : Launch script is exported to file '/home/jo/Documents/Hepia/Cours/LPSC/Mandelbrot/ips/vivado/ublaze/2018.2/ublaze.sdk/.sdk/launch_scripts/xilinx_c-c++_application_(system_debugger)/system_debugger_using_debug_ublaze_soc_led.elf_on_local.tcl'
12:35:25 INFO  : Disconnected from the channel tcfchan#3.
12:59:34 INFO  : Launching XSCT server: xsct -n -interactive /home/jo/Documents/Hepia/Cours/LPSC/Mandelbrot/ips/vivado/ublaze/2018.2/ublaze.sdk/temp_xsdb_launch_script.tcl
12:59:34 INFO  : Registering command handlers for SDK TCF services
12:59:36 INFO  : XSCT server has started successfully.
12:59:36 INFO  : Successfully done setting XSCT server connection channel  
12:59:36 INFO  : Successfully done setting SDK workspace  
12:59:36 INFO  : Processing command line option -hwspec /home/jo/Documents/Hepia/Cours/LPSC/Mandelbrot/ips/vivado/ublaze/2018.2/ublaze.sdk/ublaze_pinout.hdf.
12:59:36 INFO  : Checking for hwspec changes in the project ublaze_pinout_hw_platform_0.
12:59:37 INFO  : SDK has detected change in the last modified timestamps for source hardware specification file Source:1550059016000,  Project:1550053132000
12:59:37 INFO  : The hardware specification for project 'ublaze_pinout_hw_platform_0' is different from /home/jo/Documents/Hepia/Cours/LPSC/Mandelbrot/ips/vivado/ublaze/2018.2/ublaze.sdk/ublaze_pinout.hdf.
12:59:37 INFO  : Copied contents of /home/jo/Documents/Hepia/Cours/LPSC/Mandelbrot/ips/vivado/ublaze/2018.2/ublaze.sdk/ublaze_pinout.hdf into /ublaze_pinout_hw_platform_0/system.hdf.
12:59:38 INFO  : Synchronizing projects in the workspace with the hardware platform specification changes.
12:59:39 INFO  : 
12:59:39 INFO  : Updating hardware inferred compiler options for ublaze_soc_led.
12:59:39 INFO  : Clearing existing target manager status.
12:59:56 INFO  : 'targets -set -filter {jtag_cable_name =~ "Digilent Nexys Video 210276A5A706B" && level==0} -index 0' command is executed.
12:59:56 INFO  : 'fpga -state' command is executed.
12:59:56 INFO  : Connected to target on host '127.0.0.1' and port '3121'.
12:59:56 INFO  : Jtag cable 'Digilent Nexys Video 210276A5A706B' is selected.
12:59:56 INFO  : 'jtag frequency' command is executed.
12:59:56 INFO  : 'configparams mdm-detect-bscan-mask 2' command is executed.
12:59:56 INFO  : Context for processor 'microblaze_0' is selected.
12:59:56 INFO  : Processor reset is completed for 'microblaze_0'.
12:59:56 INFO  : Context for processor 'microblaze_0' is selected.
12:59:56 INFO  : The application '/home/jo/Documents/Hepia/Cours/LPSC/Mandelbrot/ips/vivado/ublaze/2018.2/ublaze.sdk/ublaze_soc_led/Debug/ublaze_soc_led.elf' is downloaded to processor 'microblaze_0'.
12:59:56 INFO  : ----------------XSDB Script----------------
connect -url tcp:127.0.0.1:3121
configparams mdm-detect-bscan-mask 2
targets -set -nocase -filter {name =~ "microblaze*#0" && bscan=="USER2"  && jtag_cable_name =~ "Digilent Nexys Video 210276A5A706B"} -index 0
rst -processor
targets -set -nocase -filter {name =~ "microblaze*#0" && bscan=="USER2"  && jtag_cable_name =~ "Digilent Nexys Video 210276A5A706B"} -index 0
dow /home/jo/Documents/Hepia/Cours/LPSC/Mandelbrot/ips/vivado/ublaze/2018.2/ublaze.sdk/ublaze_soc_led/Debug/ublaze_soc_led.elf
----------------End of Script----------------

12:59:56 INFO  : Memory regions updated for context MicroBlaze #0
12:59:56 INFO  : Memory regions updated for context MicroBlaze #0
12:59:56 INFO  : Context for processor 'microblaze_0' is selected.
12:59:56 INFO  : 'con' command is executed.
12:59:56 INFO  : ----------------XSDB Script (After Launch)----------------
targets -set -nocase -filter {name =~ "microblaze*#0" && bscan=="USER2"  && jtag_cable_name =~ "Digilent Nexys Video 210276A5A706B"} -index 0
con
----------------End of Script----------------

12:59:56 INFO  : Launch script is exported to file '/home/jo/Documents/Hepia/Cours/LPSC/Mandelbrot/ips/vivado/ublaze/2018.2/ublaze.sdk/.sdk/launch_scripts/xilinx_c-c++_application_(system_debugger)/system_debugger_using_debug_ublaze_soc_led.elf_on_local.tcl'
13:03:48 INFO  : Disconnected from the channel tcfchan#1.
13:03:49 INFO  : 'targets -set -filter {jtag_cable_name =~ "Digilent Nexys Video 210276A5A706B" && level==0} -index 0' command is executed.
13:03:49 INFO  : 'fpga -state' command is executed.
13:03:49 INFO  : Connected to target on host '127.0.0.1' and port '3121'.
13:03:49 INFO  : Jtag cable 'Digilent Nexys Video 210276A5A706B' is selected.
13:03:49 INFO  : 'jtag frequency' command is executed.
13:03:49 INFO  : 'configparams mdm-detect-bscan-mask 2' command is executed.
13:03:49 INFO  : Context for processor 'microblaze_0' is selected.
13:03:49 INFO  : Processor reset is completed for 'microblaze_0'.
13:03:49 INFO  : Context for processor 'microblaze_0' is selected.
13:03:49 INFO  : The application '/home/jo/Documents/Hepia/Cours/LPSC/Mandelbrot/ips/vivado/ublaze/2018.2/ublaze.sdk/ublaze_soc_led/Debug/ublaze_soc_led.elf' is downloaded to processor 'microblaze_0'.
13:03:49 INFO  : ----------------XSDB Script----------------
connect -url tcp:127.0.0.1:3121
configparams mdm-detect-bscan-mask 2
targets -set -nocase -filter {name =~ "microblaze*#0" && bscan=="USER2"  && jtag_cable_name =~ "Digilent Nexys Video 210276A5A706B"} -index 0
rst -processor
targets -set -nocase -filter {name =~ "microblaze*#0" && bscan=="USER2"  && jtag_cable_name =~ "Digilent Nexys Video 210276A5A706B"} -index 0
dow /home/jo/Documents/Hepia/Cours/LPSC/Mandelbrot/ips/vivado/ublaze/2018.2/ublaze.sdk/ublaze_soc_led/Debug/ublaze_soc_led.elf
----------------End of Script----------------

13:03:49 INFO  : Memory regions updated for context MicroBlaze #0
13:03:49 INFO  : Memory regions updated for context MicroBlaze #0
13:03:49 INFO  : Context for processor 'microblaze_0' is selected.
13:03:49 INFO  : 'con' command is executed.
13:03:49 INFO  : ----------------XSDB Script (After Launch)----------------
targets -set -nocase -filter {name =~ "microblaze*#0" && bscan=="USER2"  && jtag_cable_name =~ "Digilent Nexys Video 210276A5A706B"} -index 0
con
----------------End of Script----------------

13:03:49 INFO  : Launch script is exported to file '/home/jo/Documents/Hepia/Cours/LPSC/Mandelbrot/ips/vivado/ublaze/2018.2/ublaze.sdk/.sdk/launch_scripts/xilinx_c-c++_application_(system_debugger)/system_debugger_using_debug_ublaze_soc_led.elf_on_local.tcl'
13:06:18 INFO  : Disconnected from the channel tcfchan#2.
13:06:19 INFO  : 'targets -set -filter {jtag_cable_name =~ "Digilent Nexys Video 210276A5A706B" && level==0} -index 0' command is executed.
13:06:19 INFO  : 'fpga -state' command is executed.
13:06:19 INFO  : Connected to target on host '127.0.0.1' and port '3121'.
13:06:20 INFO  : Jtag cable 'Digilent Nexys Video 210276A5A706B' is selected.
13:06:20 INFO  : 'jtag frequency' command is executed.
13:06:20 INFO  : 'configparams mdm-detect-bscan-mask 2' command is executed.
13:06:20 INFO  : Context for processor 'microblaze_0' is selected.
13:06:20 INFO  : Processor reset is completed for 'microblaze_0'.
13:06:20 INFO  : Context for processor 'microblaze_0' is selected.
13:06:20 INFO  : The application '/home/jo/Documents/Hepia/Cours/LPSC/Mandelbrot/ips/vivado/ublaze/2018.2/ublaze.sdk/ublaze_soc_led/Debug/ublaze_soc_led.elf' is downloaded to processor 'microblaze_0'.
13:06:20 INFO  : ----------------XSDB Script----------------
connect -url tcp:127.0.0.1:3121
configparams mdm-detect-bscan-mask 2
targets -set -nocase -filter {name =~ "microblaze*#0" && bscan=="USER2"  && jtag_cable_name =~ "Digilent Nexys Video 210276A5A706B"} -index 0
rst -processor
targets -set -nocase -filter {name =~ "microblaze*#0" && bscan=="USER2"  && jtag_cable_name =~ "Digilent Nexys Video 210276A5A706B"} -index 0
dow /home/jo/Documents/Hepia/Cours/LPSC/Mandelbrot/ips/vivado/ublaze/2018.2/ublaze.sdk/ublaze_soc_led/Debug/ublaze_soc_led.elf
----------------End of Script----------------

13:06:20 INFO  : Memory regions updated for context MicroBlaze #0
13:06:20 INFO  : Memory regions updated for context MicroBlaze #0
13:06:20 INFO  : Context for processor 'microblaze_0' is selected.
13:06:20 INFO  : 'con' command is executed.
13:06:20 INFO  : ----------------XSDB Script (After Launch)----------------
targets -set -nocase -filter {name =~ "microblaze*#0" && bscan=="USER2"  && jtag_cable_name =~ "Digilent Nexys Video 210276A5A706B"} -index 0
con
----------------End of Script----------------

13:06:20 INFO  : Launch script is exported to file '/home/jo/Documents/Hepia/Cours/LPSC/Mandelbrot/ips/vivado/ublaze/2018.2/ublaze.sdk/.sdk/launch_scripts/xilinx_c-c++_application_(system_debugger)/system_debugger_using_debug_ublaze_soc_led.elf_on_local.tcl'
13:08:01 INFO  : Disconnected from the channel tcfchan#3.
13:08:02 INFO  : 'targets -set -filter {jtag_cable_name =~ "Digilent Nexys Video 210276A5A706B" && level==0} -index 0' command is executed.
13:08:02 INFO  : 'fpga -state' command is executed.
13:08:02 INFO  : Connected to target on host '127.0.0.1' and port '3121'.
13:08:02 INFO  : Jtag cable 'Digilent Nexys Video 210276A5A706B' is selected.
13:08:02 INFO  : 'jtag frequency' command is executed.
13:08:02 INFO  : 'configparams mdm-detect-bscan-mask 2' command is executed.
13:08:02 INFO  : Context for processor 'microblaze_0' is selected.
13:08:02 INFO  : Processor reset is completed for 'microblaze_0'.
13:08:02 INFO  : Context for processor 'microblaze_0' is selected.
13:08:02 INFO  : The application '/home/jo/Documents/Hepia/Cours/LPSC/Mandelbrot/ips/vivado/ublaze/2018.2/ublaze.sdk/ublaze_soc_led/Debug/ublaze_soc_led.elf' is downloaded to processor 'microblaze_0'.
13:08:02 INFO  : ----------------XSDB Script----------------
connect -url tcp:127.0.0.1:3121
configparams mdm-detect-bscan-mask 2
targets -set -nocase -filter {name =~ "microblaze*#0" && bscan=="USER2"  && jtag_cable_name =~ "Digilent Nexys Video 210276A5A706B"} -index 0
rst -processor
targets -set -nocase -filter {name =~ "microblaze*#0" && bscan=="USER2"  && jtag_cable_name =~ "Digilent Nexys Video 210276A5A706B"} -index 0
dow /home/jo/Documents/Hepia/Cours/LPSC/Mandelbrot/ips/vivado/ublaze/2018.2/ublaze.sdk/ublaze_soc_led/Debug/ublaze_soc_led.elf
----------------End of Script----------------

13:08:02 INFO  : Memory regions updated for context MicroBlaze #0
13:08:02 INFO  : Memory regions updated for context MicroBlaze #0
13:08:02 INFO  : Context for processor 'microblaze_0' is selected.
13:08:02 INFO  : 'con' command is executed.
13:08:02 INFO  : ----------------XSDB Script (After Launch)----------------
targets -set -nocase -filter {name =~ "microblaze*#0" && bscan=="USER2"  && jtag_cable_name =~ "Digilent Nexys Video 210276A5A706B"} -index 0
con
----------------End of Script----------------

13:08:02 INFO  : Launch script is exported to file '/home/jo/Documents/Hepia/Cours/LPSC/Mandelbrot/ips/vivado/ublaze/2018.2/ublaze.sdk/.sdk/launch_scripts/xilinx_c-c++_application_(system_debugger)/system_debugger_using_debug_ublaze_soc_led.elf_on_local.tcl'
13:08:40 INFO  : Disconnected from the channel tcfchan#4.
13:08:41 INFO  : 'targets -set -filter {jtag_cable_name =~ "Digilent Nexys Video 210276A5A706B" && level==0} -index 0' command is executed.
13:08:41 INFO  : 'fpga -state' command is executed.
13:08:41 INFO  : Connected to target on host '127.0.0.1' and port '3121'.
13:08:41 INFO  : Jtag cable 'Digilent Nexys Video 210276A5A706B' is selected.
13:08:41 INFO  : 'jtag frequency' command is executed.
13:08:41 INFO  : 'configparams mdm-detect-bscan-mask 2' command is executed.
13:08:41 INFO  : Context for processor 'microblaze_0' is selected.
13:08:41 INFO  : Processor reset is completed for 'microblaze_0'.
13:08:41 INFO  : Context for processor 'microblaze_0' is selected.
13:08:41 INFO  : The application '/home/jo/Documents/Hepia/Cours/LPSC/Mandelbrot/ips/vivado/ublaze/2018.2/ublaze.sdk/ublaze_soc_led/Debug/ublaze_soc_led.elf' is downloaded to processor 'microblaze_0'.
13:08:41 INFO  : ----------------XSDB Script----------------
connect -url tcp:127.0.0.1:3121
configparams mdm-detect-bscan-mask 2
targets -set -nocase -filter {name =~ "microblaze*#0" && bscan=="USER2"  && jtag_cable_name =~ "Digilent Nexys Video 210276A5A706B"} -index 0
rst -processor
targets -set -nocase -filter {name =~ "microblaze*#0" && bscan=="USER2"  && jtag_cable_name =~ "Digilent Nexys Video 210276A5A706B"} -index 0
dow /home/jo/Documents/Hepia/Cours/LPSC/Mandelbrot/ips/vivado/ublaze/2018.2/ublaze.sdk/ublaze_soc_led/Debug/ublaze_soc_led.elf
----------------End of Script----------------

13:08:41 INFO  : Memory regions updated for context MicroBlaze #0
13:08:41 INFO  : Memory regions updated for context MicroBlaze #0
13:08:41 INFO  : Context for processor 'microblaze_0' is selected.
13:08:41 INFO  : 'con' command is executed.
13:08:41 INFO  : ----------------XSDB Script (After Launch)----------------
targets -set -nocase -filter {name =~ "microblaze*#0" && bscan=="USER2"  && jtag_cable_name =~ "Digilent Nexys Video 210276A5A706B"} -index 0
con
----------------End of Script----------------

13:08:41 INFO  : Launch script is exported to file '/home/jo/Documents/Hepia/Cours/LPSC/Mandelbrot/ips/vivado/ublaze/2018.2/ublaze.sdk/.sdk/launch_scripts/xilinx_c-c++_application_(system_debugger)/system_debugger_using_debug_ublaze_soc_led.elf_on_local.tcl'
13:09:24 INFO  : Disconnected from the channel tcfchan#5.
13:09:25 INFO  : 'targets -set -filter {jtag_cable_name =~ "Digilent Nexys Video 210276A5A706B" && level==0} -index 0' command is executed.
13:09:25 INFO  : 'fpga -state' command is executed.
13:09:25 INFO  : Connected to target on host '127.0.0.1' and port '3121'.
13:09:25 INFO  : Jtag cable 'Digilent Nexys Video 210276A5A706B' is selected.
13:09:25 INFO  : 'jtag frequency' command is executed.
13:09:25 INFO  : 'configparams mdm-detect-bscan-mask 2' command is executed.
13:09:25 INFO  : Context for processor 'microblaze_0' is selected.
13:09:25 INFO  : Processor reset is completed for 'microblaze_0'.
13:09:25 INFO  : Context for processor 'microblaze_0' is selected.
13:09:25 INFO  : The application '/home/jo/Documents/Hepia/Cours/LPSC/Mandelbrot/ips/vivado/ublaze/2018.2/ublaze.sdk/ublaze_soc_led/Debug/ublaze_soc_led.elf' is downloaded to processor 'microblaze_0'.
13:09:25 INFO  : ----------------XSDB Script----------------
connect -url tcp:127.0.0.1:3121
configparams mdm-detect-bscan-mask 2
targets -set -nocase -filter {name =~ "microblaze*#0" && bscan=="USER2"  && jtag_cable_name =~ "Digilent Nexys Video 210276A5A706B"} -index 0
rst -processor
targets -set -nocase -filter {name =~ "microblaze*#0" && bscan=="USER2"  && jtag_cable_name =~ "Digilent Nexys Video 210276A5A706B"} -index 0
dow /home/jo/Documents/Hepia/Cours/LPSC/Mandelbrot/ips/vivado/ublaze/2018.2/ublaze.sdk/ublaze_soc_led/Debug/ublaze_soc_led.elf
----------------End of Script----------------

13:09:25 INFO  : Memory regions updated for context MicroBlaze #0
13:09:25 INFO  : Memory regions updated for context MicroBlaze #0
13:09:25 INFO  : Context for processor 'microblaze_0' is selected.
13:09:25 INFO  : 'con' command is executed.
13:09:25 INFO  : ----------------XSDB Script (After Launch)----------------
targets -set -nocase -filter {name =~ "microblaze*#0" && bscan=="USER2"  && jtag_cable_name =~ "Digilent Nexys Video 210276A5A706B"} -index 0
con
----------------End of Script----------------

13:09:25 INFO  : Launch script is exported to file '/home/jo/Documents/Hepia/Cours/LPSC/Mandelbrot/ips/vivado/ublaze/2018.2/ublaze.sdk/.sdk/launch_scripts/xilinx_c-c++_application_(system_debugger)/system_debugger_using_debug_ublaze_soc_led.elf_on_local.tcl'
13:54:18 INFO  : Disconnected from the channel tcfchan#6.
14:22:19 INFO  : Registering command handlers for SDK TCF services
14:22:20 INFO  : Launching XSCT server: xsct -n -interactive /home/jo/Documents/Hepia/Cours/LPSC/Mandelbrot/ips/vivado/ublaze/2018.2/ublaze.sdk/temp_xsdb_launch_script.tcl
14:22:22 INFO  : XSCT server has started successfully.
14:22:22 INFO  : Successfully done setting XSCT server connection channel  
14:22:22 INFO  : Successfully done setting SDK workspace  
14:22:22 INFO  : Processing command line option -hwspec /home/jo/Documents/Hepia/Cours/LPSC/Mandelbrot/ips/vivado/ublaze/2018.2/ublaze.sdk/ublaze_pinout.hdf.
14:22:22 INFO  : Checking for hwspec changes in the project ublaze_pinout_hw_platform_0.
14:22:23 INFO  : SDK has detected change in the last modified timestamps for source hardware specification file Source:1550063862000,  Project:1550059016000
14:22:23 INFO  : The hardware specification for project 'ublaze_pinout_hw_platform_0' is different from /home/jo/Documents/Hepia/Cours/LPSC/Mandelbrot/ips/vivado/ublaze/2018.2/ublaze.sdk/ublaze_pinout.hdf.
14:22:23 INFO  : Copied contents of /home/jo/Documents/Hepia/Cours/LPSC/Mandelbrot/ips/vivado/ublaze/2018.2/ublaze.sdk/ublaze_pinout.hdf into /ublaze_pinout_hw_platform_0/system.hdf.
14:22:23 INFO  : Synchronizing projects in the workspace with the hardware platform specification changes.
14:22:24 INFO  : 
14:22:25 INFO  : Updating hardware inferred compiler options for ublaze_soc_led.
14:22:25 INFO  : Clearing existing target manager status.
14:22:45 INFO  : 'targets -set -filter {jtag_cable_name =~ "Digilent Nexys Video 210276A5A706B" && level==0} -index 0' command is executed.
14:22:45 INFO  : 'fpga -state' command is executed.
14:22:45 INFO  : Connected to target on host '127.0.0.1' and port '3121'.
14:22:46 INFO  : Jtag cable 'Digilent Nexys Video 210276A5A706B' is selected.
14:22:46 INFO  : 'jtag frequency' command is executed.
14:22:46 INFO  : 'configparams mdm-detect-bscan-mask 2' command is executed.
14:22:46 INFO  : Context for processor 'microblaze_0' is selected.
14:22:46 INFO  : Processor reset is completed for 'microblaze_0'.
14:22:46 INFO  : Context for processor 'microblaze_0' is selected.
14:22:46 INFO  : The application '/home/jo/Documents/Hepia/Cours/LPSC/Mandelbrot/ips/vivado/ublaze/2018.2/ublaze.sdk/ublaze_soc_led/Debug/ublaze_soc_led.elf' is downloaded to processor 'microblaze_0'.
14:22:46 INFO  : ----------------XSDB Script----------------
connect -url tcp:127.0.0.1:3121
configparams mdm-detect-bscan-mask 2
targets -set -nocase -filter {name =~ "microblaze*#0" && bscan=="USER2"  && jtag_cable_name =~ "Digilent Nexys Video 210276A5A706B"} -index 0
rst -processor
targets -set -nocase -filter {name =~ "microblaze*#0" && bscan=="USER2"  && jtag_cable_name =~ "Digilent Nexys Video 210276A5A706B"} -index 0
dow /home/jo/Documents/Hepia/Cours/LPSC/Mandelbrot/ips/vivado/ublaze/2018.2/ublaze.sdk/ublaze_soc_led/Debug/ublaze_soc_led.elf
----------------End of Script----------------

14:22:46 INFO  : Memory regions updated for context MicroBlaze #0
14:22:46 INFO  : Memory regions updated for context MicroBlaze #0
14:22:46 INFO  : Context for processor 'microblaze_0' is selected.
14:22:46 INFO  : 'con' command is executed.
14:22:46 INFO  : ----------------XSDB Script (After Launch)----------------
targets -set -nocase -filter {name =~ "microblaze*#0" && bscan=="USER2"  && jtag_cable_name =~ "Digilent Nexys Video 210276A5A706B"} -index 0
con
----------------End of Script----------------

14:22:46 INFO  : Launch script is exported to file '/home/jo/Documents/Hepia/Cours/LPSC/Mandelbrot/ips/vivado/ublaze/2018.2/ublaze.sdk/.sdk/launch_scripts/xilinx_c-c++_application_(system_debugger)/system_debugger_using_debug_ublaze_soc_led.elf_on_local.tcl'
14:34:31 INFO  : Disconnected from the channel tcfchan#1.
14:54:35 INFO  : Registering command handlers for SDK TCF services
14:54:35 INFO  : Launching XSCT server: xsct -n -interactive /home/jo/Documents/Hepia/Cours/LPSC/Mandelbrot/ips/vivado/ublaze/2018.2/ublaze.sdk/temp_xsdb_launch_script.tcl
14:54:37 INFO  : XSCT server has started successfully.
14:54:37 INFO  : Successfully done setting XSCT server connection channel  
14:54:38 INFO  : Successfully done setting SDK workspace  
14:54:38 INFO  : Processing command line option -hwspec /home/jo/Documents/Hepia/Cours/LPSC/Mandelbrot/ips/vivado/ublaze/2018.2/ublaze.sdk/ublaze_pinout.hdf.
14:54:38 INFO  : Checking for hwspec changes in the project ublaze_pinout_hw_platform_0.
14:54:38 INFO  : SDK has detected change in the last modified timestamps for source hardware specification file Source:1550066006000,  Project:1550063862000
14:54:38 INFO  : The hardware specification for project 'ublaze_pinout_hw_platform_0' is different from /home/jo/Documents/Hepia/Cours/LPSC/Mandelbrot/ips/vivado/ublaze/2018.2/ublaze.sdk/ublaze_pinout.hdf.
14:54:38 INFO  : Copied contents of /home/jo/Documents/Hepia/Cours/LPSC/Mandelbrot/ips/vivado/ublaze/2018.2/ublaze.sdk/ublaze_pinout.hdf into /ublaze_pinout_hw_platform_0/system.hdf.
14:54:39 INFO  : Synchronizing projects in the workspace with the hardware platform specification changes.
14:54:40 INFO  : 
14:54:40 INFO  : Updating hardware inferred compiler options for ublaze_soc_led.
14:54:40 INFO  : Clearing existing target manager status.
14:55:00 INFO  : 'targets -set -filter {jtag_cable_name =~ "Digilent Nexys Video 210276A5A706B" && level==0} -index 0' command is executed.
14:55:00 INFO  : 'fpga -state' command is executed.
14:55:00 INFO  : Connected to target on host '127.0.0.1' and port '3121'.
14:55:01 INFO  : Jtag cable 'Digilent Nexys Video 210276A5A706B' is selected.
14:55:01 INFO  : 'jtag frequency' command is executed.
14:55:01 INFO  : 'configparams mdm-detect-bscan-mask 2' command is executed.
14:55:01 INFO  : Context for processor 'microblaze_0' is selected.
14:55:01 INFO  : Processor reset is completed for 'microblaze_0'.
14:55:01 INFO  : Context for processor 'microblaze_0' is selected.
14:55:01 INFO  : The application '/home/jo/Documents/Hepia/Cours/LPSC/Mandelbrot/ips/vivado/ublaze/2018.2/ublaze.sdk/ublaze_soc_led/Debug/ublaze_soc_led.elf' is downloaded to processor 'microblaze_0'.
14:55:01 INFO  : ----------------XSDB Script----------------
connect -url tcp:127.0.0.1:3121
configparams mdm-detect-bscan-mask 2
targets -set -nocase -filter {name =~ "microblaze*#0" && bscan=="USER2"  && jtag_cable_name =~ "Digilent Nexys Video 210276A5A706B"} -index 0
rst -processor
targets -set -nocase -filter {name =~ "microblaze*#0" && bscan=="USER2"  && jtag_cable_name =~ "Digilent Nexys Video 210276A5A706B"} -index 0
dow /home/jo/Documents/Hepia/Cours/LPSC/Mandelbrot/ips/vivado/ublaze/2018.2/ublaze.sdk/ublaze_soc_led/Debug/ublaze_soc_led.elf
----------------End of Script----------------

14:55:01 INFO  : Memory regions updated for context MicroBlaze #0
14:55:01 INFO  : Memory regions updated for context MicroBlaze #0
14:55:01 INFO  : Context for processor 'microblaze_0' is selected.
14:55:01 INFO  : 'con' command is executed.
14:55:01 INFO  : ----------------XSDB Script (After Launch)----------------
targets -set -nocase -filter {name =~ "microblaze*#0" && bscan=="USER2"  && jtag_cable_name =~ "Digilent Nexys Video 210276A5A706B"} -index 0
con
----------------End of Script----------------

14:55:01 INFO  : Launch script is exported to file '/home/jo/Documents/Hepia/Cours/LPSC/Mandelbrot/ips/vivado/ublaze/2018.2/ublaze.sdk/.sdk/launch_scripts/xilinx_c-c++_application_(system_debugger)/system_debugger_using_debug_ublaze_soc_led.elf_on_local.tcl'
14:59:51 INFO  : Disconnected from the channel tcfchan#1.
15:27:51 INFO  : Registering command handlers for SDK TCF services
15:27:52 INFO  : Launching XSCT server: xsct -n -interactive /home/jo/Documents/Hepia/Cours/LPSC/Mandelbrot/ips/vivado/ublaze/2018.2/ublaze.sdk/temp_xsdb_launch_script.tcl
15:27:54 INFO  : XSCT server has started successfully.
15:27:54 INFO  : Successfully done setting XSCT server connection channel  
15:27:54 INFO  : Successfully done setting SDK workspace  
15:27:54 INFO  : Processing command line option -hwspec /home/jo/Documents/Hepia/Cours/LPSC/Mandelbrot/ips/vivado/ublaze/2018.2/ublaze.sdk/ublaze_pinout.hdf.
15:27:54 INFO  : Checking for hwspec changes in the project ublaze_pinout_hw_platform_0.
15:27:55 INFO  : SDK has detected change in the last modified timestamps for source hardware specification file Source:1550067979000,  Project:1550066006000
15:27:55 INFO  : The hardware specification for project 'ublaze_pinout_hw_platform_0' is different from /home/jo/Documents/Hepia/Cours/LPSC/Mandelbrot/ips/vivado/ublaze/2018.2/ublaze.sdk/ublaze_pinout.hdf.
15:27:55 INFO  : Copied contents of /home/jo/Documents/Hepia/Cours/LPSC/Mandelbrot/ips/vivado/ublaze/2018.2/ublaze.sdk/ublaze_pinout.hdf into /ublaze_pinout_hw_platform_0/system.hdf.
15:27:55 INFO  : Synchronizing projects in the workspace with the hardware platform specification changes.
15:27:56 INFO  : 
15:27:57 INFO  : Updating hardware inferred compiler options for ublaze_soc_led.
15:27:57 INFO  : Clearing existing target manager status.
15:28:20 INFO  : 'targets -set -filter {jtag_cable_name =~ "Digilent Nexys Video 210276A5A706B" && level==0} -index 0' command is executed.
15:28:20 INFO  : 'fpga -state' command is executed.
15:28:20 INFO  : Connected to target on host '127.0.0.1' and port '3121'.
15:28:20 INFO  : Jtag cable 'Digilent Nexys Video 210276A5A706B' is selected.
15:28:20 INFO  : 'jtag frequency' command is executed.
15:28:20 INFO  : 'configparams mdm-detect-bscan-mask 2' command is executed.
15:28:20 INFO  : Context for processor 'microblaze_0' is selected.
15:28:20 INFO  : Processor reset is completed for 'microblaze_0'.
15:28:20 INFO  : Context for processor 'microblaze_0' is selected.
15:28:20 INFO  : The application '/home/jo/Documents/Hepia/Cours/LPSC/Mandelbrot/ips/vivado/ublaze/2018.2/ublaze.sdk/ublaze_soc_led/Debug/ublaze_soc_led.elf' is downloaded to processor 'microblaze_0'.
15:28:20 INFO  : ----------------XSDB Script----------------
connect -url tcp:127.0.0.1:3121
configparams mdm-detect-bscan-mask 2
targets -set -nocase -filter {name =~ "microblaze*#0" && bscan=="USER2"  && jtag_cable_name =~ "Digilent Nexys Video 210276A5A706B"} -index 0
rst -processor
targets -set -nocase -filter {name =~ "microblaze*#0" && bscan=="USER2"  && jtag_cable_name =~ "Digilent Nexys Video 210276A5A706B"} -index 0
dow /home/jo/Documents/Hepia/Cours/LPSC/Mandelbrot/ips/vivado/ublaze/2018.2/ublaze.sdk/ublaze_soc_led/Debug/ublaze_soc_led.elf
----------------End of Script----------------

15:28:20 INFO  : Memory regions updated for context MicroBlaze #0
15:28:20 INFO  : Memory regions updated for context MicroBlaze #0
15:28:20 INFO  : Context for processor 'microblaze_0' is selected.
15:28:20 INFO  : 'con' command is executed.
15:28:20 INFO  : ----------------XSDB Script (After Launch)----------------
targets -set -nocase -filter {name =~ "microblaze*#0" && bscan=="USER2"  && jtag_cable_name =~ "Digilent Nexys Video 210276A5A706B"} -index 0
con
----------------End of Script----------------

15:28:20 INFO  : Launch script is exported to file '/home/jo/Documents/Hepia/Cours/LPSC/Mandelbrot/ips/vivado/ublaze/2018.2/ublaze.sdk/.sdk/launch_scripts/xilinx_c-c++_application_(system_debugger)/system_debugger_using_debug_ublaze_soc_led.elf_on_local.tcl'
15:39:10 INFO  : Disconnected from the channel tcfchan#1.
15:49:04 INFO  : Registering command handlers for SDK TCF services
15:49:04 INFO  : Launching XSCT server: xsct -n -interactive /home/jo/Documents/Hepia/Cours/LPSC/Mandelbrot/ips/vivado/ublaze/2018.2/ublaze.sdk/temp_xsdb_launch_script.tcl
15:49:05 INFO  : XSCT server has started successfully.
15:49:05 INFO  : Successfully done setting XSCT server connection channel  
15:49:05 INFO  : Successfully done setting SDK workspace  
15:49:05 INFO  : Processing command line option -hwspec /home/jo/Documents/Hepia/Cours/LPSC/Mandelbrot/ips/vivado/ublaze/2018.2/ublaze.sdk/ublaze_pinout.hdf.
15:49:06 INFO  : Checking for hwspec changes in the project ublaze_pinout_hw_platform_0.
15:49:06 INFO  : SDK has detected change in the last modified timestamps for source hardware specification file Source:1550069282000,  Project:1550067979000
15:49:06 INFO  : The hardware specification for project 'ublaze_pinout_hw_platform_0' is different from /home/jo/Documents/Hepia/Cours/LPSC/Mandelbrot/ips/vivado/ublaze/2018.2/ublaze.sdk/ublaze_pinout.hdf.
15:49:06 INFO  : Copied contents of /home/jo/Documents/Hepia/Cours/LPSC/Mandelbrot/ips/vivado/ublaze/2018.2/ublaze.sdk/ublaze_pinout.hdf into /ublaze_pinout_hw_platform_0/system.hdf.
15:49:07 INFO  : Synchronizing projects in the workspace with the hardware platform specification changes.
15:49:07 INFO  : 
15:49:08 INFO  : Updating hardware inferred compiler options for ublaze_soc_led.
15:49:08 INFO  : Clearing existing target manager status.
15:49:26 INFO  : 'targets -set -filter {jtag_cable_name =~ "Digilent Nexys Video 210276A5A706B" && level==0} -index 0' command is executed.
15:49:26 INFO  : 'fpga -state' command is executed.
15:49:26 INFO  : Connected to target on host '127.0.0.1' and port '3121'.
15:49:26 INFO  : Jtag cable 'Digilent Nexys Video 210276A5A706B' is selected.
15:49:26 INFO  : 'jtag frequency' command is executed.
15:49:26 INFO  : 'configparams mdm-detect-bscan-mask 2' command is executed.
15:49:26 INFO  : Context for processor 'microblaze_0' is selected.
15:49:26 INFO  : Processor reset is completed for 'microblaze_0'.
15:49:26 INFO  : Context for processor 'microblaze_0' is selected.
15:49:26 INFO  : The application '/home/jo/Documents/Hepia/Cours/LPSC/Mandelbrot/ips/vivado/ublaze/2018.2/ublaze.sdk/ublaze_soc_led/Debug/ublaze_soc_led.elf' is downloaded to processor 'microblaze_0'.
15:49:26 INFO  : ----------------XSDB Script----------------
connect -url tcp:127.0.0.1:3121
configparams mdm-detect-bscan-mask 2
targets -set -nocase -filter {name =~ "microblaze*#0" && bscan=="USER2"  && jtag_cable_name =~ "Digilent Nexys Video 210276A5A706B"} -index 0
rst -processor
targets -set -nocase -filter {name =~ "microblaze*#0" && bscan=="USER2"  && jtag_cable_name =~ "Digilent Nexys Video 210276A5A706B"} -index 0
dow /home/jo/Documents/Hepia/Cours/LPSC/Mandelbrot/ips/vivado/ublaze/2018.2/ublaze.sdk/ublaze_soc_led/Debug/ublaze_soc_led.elf
----------------End of Script----------------

15:49:26 INFO  : Memory regions updated for context MicroBlaze #0
15:49:26 INFO  : Memory regions updated for context MicroBlaze #0
15:49:26 INFO  : Context for processor 'microblaze_0' is selected.
15:49:26 INFO  : 'con' command is executed.
15:49:26 INFO  : ----------------XSDB Script (After Launch)----------------
targets -set -nocase -filter {name =~ "microblaze*#0" && bscan=="USER2"  && jtag_cable_name =~ "Digilent Nexys Video 210276A5A706B"} -index 0
con
----------------End of Script----------------

15:49:26 INFO  : Launch script is exported to file '/home/jo/Documents/Hepia/Cours/LPSC/Mandelbrot/ips/vivado/ublaze/2018.2/ublaze.sdk/.sdk/launch_scripts/xilinx_c-c++_application_(system_debugger)/system_debugger_using_debug_ublaze_soc_led.elf_on_local.tcl'
15:50:12 INFO  : Disconnected from the channel tcfchan#1.
15:50:13 INFO  : 'targets -set -filter {jtag_cable_name =~ "Digilent Nexys Video 210276A5A706B" && level==0} -index 0' command is executed.
15:50:13 INFO  : 'fpga -state' command is executed.
15:50:13 INFO  : Connected to target on host '127.0.0.1' and port '3121'.
15:50:14 INFO  : Jtag cable 'Digilent Nexys Video 210276A5A706B' is selected.
15:50:14 INFO  : 'jtag frequency' command is executed.
15:50:14 INFO  : 'configparams mdm-detect-bscan-mask 2' command is executed.
15:50:14 INFO  : Context for processor 'microblaze_0' is selected.
15:50:14 INFO  : Processor reset is completed for 'microblaze_0'.
15:50:14 INFO  : Context for processor 'microblaze_0' is selected.
15:50:14 INFO  : The application '/home/jo/Documents/Hepia/Cours/LPSC/Mandelbrot/ips/vivado/ublaze/2018.2/ublaze.sdk/ublaze_soc_led/Debug/ublaze_soc_led.elf' is downloaded to processor 'microblaze_0'.
15:50:14 INFO  : ----------------XSDB Script----------------
connect -url tcp:127.0.0.1:3121
configparams mdm-detect-bscan-mask 2
targets -set -nocase -filter {name =~ "microblaze*#0" && bscan=="USER2"  && jtag_cable_name =~ "Digilent Nexys Video 210276A5A706B"} -index 0
rst -processor
targets -set -nocase -filter {name =~ "microblaze*#0" && bscan=="USER2"  && jtag_cable_name =~ "Digilent Nexys Video 210276A5A706B"} -index 0
dow /home/jo/Documents/Hepia/Cours/LPSC/Mandelbrot/ips/vivado/ublaze/2018.2/ublaze.sdk/ublaze_soc_led/Debug/ublaze_soc_led.elf
----------------End of Script----------------

15:50:14 INFO  : Memory regions updated for context MicroBlaze #0
15:50:14 INFO  : Memory regions updated for context MicroBlaze #0
15:50:14 INFO  : Context for processor 'microblaze_0' is selected.
15:50:14 INFO  : 'con' command is executed.
15:50:14 INFO  : ----------------XSDB Script (After Launch)----------------
targets -set -nocase -filter {name =~ "microblaze*#0" && bscan=="USER2"  && jtag_cable_name =~ "Digilent Nexys Video 210276A5A706B"} -index 0
con
----------------End of Script----------------

15:50:14 INFO  : Launch script is exported to file '/home/jo/Documents/Hepia/Cours/LPSC/Mandelbrot/ips/vivado/ublaze/2018.2/ublaze.sdk/.sdk/launch_scripts/xilinx_c-c++_application_(system_debugger)/system_debugger_using_debug_ublaze_soc_led.elf_on_local.tcl'
15:51:04 INFO  : Disconnected from the channel tcfchan#2.
15:51:05 INFO  : 'targets -set -filter {jtag_cable_name =~ "Digilent Nexys Video 210276A5A706B" && level==0} -index 0' command is executed.
15:51:05 INFO  : 'fpga -state' command is executed.
15:51:05 INFO  : Connected to target on host '127.0.0.1' and port '3121'.
15:51:05 INFO  : Jtag cable 'Digilent Nexys Video 210276A5A706B' is selected.
15:51:05 INFO  : 'jtag frequency' command is executed.
15:51:05 INFO  : 'configparams mdm-detect-bscan-mask 2' command is executed.
15:51:05 INFO  : Context for processor 'microblaze_0' is selected.
15:51:05 INFO  : Processor reset is completed for 'microblaze_0'.
15:51:05 INFO  : Context for processor 'microblaze_0' is selected.
15:51:05 INFO  : The application '/home/jo/Documents/Hepia/Cours/LPSC/Mandelbrot/ips/vivado/ublaze/2018.2/ublaze.sdk/ublaze_soc_led/Debug/ublaze_soc_led.elf' is downloaded to processor 'microblaze_0'.
15:51:05 INFO  : ----------------XSDB Script----------------
connect -url tcp:127.0.0.1:3121
configparams mdm-detect-bscan-mask 2
targets -set -nocase -filter {name =~ "microblaze*#0" && bscan=="USER2"  && jtag_cable_name =~ "Digilent Nexys Video 210276A5A706B"} -index 0
rst -processor
targets -set -nocase -filter {name =~ "microblaze*#0" && bscan=="USER2"  && jtag_cable_name =~ "Digilent Nexys Video 210276A5A706B"} -index 0
dow /home/jo/Documents/Hepia/Cours/LPSC/Mandelbrot/ips/vivado/ublaze/2018.2/ublaze.sdk/ublaze_soc_led/Debug/ublaze_soc_led.elf
----------------End of Script----------------

15:51:05 INFO  : Memory regions updated for context MicroBlaze #0
15:51:05 INFO  : Memory regions updated for context MicroBlaze #0
15:51:05 INFO  : Context for processor 'microblaze_0' is selected.
15:51:05 INFO  : 'con' command is executed.
15:51:05 INFO  : ----------------XSDB Script (After Launch)----------------
targets -set -nocase -filter {name =~ "microblaze*#0" && bscan=="USER2"  && jtag_cable_name =~ "Digilent Nexys Video 210276A5A706B"} -index 0
con
----------------End of Script----------------

15:51:05 INFO  : Launch script is exported to file '/home/jo/Documents/Hepia/Cours/LPSC/Mandelbrot/ips/vivado/ublaze/2018.2/ublaze.sdk/.sdk/launch_scripts/xilinx_c-c++_application_(system_debugger)/system_debugger_using_debug_ublaze_soc_led.elf_on_local.tcl'
17:57:39 INFO  : Disconnected from the channel tcfchan#3.
18:10:02 INFO  : Registering command handlers for SDK TCF services
18:10:03 INFO  : Launching XSCT server: xsct -n -interactive /home/jo/Documents/Hepia/Cours/LPSC/Mandelbrot/ips/vivado/ublaze/2018.2/ublaze.sdk/temp_xsdb_launch_script.tcl
18:10:05 INFO  : XSCT server has started successfully.
18:10:05 INFO  : Successfully done setting XSCT server connection channel  
18:10:05 INFO  : Successfully done setting SDK workspace  
18:10:05 INFO  : Processing command line option -hwspec /home/jo/Documents/Hepia/Cours/LPSC/Mandelbrot/ips/vivado/ublaze/2018.2/ublaze.sdk/ublaze_pinout.hdf.
18:10:05 INFO  : Checking for hwspec changes in the project ublaze_pinout_hw_platform_0.
11:51:33 INFO  : Registering command handlers for SDK TCF services
11:51:33 INFO  : Launching XSCT server: xsct -n -interactive /home/jo/Documents/Hepia/Cours/LPSC/Mandelbrot/ips/vivado/ublaze_bkup/2018.2/ublaze.sdk/temp_xsdb_launch_script.tcl
11:51:35 INFO  : XSCT server has started successfully.
11:51:36 INFO  : Successfully done setting XSCT server connection channel  
11:51:36 INFO  : Successfully done setting SDK workspace  
11:51:36 INFO  : Processing command line option -hwspec /home/jo/Documents/Hepia/Cours/LPSC/Mandelbrot/ips/vivado/ublaze_bkup/2018.2/ublaze.sdk/ublaze_pinout.hdf.
11:52:38 ERROR : Unexpected error occurred during generating bsp sources
java.lang.reflect.InvocationTargetException
	at org.eclipse.jface.operation.ModalContext.run(ModalContext.java:398)
	at org.eclipse.jface.dialogs.ProgressMonitorDialog.run(ProgressMonitorDialog.java:481)
	at org.eclipse.ui.internal.progress.ProgressMonitorJobsDialog.run(ProgressMonitorJobsDialog.java:242)
	at org.eclipse.ui.internal.progress.ProgressManager$3.run(ProgressManager.java:895)
	at org.eclipse.swt.custom.BusyIndicator.showWhile(BusyIndicator.java:70)
	at org.eclipse.ui.internal.progress.ProgressManager.busyCursorWhile(ProgressManager.java:930)
	at org.eclipse.ui.internal.progress.ProgressManager.busyCursorWhile(ProgressManager.java:905)
	at org.eclipse.ui.internal.progress.ProgressManager.run(ProgressManager.java:1078)
	at com.xilinx.sdk.sw.ui.handlers.RegenBspSourcesHandler.execute(RegenBspSourcesHandler.java:124)
	at com.xilinx.sdk.sw.ui.handlers.RegenBspSourcesHandler.execute(RegenBspSourcesHandler.java:78)
	at org.eclipse.ui.internal.handlers.HandlerProxy.execute(HandlerProxy.java:295)
	at org.eclipse.ui.internal.handlers.E4HandlerProxy.execute(E4HandlerProxy.java:90)
	at sun.reflect.NativeMethodAccessorImpl.invoke0(Native Method)
	at sun.reflect.NativeMethodAccessorImpl.invoke(NativeMethodAccessorImpl.java:62)
	at sun.reflect.DelegatingMethodAccessorImpl.invoke(DelegatingMethodAccessorImpl.java:43)
	at java.lang.reflect.Method.invoke(Method.java:498)
	at org.eclipse.e4.core.internal.di.MethodRequestor.execute(MethodRequestor.java:55)
	at org.eclipse.e4.core.internal.di.InjectorImpl.invokeUsingClass(InjectorImpl.java:282)
	at org.eclipse.e4.core.internal.di.InjectorImpl.invoke(InjectorImpl.java:264)
	at org.eclipse.e4.core.contexts.ContextInjectionFactory.invoke(ContextInjectionFactory.java:132)
	at org.eclipse.e4.core.commands.internal.HandlerServiceHandler.execute(HandlerServiceHandler.java:152)
	at org.eclipse.core.commands.Command.executeWithChecks(Command.java:494)
	at org.eclipse.core.commands.ParameterizedCommand.executeWithChecks(ParameterizedCommand.java:488)
	at org.eclipse.e4.core.commands.internal.HandlerServiceImpl.executeHandler(HandlerServiceImpl.java:210)
	at org.eclipse.e4.ui.workbench.renderers.swt.HandledContributionItem.executeItem(HandledContributionItem.java:433)
	at org.eclipse.e4.ui.workbench.renderers.swt.AbstractContributionItem.handleWidgetSelection(AbstractContributionItem.java:454)
	at org.eclipse.e4.ui.workbench.renderers.swt.AbstractContributionItem$3.handleEvent(AbstractContributionItem.java:482)
	at org.eclipse.swt.widgets.EventTable.sendEvent(EventTable.java:84)
	at org.eclipse.swt.widgets.Display.sendEvent(Display.java:5219)
	at org.eclipse.swt.widgets.Widget.sendEvent(Widget.java:1340)
	at org.eclipse.swt.widgets.Display.runDeferredEvents(Display.java:4553)
	at org.eclipse.swt.widgets.Display.readAndDispatch(Display.java:4143)
	at org.eclipse.e4.ui.internal.workbench.swt.PartRenderingEngine$4.run(PartRenderingEngine.java:1121)
	at org.eclipse.core.databinding.observable.Realm.runWithDefault(Realm.java:336)
	at org.eclipse.e4.ui.internal.workbench.swt.PartRenderingEngine.run(PartRenderingEngine.java:1022)
	at org.eclipse.e4.ui.internal.workbench.E4Workbench.createAndRunUI(E4Workbench.java:150)
	at org.eclipse.ui.internal.Workbench$5.run(Workbench.java:687)
	at org.eclipse.core.databinding.observable.Realm.runWithDefault(Realm.java:336)
	at org.eclipse.ui.internal.Workbench.createAndRunWorkbench(Workbench.java:604)
	at org.eclipse.ui.PlatformUI.createAndRunWorkbench(PlatformUI.java:148)
	at org.eclipse.ui.internal.ide.application.IDEApplication.start(IDEApplication.java:138)
	at org.eclipse.equinox.internal.app.EclipseAppHandle.run(EclipseAppHandle.java:196)
	at org.eclipse.core.runtime.internal.adaptor.EclipseAppLauncher.runApplication(EclipseAppLauncher.java:134)
	at org.eclipse.core.runtime.internal.adaptor.EclipseAppLauncher.start(EclipseAppLauncher.java:104)
	at org.eclipse.core.runtime.adaptor.EclipseStarter.run(EclipseStarter.java:388)
	at org.eclipse.core.runtime.adaptor.EclipseStarter.run(EclipseStarter.java:243)
	at sun.reflect.NativeMethodAccessorImpl.invoke0(Native Method)
	at sun.reflect.NativeMethodAccessorImpl.invoke(NativeMethodAccessorImpl.java:62)
	at sun.reflect.DelegatingMethodAccessorImpl.invoke(DelegatingMethodAccessorImpl.java:43)
	at java.lang.reflect.Method.invoke(Method.java:498)
	at org.eclipse.equinox.launcher.Main.invokeFramework(Main.java:673)
	at org.eclipse.equinox.launcher.Main.basicRun(Main.java:610)
	at org.eclipse.equinox.launcher.Main.run(Main.java:1519)
	at org.eclipse.equinox.launcher.Main.main(Main.java:1492)
Caused by: java.lang.NullPointerException
	at com.xilinx.sdk.sw.ui.handlers.RegenBspSourcesHandler$1.run(RegenBspSourcesHandler.java:135)
	at org.eclipse.jface.operation.ModalContext$ModalContextThread.run(ModalContext.java:119)
11:57:00 INFO  : Connected to target on host '127.0.0.1' and port '3121'.
11:57:01 INFO  : 'targets -set -filter {jtag_cable_name =~ "Digilent Nexys Video 210276A5A706B" && level==0} -index 0' command is executed.
11:57:08 INFO  : FPGA configured successfully with bitstream "/home/jo/Documents/Hepia/Cours/LPSC/Mandelbrot/ips/vivado/ublaze_bkup/2018.2/ublaze.sdk/ublaze_pinout_hw_platform_1/download.bit"
11:58:09 INFO  : 'targets -set -filter {jtag_cable_name =~ "Digilent Nexys Video 210276A5A706B" && level==0} -index 0' command is executed.
11:58:09 INFO  : 'fpga -state' command is executed.
11:58:09 INFO  : Connected to target on host '127.0.0.1' and port '3121'.
11:58:09 INFO  : Jtag cable 'Digilent Nexys Video 210276A5A706B' is selected.
11:58:09 INFO  : 'jtag frequency' command is executed.
11:58:09 INFO  : 'configparams mdm-detect-bscan-mask 2' command is executed.
11:58:09 INFO  : Context for processor 'ublaze_core' is selected.
11:58:09 INFO  : Processor reset is completed for 'ublaze_core'.
11:58:10 INFO  : Context for processor 'ublaze_core' is selected.
11:58:10 INFO  : The application '/home/jo/Documents/Hepia/Cours/LPSC/Mandelbrot/ips/vivado/ublaze_bkup/2018.2/ublaze.sdk/ublaze_soc/Debug/ublaze_soc.elf' is downloaded to processor 'ublaze_core'.
11:58:10 INFO  : ----------------XSDB Script----------------
connect -url tcp:127.0.0.1:3121
configparams mdm-detect-bscan-mask 2
targets -set -nocase -filter {name =~ "microblaze*#0" && bscan=="USER2"  && jtag_cable_name =~ "Digilent Nexys Video 210276A5A706B"} -index 0
rst -processor
targets -set -nocase -filter {name =~ "microblaze*#0" && bscan=="USER2"  && jtag_cable_name =~ "Digilent Nexys Video 210276A5A706B"} -index 0
dow /home/jo/Documents/Hepia/Cours/LPSC/Mandelbrot/ips/vivado/ublaze_bkup/2018.2/ublaze.sdk/ublaze_soc/Debug/ublaze_soc.elf
----------------End of Script----------------

11:58:10 INFO  : Memory regions updated for context MicroBlaze #0
11:58:10 INFO  : Memory regions updated for context MicroBlaze #0
11:58:10 INFO  : Context for processor 'ublaze_core' is selected.
11:58:10 INFO  : 'con' command is executed.
11:58:10 INFO  : ----------------XSDB Script (After Launch)----------------
targets -set -nocase -filter {name =~ "microblaze*#0" && bscan=="USER2"  && jtag_cable_name =~ "Digilent Nexys Video 210276A5A706B"} -index 0
con
----------------End of Script----------------

11:58:10 INFO  : Launch script is exported to file '/home/jo/Documents/Hepia/Cours/LPSC/Mandelbrot/ips/vivado/ublaze_bkup/2018.2/ublaze.sdk/.sdk/launch_scripts/xilinx_c-c++_application_(system_debugger)/system_debugger_using_debug_ublaze_soc.elf_on_local.tcl'
11:58:28 INFO  : Disconnected from the channel tcfchan#1.
09:55:48 INFO  : Registering command handlers for SDK TCF services
09:55:49 INFO  : Launching XSCT server: xsct -n -interactive /home/jo/Documents/Hepia/Cours/LPSC/Mandelbrot/ips/vivado/ublaze/2018.2/ublaze.sdk/temp_xsdb_launch_script.tcl
09:55:51 INFO  : XSCT server has started successfully.
09:55:51 INFO  : Successfully done setting XSCT server connection channel  
09:55:51 INFO  : Successfully done setting SDK workspace  
09:55:51 INFO  : Processing command line option -hwspec /home/jo/Documents/Hepia/Cours/LPSC/Mandelbrot/ips/vivado/ublaze/2018.2/ublaze.sdk/ublaze_pinout.hdf.
09:56:28 ERROR : Unexpected error occurred during generating bsp sources
java.lang.reflect.InvocationTargetException
	at org.eclipse.jface.operation.ModalContext.run(ModalContext.java:398)
	at org.eclipse.jface.dialogs.ProgressMonitorDialog.run(ProgressMonitorDialog.java:481)
	at org.eclipse.ui.internal.progress.ProgressMonitorJobsDialog.run(ProgressMonitorJobsDialog.java:242)
	at org.eclipse.ui.internal.progress.ProgressManager$3.run(ProgressManager.java:895)
	at org.eclipse.swt.custom.BusyIndicator.showWhile(BusyIndicator.java:70)
	at org.eclipse.ui.internal.progress.ProgressManager.busyCursorWhile(ProgressManager.java:930)
	at org.eclipse.ui.internal.progress.ProgressManager.busyCursorWhile(ProgressManager.java:905)
	at org.eclipse.ui.internal.progress.ProgressManager.run(ProgressManager.java:1078)
	at com.xilinx.sdk.sw.ui.handlers.RegenBspSourcesHandler.execute(RegenBspSourcesHandler.java:124)
	at com.xilinx.sdk.sw.ui.handlers.RegenBspSourcesHandler.execute(RegenBspSourcesHandler.java:78)
	at org.eclipse.ui.internal.handlers.HandlerProxy.execute(HandlerProxy.java:295)
	at org.eclipse.ui.internal.handlers.E4HandlerProxy.execute(E4HandlerProxy.java:90)
	at sun.reflect.NativeMethodAccessorImpl.invoke0(Native Method)
	at sun.reflect.NativeMethodAccessorImpl.invoke(NativeMethodAccessorImpl.java:62)
	at sun.reflect.DelegatingMethodAccessorImpl.invoke(DelegatingMethodAccessorImpl.java:43)
	at java.lang.reflect.Method.invoke(Method.java:498)
	at org.eclipse.e4.core.internal.di.MethodRequestor.execute(MethodRequestor.java:55)
	at org.eclipse.e4.core.internal.di.InjectorImpl.invokeUsingClass(InjectorImpl.java:282)
	at org.eclipse.e4.core.internal.di.InjectorImpl.invoke(InjectorImpl.java:264)
	at org.eclipse.e4.core.contexts.ContextInjectionFactory.invoke(ContextInjectionFactory.java:132)
	at org.eclipse.e4.core.commands.internal.HandlerServiceHandler.execute(HandlerServiceHandler.java:152)
	at org.eclipse.core.commands.Command.executeWithChecks(Command.java:494)
	at org.eclipse.core.commands.ParameterizedCommand.executeWithChecks(ParameterizedCommand.java:488)
	at org.eclipse.e4.core.commands.internal.HandlerServiceImpl.executeHandler(HandlerServiceImpl.java:210)
	at org.eclipse.e4.ui.workbench.renderers.swt.HandledContributionItem.executeItem(HandledContributionItem.java:433)
	at org.eclipse.e4.ui.workbench.renderers.swt.AbstractContributionItem.handleWidgetSelection(AbstractContributionItem.java:454)
	at org.eclipse.e4.ui.workbench.renderers.swt.AbstractContributionItem$3.handleEvent(AbstractContributionItem.java:482)
	at org.eclipse.swt.widgets.EventTable.sendEvent(EventTable.java:84)
	at org.eclipse.swt.widgets.Display.sendEvent(Display.java:5219)
	at org.eclipse.swt.widgets.Widget.sendEvent(Widget.java:1340)
	at org.eclipse.swt.widgets.Display.runDeferredEvents(Display.java:4553)
	at org.eclipse.swt.widgets.Display.readAndDispatch(Display.java:4143)
	at org.eclipse.e4.ui.internal.workbench.swt.PartRenderingEngine$4.run(PartRenderingEngine.java:1121)
	at org.eclipse.core.databinding.observable.Realm.runWithDefault(Realm.java:336)
	at org.eclipse.e4.ui.internal.workbench.swt.PartRenderingEngine.run(PartRenderingEngine.java:1022)
	at org.eclipse.e4.ui.internal.workbench.E4Workbench.createAndRunUI(E4Workbench.java:150)
	at org.eclipse.ui.internal.Workbench$5.run(Workbench.java:687)
	at org.eclipse.core.databinding.observable.Realm.runWithDefault(Realm.java:336)
	at org.eclipse.ui.internal.Workbench.createAndRunWorkbench(Workbench.java:604)
	at org.eclipse.ui.PlatformUI.createAndRunWorkbench(PlatformUI.java:148)
	at org.eclipse.ui.internal.ide.application.IDEApplication.start(IDEApplication.java:138)
	at org.eclipse.equinox.internal.app.EclipseAppHandle.run(EclipseAppHandle.java:196)
	at org.eclipse.core.runtime.internal.adaptor.EclipseAppLauncher.runApplication(EclipseAppLauncher.java:134)
	at org.eclipse.core.runtime.internal.adaptor.EclipseAppLauncher.start(EclipseAppLauncher.java:104)
	at org.eclipse.core.runtime.adaptor.EclipseStarter.run(EclipseStarter.java:388)
	at org.eclipse.core.runtime.adaptor.EclipseStarter.run(EclipseStarter.java:243)
	at sun.reflect.NativeMethodAccessorImpl.invoke0(Native Method)
	at sun.reflect.NativeMethodAccessorImpl.invoke(NativeMethodAccessorImpl.java:62)
	at sun.reflect.DelegatingMethodAccessorImpl.invoke(DelegatingMethodAccessorImpl.java:43)
	at java.lang.reflect.Method.invoke(Method.java:498)
	at org.eclipse.equinox.launcher.Main.invokeFramework(Main.java:673)
	at org.eclipse.equinox.launcher.Main.basicRun(Main.java:610)
	at org.eclipse.equinox.launcher.Main.run(Main.java:1519)
	at org.eclipse.equinox.launcher.Main.main(Main.java:1492)
Caused by: java.lang.NullPointerException
	at com.xilinx.sdk.sw.ui.handlers.RegenBspSourcesHandler$1.run(RegenBspSourcesHandler.java:135)
	at org.eclipse.jface.operation.ModalContext$ModalContextThread.run(ModalContext.java:119)
09:56:36 ERROR : Unexpected error occurred during generating bsp sources
java.lang.reflect.InvocationTargetException
	at org.eclipse.jface.operation.ModalContext.run(ModalContext.java:398)
	at org.eclipse.jface.dialogs.ProgressMonitorDialog.run(ProgressMonitorDialog.java:481)
	at org.eclipse.ui.internal.progress.ProgressMonitorJobsDialog.run(ProgressMonitorJobsDialog.java:242)
	at org.eclipse.ui.internal.progress.ProgressManager$3.run(ProgressManager.java:895)
	at org.eclipse.swt.custom.BusyIndicator.showWhile(BusyIndicator.java:70)
	at org.eclipse.ui.internal.progress.ProgressManager.busyCursorWhile(ProgressManager.java:930)
	at org.eclipse.ui.internal.progress.ProgressManager.busyCursorWhile(ProgressManager.java:905)
	at org.eclipse.ui.internal.progress.ProgressManager.run(ProgressManager.java:1078)
	at com.xilinx.sdk.sw.ui.handlers.RegenBspSourcesHandler.execute(RegenBspSourcesHandler.java:124)
	at com.xilinx.sdk.sw.ui.handlers.RegenBspSourcesHandler.execute(RegenBspSourcesHandler.java:78)
	at org.eclipse.ui.internal.handlers.HandlerProxy.execute(HandlerProxy.java:295)
	at org.eclipse.ui.internal.handlers.E4HandlerProxy.execute(E4HandlerProxy.java:90)
	at sun.reflect.NativeMethodAccessorImpl.invoke0(Native Method)
	at sun.reflect.NativeMethodAccessorImpl.invoke(NativeMethodAccessorImpl.java:62)
	at sun.reflect.DelegatingMethodAccessorImpl.invoke(DelegatingMethodAccessorImpl.java:43)
	at java.lang.reflect.Method.invoke(Method.java:498)
	at org.eclipse.e4.core.internal.di.MethodRequestor.execute(MethodRequestor.java:55)
	at org.eclipse.e4.core.internal.di.InjectorImpl.invokeUsingClass(InjectorImpl.java:282)
	at org.eclipse.e4.core.internal.di.InjectorImpl.invoke(InjectorImpl.java:264)
	at org.eclipse.e4.core.contexts.ContextInjectionFactory.invoke(ContextInjectionFactory.java:132)
	at org.eclipse.e4.core.commands.internal.HandlerServiceHandler.execute(HandlerServiceHandler.java:152)
	at org.eclipse.core.commands.Command.executeWithChecks(Command.java:494)
	at org.eclipse.core.commands.ParameterizedCommand.executeWithChecks(ParameterizedCommand.java:488)
	at org.eclipse.e4.core.commands.internal.HandlerServiceImpl.executeHandler(HandlerServiceImpl.java:210)
	at org.eclipse.e4.ui.workbench.renderers.swt.HandledContributionItem.executeItem(HandledContributionItem.java:433)
	at org.eclipse.e4.ui.workbench.renderers.swt.AbstractContributionItem.handleWidgetSelection(AbstractContributionItem.java:454)
	at org.eclipse.e4.ui.workbench.renderers.swt.AbstractContributionItem$3.handleEvent(AbstractContributionItem.java:482)
	at org.eclipse.swt.widgets.EventTable.sendEvent(EventTable.java:84)
	at org.eclipse.swt.widgets.Display.sendEvent(Display.java:5219)
	at org.eclipse.swt.widgets.Widget.sendEvent(Widget.java:1340)
	at org.eclipse.swt.widgets.Display.runDeferredEvents(Display.java:4553)
	at org.eclipse.swt.widgets.Display.readAndDispatch(Display.java:4143)
	at org.eclipse.e4.ui.internal.workbench.swt.PartRenderingEngine$4.run(PartRenderingEngine.java:1121)
	at org.eclipse.core.databinding.observable.Realm.runWithDefault(Realm.java:336)
	at org.eclipse.e4.ui.internal.workbench.swt.PartRenderingEngine.run(PartRenderingEngine.java:1022)
	at org.eclipse.e4.ui.internal.workbench.E4Workbench.createAndRunUI(E4Workbench.java:150)
	at org.eclipse.ui.internal.Workbench$5.run(Workbench.java:687)
	at org.eclipse.core.databinding.observable.Realm.runWithDefault(Realm.java:336)
	at org.eclipse.ui.internal.Workbench.createAndRunWorkbench(Workbench.java:604)
	at org.eclipse.ui.PlatformUI.createAndRunWorkbench(PlatformUI.java:148)
	at org.eclipse.ui.internal.ide.application.IDEApplication.start(IDEApplication.java:138)
	at org.eclipse.equinox.internal.app.EclipseAppHandle.run(EclipseAppHandle.java:196)
	at org.eclipse.core.runtime.internal.adaptor.EclipseAppLauncher.runApplication(EclipseAppLauncher.java:134)
	at org.eclipse.core.runtime.internal.adaptor.EclipseAppLauncher.start(EclipseAppLauncher.java:104)
	at org.eclipse.core.runtime.adaptor.EclipseStarter.run(EclipseStarter.java:388)
	at org.eclipse.core.runtime.adaptor.EclipseStarter.run(EclipseStarter.java:243)
	at sun.reflect.NativeMethodAccessorImpl.invoke0(Native Method)
	at sun.reflect.NativeMethodAccessorImpl.invoke(NativeMethodAccessorImpl.java:62)
	at sun.reflect.DelegatingMethodAccessorImpl.invoke(DelegatingMethodAccessorImpl.java:43)
	at java.lang.reflect.Method.invoke(Method.java:498)
	at org.eclipse.equinox.launcher.Main.invokeFramework(Main.java:673)
	at org.eclipse.equinox.launcher.Main.basicRun(Main.java:610)
	at org.eclipse.equinox.launcher.Main.run(Main.java:1519)
	at org.eclipse.equinox.launcher.Main.main(Main.java:1492)
Caused by: java.lang.NullPointerException
	at com.xilinx.sdk.sw.ui.handlers.RegenBspSourcesHandler$1.run(RegenBspSourcesHandler.java:135)
	at org.eclipse.jface.operation.ModalContext$ModalContextThread.run(ModalContext.java:119)
09:58:26 INFO  : Connected to target on host '127.0.0.1' and port '3121'.
09:58:26 INFO  : 'targets -set -filter {jtag_cable_name =~ "Digilent Nexys Video 210276724184B" && level==0} -index 0' command is executed.
09:58:32 INFO  : FPGA configured successfully with bitstream "/home/jo/Documents/Hepia/Cours/LPSC/Mandelbrot/ips/vivado/ublaze/2018.2/ublaze.sdk/ublaze_pinout_hw_platform_0/download.bit"
09:58:48 INFO  : 'targets -set -filter {jtag_cable_name =~ "Digilent Nexys Video 210276724184B" && level==0} -index 0' command is executed.
09:58:48 INFO  : 'fpga -state' command is executed.
09:58:48 INFO  : Connected to target on host '127.0.0.1' and port '3121'.
09:58:48 INFO  : Jtag cable 'Digilent Nexys Video 210276724184B' is selected.
09:58:48 INFO  : 'jtag frequency' command is executed.
09:58:48 INFO  : 'configparams mdm-detect-bscan-mask 2' command is executed.
09:58:48 INFO  : Context for processor 'ublaze_core' is selected.
09:58:48 INFO  : Processor reset is completed for 'ublaze_core'.
09:58:48 INFO  : Context for processor 'ublaze_core' is selected.
09:58:48 INFO  : The application '/home/jo/Documents/Hepia/Cours/LPSC/Mandelbrot/ips/vivado/ublaze/2018.2/ublaze.sdk/TestApp/Debug/TestApp.elf' is downloaded to processor 'ublaze_core'.
09:58:48 INFO  : ----------------XSDB Script----------------
connect -url tcp:127.0.0.1:3121
configparams mdm-detect-bscan-mask 2
targets -set -nocase -filter {name =~ "microblaze*#0" && bscan=="USER2"  && jtag_cable_name =~ "Digilent Nexys Video 210276724184B"} -index 0
rst -processor
targets -set -nocase -filter {name =~ "microblaze*#0" && bscan=="USER2"  && jtag_cable_name =~ "Digilent Nexys Video 210276724184B"} -index 0
dow /home/jo/Documents/Hepia/Cours/LPSC/Mandelbrot/ips/vivado/ublaze/2018.2/ublaze.sdk/TestApp/Debug/TestApp.elf
----------------End of Script----------------

09:58:48 INFO  : Memory regions updated for context PA
09:58:48 INFO  : Memory regions updated for context MicroBlaze Debug Module at USER2
09:58:48 INFO  : Context for processor 'ublaze_core' is selected.
09:58:48 INFO  : 'con' command is executed.
09:58:48 INFO  : ----------------XSDB Script (After Launch)----------------
targets -set -nocase -filter {name =~ "microblaze*#0" && bscan=="USER2"  && jtag_cable_name =~ "Digilent Nexys Video 210276724184B"} -index 0
con
----------------End of Script----------------

09:58:48 INFO  : Launch script is exported to file '/home/jo/Documents/Hepia/Cours/LPSC/Mandelbrot/ips/vivado/ublaze/2018.2/ublaze.sdk/.sdk/launch_scripts/xilinx_c-c++_application_(system_debugger)/system_debugger_using_debug_testapp.elf_on_local.tcl'
10:21:32 INFO  : Disconnected from the channel tcfchan#1.
10:33:04 INFO  : Registering command handlers for SDK TCF services
10:33:05 INFO  : Launching XSCT server: xsct -n -interactive /home/jo/Documents/Hepia/Cours/LPSC/Mandelbrot/ips/vivado/ublaze/2018.2/ublaze.sdk/temp_xsdb_launch_script.tcl
10:33:07 INFO  : XSCT server has started successfully.
10:33:07 INFO  : Successfully done setting XSCT server connection channel  
10:33:07 INFO  : Successfully done setting SDK workspace  
10:33:07 INFO  : Processing command line option -hwspec /home/jo/Documents/Hepia/Cours/LPSC/Mandelbrot/ips/vivado/ublaze/2018.2/ublaze.sdk/ublaze_pinout.hdf.
10:33:07 INFO  : Checking for hwspec changes in the project ublaze_pinout_hw_platform_0.
10:33:08 INFO  : SDK has detected change in the last modified timestamps for source hardware specification file Source:1550827924000,  Project:1550825521000
10:33:08 INFO  : The hardware specification for project 'ublaze_pinout_hw_platform_0' is different from /home/jo/Documents/Hepia/Cours/LPSC/Mandelbrot/ips/vivado/ublaze/2018.2/ublaze.sdk/ublaze_pinout.hdf.
10:33:08 INFO  : Copied contents of /home/jo/Documents/Hepia/Cours/LPSC/Mandelbrot/ips/vivado/ublaze/2018.2/ublaze.sdk/ublaze_pinout.hdf into /ublaze_pinout_hw_platform_0/system.hdf.
10:33:09 INFO  : Synchronizing projects in the workspace with the hardware platform specification changes.
10:33:10 INFO  : 
10:34:18 INFO  : Updating hardware inferred compiler options for TestApp.
10:34:18 INFO  : Clearing existing target manager status.
10:34:43 INFO  : 'targets -set -filter {jtag_cable_name =~ "Digilent Nexys Video 210276724184B" && level==0} -index 0' command is executed.
10:34:43 INFO  : 'fpga -state' command is executed.
10:34:43 INFO  : Connected to target on host '127.0.0.1' and port '3121'.
10:34:43 INFO  : Jtag cable 'Digilent Nexys Video 210276724184B' is selected.
10:34:43 INFO  : 'jtag frequency' command is executed.
10:34:43 INFO  : 'configparams mdm-detect-bscan-mask 2' command is executed.
10:34:43 INFO  : Context for processor 'ublaze_core' is selected.
10:34:43 INFO  : Processor reset is completed for 'ublaze_core'.
10:34:43 INFO  : Context for processor 'ublaze_core' is selected.
10:34:43 INFO  : The application '/home/jo/Documents/Hepia/Cours/LPSC/Mandelbrot/ips/vivado/ublaze/2018.2/ublaze.sdk/TestApp/Debug/TestApp.elf' is downloaded to processor 'ublaze_core'.
10:34:43 INFO  : ----------------XSDB Script----------------
connect -url tcp:127.0.0.1:3121
configparams mdm-detect-bscan-mask 2
targets -set -nocase -filter {name =~ "microblaze*#0" && bscan=="USER2"  && jtag_cable_name =~ "Digilent Nexys Video 210276724184B"} -index 0
rst -processor
targets -set -nocase -filter {name =~ "microblaze*#0" && bscan=="USER2"  && jtag_cable_name =~ "Digilent Nexys Video 210276724184B"} -index 0
dow /home/jo/Documents/Hepia/Cours/LPSC/Mandelbrot/ips/vivado/ublaze/2018.2/ublaze.sdk/TestApp/Debug/TestApp.elf
----------------End of Script----------------

10:34:43 INFO  : Memory regions updated for context PA
10:34:43 INFO  : Memory regions updated for context MicroBlaze Debug Module at USER2
10:34:43 INFO  : Context for processor 'ublaze_core' is selected.
10:34:43 INFO  : 'con' command is executed.
10:34:43 INFO  : ----------------XSDB Script (After Launch)----------------
targets -set -nocase -filter {name =~ "microblaze*#0" && bscan=="USER2"  && jtag_cable_name =~ "Digilent Nexys Video 210276724184B"} -index 0
con
----------------End of Script----------------

10:34:43 INFO  : Launch script is exported to file '/home/jo/Documents/Hepia/Cours/LPSC/Mandelbrot/ips/vivado/ublaze/2018.2/ublaze.sdk/.sdk/launch_scripts/xilinx_c-c++_application_(system_debugger)/system_debugger_using_debug_testapp.elf_on_local.tcl'
10:47:02 INFO  : Disconnected from the channel tcfchan#1.
10:58:36 INFO  : Registering command handlers for SDK TCF services
10:58:37 INFO  : Launching XSCT server: xsct -n -interactive /home/jo/Documents/Hepia/Cours/LPSC/Mandelbrot/ips/vivado/ublaze/2018.2/ublaze.sdk/temp_xsdb_launch_script.tcl
10:58:39 INFO  : XSCT server has started successfully.
10:58:39 INFO  : Successfully done setting XSCT server connection channel  
10:58:39 INFO  : Successfully done setting SDK workspace  
10:58:39 INFO  : Processing command line option -hwspec /home/jo/Documents/Hepia/Cours/LPSC/Mandelbrot/ips/vivado/ublaze/2018.2/ublaze.sdk/ublaze_pinout.hdf.
10:58:40 INFO  : Checking for hwspec changes in the project ublaze_pinout_hw_platform_0.
10:58:40 INFO  : SDK has detected change in the last modified timestamps for source hardware specification file Source:1550829365000,  Project:1550827924000
10:58:40 INFO  : The hardware specification for project 'ublaze_pinout_hw_platform_0' is different from /home/jo/Documents/Hepia/Cours/LPSC/Mandelbrot/ips/vivado/ublaze/2018.2/ublaze.sdk/ublaze_pinout.hdf.
10:58:40 INFO  : Copied contents of /home/jo/Documents/Hepia/Cours/LPSC/Mandelbrot/ips/vivado/ublaze/2018.2/ublaze.sdk/ublaze_pinout.hdf into /ublaze_pinout_hw_platform_0/system.hdf.
10:58:40 INFO  : Synchronizing projects in the workspace with the hardware platform specification changes.
10:58:41 INFO  : 
10:58:42 INFO  : Updating hardware inferred compiler options for TestApp.
10:58:42 INFO  : Clearing existing target manager status.
10:59:29 INFO  : 'targets -set -filter {jtag_cable_name =~ "Digilent Nexys Video 210276724184B" && level==0} -index 0' command is executed.
10:59:29 INFO  : 'fpga -state' command is executed.
10:59:29 INFO  : Connected to target on host '127.0.0.1' and port '3121'.
10:59:29 INFO  : Jtag cable 'Digilent Nexys Video 210276724184B' is selected.
10:59:29 INFO  : 'jtag frequency' command is executed.
10:59:29 INFO  : 'configparams mdm-detect-bscan-mask 2' command is executed.
10:59:29 INFO  : Context for processor 'ublaze_core' is selected.
10:59:29 INFO  : Processor reset is completed for 'ublaze_core'.
10:59:29 INFO  : Context for processor 'ublaze_core' is selected.
10:59:29 INFO  : The application '/home/jo/Documents/Hepia/Cours/LPSC/Mandelbrot/ips/vivado/ublaze/2018.2/ublaze.sdk/TestApp/Debug/TestApp.elf' is downloaded to processor 'ublaze_core'.
10:59:29 INFO  : ----------------XSDB Script----------------
connect -url tcp:127.0.0.1:3121
configparams mdm-detect-bscan-mask 2
targets -set -nocase -filter {name =~ "microblaze*#0" && bscan=="USER2"  && jtag_cable_name =~ "Digilent Nexys Video 210276724184B"} -index 0
rst -processor
targets -set -nocase -filter {name =~ "microblaze*#0" && bscan=="USER2"  && jtag_cable_name =~ "Digilent Nexys Video 210276724184B"} -index 0
dow /home/jo/Documents/Hepia/Cours/LPSC/Mandelbrot/ips/vivado/ublaze/2018.2/ublaze.sdk/TestApp/Debug/TestApp.elf
----------------End of Script----------------

10:59:29 INFO  : Memory regions updated for context PA
10:59:29 INFO  : Memory regions updated for context MicroBlaze Debug Module at USER2
10:59:29 INFO  : Context for processor 'ublaze_core' is selected.
10:59:29 INFO  : 'con' command is executed.
10:59:29 INFO  : ----------------XSDB Script (After Launch)----------------
targets -set -nocase -filter {name =~ "microblaze*#0" && bscan=="USER2"  && jtag_cable_name =~ "Digilent Nexys Video 210276724184B"} -index 0
con
----------------End of Script----------------

10:59:29 INFO  : Launch script is exported to file '/home/jo/Documents/Hepia/Cours/LPSC/Mandelbrot/ips/vivado/ublaze/2018.2/ublaze.sdk/.sdk/launch_scripts/xilinx_c-c++_application_(system_debugger)/system_debugger_using_debug_testapp.elf_on_local.tcl'
11:00:08 INFO  : Disconnected from the channel tcfchan#1.
