12:46:25 INFO  : Registering command handlers for SDK TCF services
12:46:26 INFO  : Launching XSCT server: xsct -n -interactive /home/jo/Documents/Hepia/Cours/LPSC/Mandelbrot/designs/vivado/mandelbrot_pinout/2018.2/mandelbrot_pinout.sdk/temp_xsdb_launch_script.tcl
12:46:28 INFO  : XSCT server has started successfully.
12:46:28 INFO  : Successfully done setting XSCT server connection channel  
12:46:28 INFO  : Successfully done setting SDK workspace  
12:46:28 INFO  : Processing command line option -hwspec /home/jo/Documents/Hepia/Cours/LPSC/Mandelbrot/designs/vivado/mandelbrot_pinout/2018.2/mandelbrot_pinout.sdk/mandelbrot_pinout.hdf.
12:48:49 INFO  : 'targets -set -filter {jtag_cable_name =~ "Digilent Nexys Video 210276724184B" && level==0} -index 0' command is executed.
12:48:49 INFO  : 'fpga -state' command is executed.
12:48:49 INFO  : Connected to target on host '127.0.0.1' and port '3121'.
12:48:49 INFO  : Jtag cable 'Digilent Nexys Video 210276724184B' is selected.
12:48:49 INFO  : 'jtag frequency' command is executed.
12:48:49 INFO  : 'configparams mdm-detect-bscan-mask 2' command is executed.
12:48:49 INFO  : Context for processor 'ublaze_core' is selected.
12:48:49 INFO  : Processor reset is completed for 'ublaze_core'.
12:48:49 INFO  : Context for processor 'ublaze_core' is selected.
12:48:49 INFO  : The application '/home/jo/Documents/Hepia/Cours/LPSC/Mandelbrot/designs/vivado/mandelbrot_pinout/2018.2/mandelbrot_pinout.sdk/mandelbrot_pinout/Debug/mandelbrot_pinout.elf' is downloaded to processor 'ublaze_core'.
12:48:49 INFO  : ----------------XSDB Script----------------
connect -url tcp:127.0.0.1:3121
configparams mdm-detect-bscan-mask 2
targets -set -nocase -filter {name =~ "microblaze*#0" && bscan=="USER2"  && jtag_cable_name =~ "Digilent Nexys Video 210276724184B"} -index 0
rst -processor
targets -set -nocase -filter {name =~ "microblaze*#0" && bscan=="USER2"  && jtag_cable_name =~ "Digilent Nexys Video 210276724184B"} -index 0
dow /home/jo/Documents/Hepia/Cours/LPSC/Mandelbrot/designs/vivado/mandelbrot_pinout/2018.2/mandelbrot_pinout.sdk/mandelbrot_pinout/Debug/mandelbrot_pinout.elf
----------------End of Script----------------

12:48:49 INFO  : Memory regions updated for context PA
12:48:49 INFO  : Memory regions updated for context MicroBlaze Debug Module at USER2
12:48:49 INFO  : Context for processor 'ublaze_core' is selected.
12:48:49 INFO  : 'con' command is executed.
12:48:49 INFO  : ----------------XSDB Script (After Launch)----------------
targets -set -nocase -filter {name =~ "microblaze*#0" && bscan=="USER2"  && jtag_cable_name =~ "Digilent Nexys Video 210276724184B"} -index 0
con
----------------End of Script----------------

12:48:49 INFO  : Launch script is exported to file '/home/jo/Documents/Hepia/Cours/LPSC/Mandelbrot/designs/vivado/mandelbrot_pinout/2018.2/mandelbrot_pinout.sdk/.sdk/launch_scripts/xilinx_c-c++_application_(system_debugger)/system_debugger_using_debug_mandelbrot_pinout.elf_on_local.tcl'
13:07:18 INFO  : Disconnected from the channel tcfchan#1.
13:48:57 INFO  : Registering command handlers for SDK TCF services
13:48:58 INFO  : Launching XSCT server: xsct -n -interactive /home/jo/Documents/Hepia/Cours/LPSC/Mandelbrot/designs/vivado/mandelbrot_pinout/2018.2/mandelbrot_pinout.sdk/temp_xsdb_launch_script.tcl
13:49:00 INFO  : XSCT server has started successfully.
13:49:00 INFO  : Successfully done setting XSCT server connection channel  
13:49:00 INFO  : Successfully done setting SDK workspace  
13:49:00 INFO  : Processing command line option -hwspec /home/jo/Documents/Hepia/Cours/LPSC/Mandelbrot/designs/vivado/mandelbrot_pinout/2018.2/mandelbrot_pinout.sdk/mandelbrot_pinout.hdf.
13:49:00 INFO  : Checking for hwspec changes in the project mandelbrot_pinout_hw_platform_0.
13:49:01 INFO  : SDK has detected change in the last modified timestamps for source hardware specification file Source:1550666860000,  Project:1550662906000
13:49:01 INFO  : The hardware specification for project 'mandelbrot_pinout_hw_platform_0' is different from /home/jo/Documents/Hepia/Cours/LPSC/Mandelbrot/designs/vivado/mandelbrot_pinout/2018.2/mandelbrot_pinout.sdk/mandelbrot_pinout.hdf.
13:49:01 INFO  : Copied contents of /home/jo/Documents/Hepia/Cours/LPSC/Mandelbrot/designs/vivado/mandelbrot_pinout/2018.2/mandelbrot_pinout.sdk/mandelbrot_pinout.hdf into /mandelbrot_pinout_hw_platform_0/system.hdf.
13:49:01 INFO  : Synchronizing projects in the workspace with the hardware platform specification changes.
13:49:02 INFO  : 
13:49:03 INFO  : Updating hardware inferred compiler options for mandelbrot_pinout.
13:49:03 INFO  : Clearing existing target manager status.
13:49:23 INFO  : 'targets -set -filter {jtag_cable_name =~ "Digilent Nexys Video 210276724184B" && level==0} -index 0' command is executed.
13:49:23 INFO  : 'fpga -state' command is executed.
13:49:23 INFO  : Connected to target on host '127.0.0.1' and port '3121'.
13:49:23 INFO  : Jtag cable 'Digilent Nexys Video 210276724184B' is selected.
13:49:23 INFO  : 'jtag frequency' command is executed.
13:49:23 INFO  : 'configparams mdm-detect-bscan-mask 2' command is executed.
13:49:23 INFO  : Context for processor 'ublaze_core' is selected.
13:49:23 INFO  : Processor reset is completed for 'ublaze_core'.
13:49:23 INFO  : Context for processor 'ublaze_core' is selected.
13:49:23 INFO  : The application '/home/jo/Documents/Hepia/Cours/LPSC/Mandelbrot/designs/vivado/mandelbrot_pinout/2018.2/mandelbrot_pinout.sdk/mandelbrot_pinout/Debug/mandelbrot_pinout.elf' is downloaded to processor 'ublaze_core'.
13:49:23 INFO  : ----------------XSDB Script----------------
connect -url tcp:127.0.0.1:3121
configparams mdm-detect-bscan-mask 2
targets -set -nocase -filter {name =~ "microblaze*#0" && bscan=="USER2"  && jtag_cable_name =~ "Digilent Nexys Video 210276724184B"} -index 0
rst -processor
targets -set -nocase -filter {name =~ "microblaze*#0" && bscan=="USER2"  && jtag_cable_name =~ "Digilent Nexys Video 210276724184B"} -index 0
dow /home/jo/Documents/Hepia/Cours/LPSC/Mandelbrot/designs/vivado/mandelbrot_pinout/2018.2/mandelbrot_pinout.sdk/mandelbrot_pinout/Debug/mandelbrot_pinout.elf
----------------End of Script----------------

13:49:23 INFO  : Memory regions updated for context PA
13:49:23 INFO  : Memory regions updated for context MicroBlaze Debug Module at USER2
13:49:23 INFO  : Context for processor 'ublaze_core' is selected.
13:49:23 INFO  : 'con' command is executed.
13:49:23 INFO  : ----------------XSDB Script (After Launch)----------------
targets -set -nocase -filter {name =~ "microblaze*#0" && bscan=="USER2"  && jtag_cable_name =~ "Digilent Nexys Video 210276724184B"} -index 0
con
----------------End of Script----------------

13:49:23 INFO  : Launch script is exported to file '/home/jo/Documents/Hepia/Cours/LPSC/Mandelbrot/designs/vivado/mandelbrot_pinout/2018.2/mandelbrot_pinout.sdk/.sdk/launch_scripts/xilinx_c-c++_application_(system_debugger)/system_debugger_using_debug_mandelbrot_pinout.elf_on_local.tcl'
13:57:43 INFO  : Disconnected from the channel tcfchan#1.
14:04:13 INFO  : Registering command handlers for SDK TCF services
14:04:14 INFO  : Launching XSCT server: xsct -n -interactive /home/jo/Documents/Hepia/Cours/LPSC/Mandelbrot/designs/vivado/mandelbrot_pinout/2018.2/mandelbrot_pinout.sdk/temp_xsdb_launch_script.tcl
14:04:16 INFO  : XSCT server has started successfully.
14:04:16 INFO  : Successfully done setting XSCT server connection channel  
14:04:16 INFO  : Successfully done setting SDK workspace  
14:04:16 INFO  : Processing command line option -hwspec /home/jo/Documents/Hepia/Cours/LPSC/Mandelbrot/designs/vivado/mandelbrot_pinout/2018.2/mandelbrot_pinout.sdk/mandelbrot_pinout.hdf.
14:04:16 INFO  : Checking for hwspec changes in the project mandelbrot_pinout_hw_platform_0.
14:04:17 INFO  : SDK has detected change in the last modified timestamps for source hardware specification file Source:1550667797000,  Project:1550666860000
14:04:17 INFO  : The hardware specification for project 'mandelbrot_pinout_hw_platform_0' is different from /home/jo/Documents/Hepia/Cours/LPSC/Mandelbrot/designs/vivado/mandelbrot_pinout/2018.2/mandelbrot_pinout.sdk/mandelbrot_pinout.hdf.
14:04:17 INFO  : Copied contents of /home/jo/Documents/Hepia/Cours/LPSC/Mandelbrot/designs/vivado/mandelbrot_pinout/2018.2/mandelbrot_pinout.sdk/mandelbrot_pinout.hdf into /mandelbrot_pinout_hw_platform_0/system.hdf.
14:04:17 INFO  : Synchronizing projects in the workspace with the hardware platform specification changes.
14:04:18 INFO  : 
14:04:19 INFO  : Updating hardware inferred compiler options for mandelbrot_pinout.
14:04:19 INFO  : Clearing existing target manager status.
14:04:34 INFO  : 'targets -set -filter {jtag_cable_name =~ "Digilent Nexys Video 210276724184B" && level==0} -index 0' command is executed.
14:04:34 INFO  : 'fpga -state' command is executed.
14:04:34 INFO  : Connected to target on host '127.0.0.1' and port '3121'.
14:04:34 INFO  : Jtag cable 'Digilent Nexys Video 210276724184B' is selected.
14:04:34 INFO  : 'jtag frequency' command is executed.
14:04:34 INFO  : 'configparams mdm-detect-bscan-mask 2' command is executed.
14:04:34 INFO  : Context for processor 'ublaze_core' is selected.
14:04:34 INFO  : Processor reset is completed for 'ublaze_core'.
14:04:34 INFO  : Context for processor 'ublaze_core' is selected.
14:04:34 INFO  : The application '/home/jo/Documents/Hepia/Cours/LPSC/Mandelbrot/designs/vivado/mandelbrot_pinout/2018.2/mandelbrot_pinout.sdk/mandelbrot_pinout/Debug/mandelbrot_pinout.elf' is downloaded to processor 'ublaze_core'.
14:04:34 INFO  : ----------------XSDB Script----------------
connect -url tcp:127.0.0.1:3121
configparams mdm-detect-bscan-mask 2
targets -set -nocase -filter {name =~ "microblaze*#0" && bscan=="USER2"  && jtag_cable_name =~ "Digilent Nexys Video 210276724184B"} -index 0
rst -processor
targets -set -nocase -filter {name =~ "microblaze*#0" && bscan=="USER2"  && jtag_cable_name =~ "Digilent Nexys Video 210276724184B"} -index 0
dow /home/jo/Documents/Hepia/Cours/LPSC/Mandelbrot/designs/vivado/mandelbrot_pinout/2018.2/mandelbrot_pinout.sdk/mandelbrot_pinout/Debug/mandelbrot_pinout.elf
----------------End of Script----------------

14:04:34 INFO  : Memory regions updated for context PA
14:04:34 INFO  : Memory regions updated for context MicroBlaze Debug Module at USER2
14:04:35 INFO  : Context for processor 'ublaze_core' is selected.
14:04:35 INFO  : 'con' command is executed.
14:04:35 INFO  : ----------------XSDB Script (After Launch)----------------
targets -set -nocase -filter {name =~ "microblaze*#0" && bscan=="USER2"  && jtag_cable_name =~ "Digilent Nexys Video 210276724184B"} -index 0
con
----------------End of Script----------------

14:04:35 INFO  : Launch script is exported to file '/home/jo/Documents/Hepia/Cours/LPSC/Mandelbrot/designs/vivado/mandelbrot_pinout/2018.2/mandelbrot_pinout.sdk/.sdk/launch_scripts/xilinx_c-c++_application_(system_debugger)/system_debugger_using_debug_mandelbrot_pinout.elf_on_local.tcl'
14:10:05 INFO  : Disconnected from the channel tcfchan#1.
14:22:01 INFO  : Registering command handlers for SDK TCF services
14:22:02 INFO  : Launching XSCT server: xsct -n -interactive /home/jo/Documents/Hepia/Cours/LPSC/Mandelbrot/designs/vivado/mandelbrot_pinout/2018.2/mandelbrot_pinout.sdk/temp_xsdb_launch_script.tcl
14:22:04 INFO  : XSCT server has started successfully.
14:22:04 INFO  : Successfully done setting XSCT server connection channel  
14:22:04 INFO  : Successfully done setting SDK workspace  
14:22:04 INFO  : Processing command line option -hwspec /home/jo/Documents/Hepia/Cours/LPSC/Mandelbrot/designs/vivado/mandelbrot_pinout/2018.2/mandelbrot_pinout.sdk/mandelbrot_pinout.hdf.
14:22:04 INFO  : Checking for hwspec changes in the project mandelbrot_pinout_hw_platform_0.
14:22:05 INFO  : SDK has detected change in the last modified timestamps for source hardware specification file Source:1550668804000,  Project:1550667797000
14:22:05 INFO  : The hardware specification for project 'mandelbrot_pinout_hw_platform_0' is different from /home/jo/Documents/Hepia/Cours/LPSC/Mandelbrot/designs/vivado/mandelbrot_pinout/2018.2/mandelbrot_pinout.sdk/mandelbrot_pinout.hdf.
14:22:05 INFO  : Copied contents of /home/jo/Documents/Hepia/Cours/LPSC/Mandelbrot/designs/vivado/mandelbrot_pinout/2018.2/mandelbrot_pinout.sdk/mandelbrot_pinout.hdf into /mandelbrot_pinout_hw_platform_0/system.hdf.
14:22:05 INFO  : Synchronizing projects in the workspace with the hardware platform specification changes.
14:22:06 INFO  : 
14:22:07 INFO  : Updating hardware inferred compiler options for mandelbrot_pinout.
14:22:07 INFO  : Clearing existing target manager status.
14:25:14 INFO  : 'targets -set -filter {jtag_cable_name =~ "Digilent Nexys Video 210276724184B" && level==0} -index 0' command is executed.
14:25:14 INFO  : 'fpga -state' command is executed.
14:25:14 INFO  : Connected to target on host '127.0.0.1' and port '3121'.
14:25:14 INFO  : Jtag cable 'Digilent Nexys Video 210276724184B' is selected.
14:25:14 INFO  : 'jtag frequency' command is executed.
14:25:14 INFO  : 'configparams mdm-detect-bscan-mask 2' command is executed.
14:25:14 INFO  : Context for processor 'ublaze_core' is selected.
14:25:14 INFO  : Processor reset is completed for 'ublaze_core'.
14:25:14 INFO  : Context for processor 'ublaze_core' is selected.
14:25:15 INFO  : The application '/home/jo/Documents/Hepia/Cours/LPSC/Mandelbrot/designs/vivado/mandelbrot_pinout/2018.2/mandelbrot_pinout.sdk/mandelbrot_pinout/Debug/mandelbrot_pinout.elf' is downloaded to processor 'ublaze_core'.
14:25:15 INFO  : ----------------XSDB Script----------------
connect -url tcp:127.0.0.1:3121
configparams mdm-detect-bscan-mask 2
targets -set -nocase -filter {name =~ "microblaze*#0" && bscan=="USER2"  && jtag_cable_name =~ "Digilent Nexys Video 210276724184B"} -index 0
rst -processor
targets -set -nocase -filter {name =~ "microblaze*#0" && bscan=="USER2"  && jtag_cable_name =~ "Digilent Nexys Video 210276724184B"} -index 0
dow /home/jo/Documents/Hepia/Cours/LPSC/Mandelbrot/designs/vivado/mandelbrot_pinout/2018.2/mandelbrot_pinout.sdk/mandelbrot_pinout/Debug/mandelbrot_pinout.elf
----------------End of Script----------------

14:25:15 INFO  : Memory regions updated for context PA
14:25:15 INFO  : Memory regions updated for context MicroBlaze Debug Module at USER2
14:25:15 INFO  : Context for processor 'ublaze_core' is selected.
14:25:15 INFO  : 'con' command is executed.
14:25:15 INFO  : ----------------XSDB Script (After Launch)----------------
targets -set -nocase -filter {name =~ "microblaze*#0" && bscan=="USER2"  && jtag_cable_name =~ "Digilent Nexys Video 210276724184B"} -index 0
con
----------------End of Script----------------

14:25:15 INFO  : Launch script is exported to file '/home/jo/Documents/Hepia/Cours/LPSC/Mandelbrot/designs/vivado/mandelbrot_pinout/2018.2/mandelbrot_pinout.sdk/.sdk/launch_scripts/xilinx_c-c++_application_(system_debugger)/system_debugger_using_debug_mandelbrot_pinout.elf_on_local.tcl'
14:29:27 INFO  : Disconnected from the channel tcfchan#1.
14:39:53 INFO  : Registering command handlers for SDK TCF services
14:39:54 INFO  : Launching XSCT server: xsct -n -interactive /home/jo/Documents/Hepia/Cours/LPSC/Mandelbrot/designs/vivado/mandelbrot_pinout/2018.2/mandelbrot_pinout.sdk/temp_xsdb_launch_script.tcl
14:39:56 INFO  : XSCT server has started successfully.
14:39:56 INFO  : Successfully done setting XSCT server connection channel  
14:39:56 INFO  : Successfully done setting SDK workspace  
14:39:56 INFO  : Processing command line option -hwspec /home/jo/Documents/Hepia/Cours/LPSC/Mandelbrot/designs/vivado/mandelbrot_pinout/2018.2/mandelbrot_pinout.sdk/mandelbrot_pinout.hdf.
14:39:56 INFO  : Checking for hwspec changes in the project mandelbrot_pinout_hw_platform_0.
14:39:57 INFO  : SDK has detected change in the last modified timestamps for source hardware specification file Source:1550669884000,  Project:1550668804000
14:39:57 INFO  : The hardware specification for project 'mandelbrot_pinout_hw_platform_0' is different from /home/jo/Documents/Hepia/Cours/LPSC/Mandelbrot/designs/vivado/mandelbrot_pinout/2018.2/mandelbrot_pinout.sdk/mandelbrot_pinout.hdf.
14:39:57 INFO  : Copied contents of /home/jo/Documents/Hepia/Cours/LPSC/Mandelbrot/designs/vivado/mandelbrot_pinout/2018.2/mandelbrot_pinout.sdk/mandelbrot_pinout.hdf into /mandelbrot_pinout_hw_platform_0/system.hdf.
14:39:57 INFO  : Synchronizing projects in the workspace with the hardware platform specification changes.
14:39:58 INFO  : 
14:39:59 INFO  : Updating hardware inferred compiler options for mandelbrot_pinout.
14:39:59 INFO  : Clearing existing target manager status.
14:40:23 INFO  : 'targets -set -filter {jtag_cable_name =~ "Digilent Nexys Video 210276724184B" && level==0} -index 0' command is executed.
14:40:23 INFO  : 'fpga -state' command is executed.
14:40:23 INFO  : Connected to target on host '127.0.0.1' and port '3121'.
14:40:23 INFO  : Jtag cable 'Digilent Nexys Video 210276724184B' is selected.
14:40:23 INFO  : 'jtag frequency' command is executed.
14:40:23 INFO  : 'configparams mdm-detect-bscan-mask 2' command is executed.
14:40:23 INFO  : Context for processor 'ublaze_core' is selected.
14:40:23 INFO  : Processor reset is completed for 'ublaze_core'.
14:40:23 INFO  : Context for processor 'ublaze_core' is selected.
14:40:23 INFO  : The application '/home/jo/Documents/Hepia/Cours/LPSC/Mandelbrot/designs/vivado/mandelbrot_pinout/2018.2/mandelbrot_pinout.sdk/mandelbrot_pinout/Debug/mandelbrot_pinout.elf' is downloaded to processor 'ublaze_core'.
14:40:23 INFO  : ----------------XSDB Script----------------
connect -url tcp:127.0.0.1:3121
configparams mdm-detect-bscan-mask 2
targets -set -nocase -filter {name =~ "microblaze*#0" && bscan=="USER2"  && jtag_cable_name =~ "Digilent Nexys Video 210276724184B"} -index 0
rst -processor
targets -set -nocase -filter {name =~ "microblaze*#0" && bscan=="USER2"  && jtag_cable_name =~ "Digilent Nexys Video 210276724184B"} -index 0
dow /home/jo/Documents/Hepia/Cours/LPSC/Mandelbrot/designs/vivado/mandelbrot_pinout/2018.2/mandelbrot_pinout.sdk/mandelbrot_pinout/Debug/mandelbrot_pinout.elf
----------------End of Script----------------

14:40:23 INFO  : Memory regions updated for context PA
14:40:23 INFO  : Memory regions updated for context MicroBlaze Debug Module at USER2
14:40:23 INFO  : Context for processor 'ublaze_core' is selected.
14:40:23 INFO  : 'con' command is executed.
14:40:23 INFO  : ----------------XSDB Script (After Launch)----------------
targets -set -nocase -filter {name =~ "microblaze*#0" && bscan=="USER2"  && jtag_cable_name =~ "Digilent Nexys Video 210276724184B"} -index 0
con
----------------End of Script----------------

14:40:23 INFO  : Launch script is exported to file '/home/jo/Documents/Hepia/Cours/LPSC/Mandelbrot/designs/vivado/mandelbrot_pinout/2018.2/mandelbrot_pinout.sdk/.sdk/launch_scripts/xilinx_c-c++_application_(system_debugger)/system_debugger_using_debug_mandelbrot_pinout.elf_on_local.tcl'
14:44:22 INFO  : Disconnected from the channel tcfchan#1.
14:44:23 INFO  : 'targets -set -filter {jtag_cable_name =~ "Digilent Nexys Video 210276724184B" && level==0} -index 0' command is executed.
14:44:23 INFO  : 'fpga -state' command is executed.
14:44:23 INFO  : Connected to target on host '127.0.0.1' and port '3121'.
14:44:23 INFO  : Jtag cable 'Digilent Nexys Video 210276724184B' is selected.
14:44:23 INFO  : 'jtag frequency' command is executed.
14:44:23 INFO  : 'configparams mdm-detect-bscan-mask 2' command is executed.
14:44:23 INFO  : Context for processor 'ublaze_core' is selected.
14:44:23 INFO  : Processor reset is completed for 'ublaze_core'.
14:44:23 INFO  : Context for processor 'ublaze_core' is selected.
14:44:23 INFO  : The application '/home/jo/Documents/Hepia/Cours/LPSC/Mandelbrot/designs/vivado/mandelbrot_pinout/2018.2/mandelbrot_pinout.sdk/mandelbrot_pinout/Debug/mandelbrot_pinout.elf' is downloaded to processor 'ublaze_core'.
14:44:23 INFO  : ----------------XSDB Script----------------
connect -url tcp:127.0.0.1:3121
configparams mdm-detect-bscan-mask 2
targets -set -nocase -filter {name =~ "microblaze*#0" && bscan=="USER2"  && jtag_cable_name =~ "Digilent Nexys Video 210276724184B"} -index 0
rst -processor
targets -set -nocase -filter {name =~ "microblaze*#0" && bscan=="USER2"  && jtag_cable_name =~ "Digilent Nexys Video 210276724184B"} -index 0
dow /home/jo/Documents/Hepia/Cours/LPSC/Mandelbrot/designs/vivado/mandelbrot_pinout/2018.2/mandelbrot_pinout.sdk/mandelbrot_pinout/Debug/mandelbrot_pinout.elf
----------------End of Script----------------

14:44:23 INFO  : Memory regions updated for context PA
14:44:23 INFO  : Memory regions updated for context MicroBlaze Debug Module at USER2
14:44:23 INFO  : Context for processor 'ublaze_core' is selected.
14:44:23 INFO  : 'con' command is executed.
14:44:23 INFO  : ----------------XSDB Script (After Launch)----------------
targets -set -nocase -filter {name =~ "microblaze*#0" && bscan=="USER2"  && jtag_cable_name =~ "Digilent Nexys Video 210276724184B"} -index 0
con
----------------End of Script----------------

14:44:23 INFO  : Launch script is exported to file '/home/jo/Documents/Hepia/Cours/LPSC/Mandelbrot/designs/vivado/mandelbrot_pinout/2018.2/mandelbrot_pinout.sdk/.sdk/launch_scripts/xilinx_c-c++_application_(system_debugger)/system_debugger_using_debug_mandelbrot_pinout.elf_on_local.tcl'
19:37:14 INFO  : Disconnected from the channel tcfchan#2.
14:02:43 INFO  : Registering command handlers for SDK TCF services
14:02:44 INFO  : Launching XSCT server: xsct -n -interactive /home/jo/Documents/Hepia/Cours/LPSC/Mandelbrot/designs/vivado/mandelbrot_pinout/2018.2/mandelbrot_pinout.sdk/temp_xsdb_launch_script.tcl
14:02:45 INFO  : XSCT server has started successfully.
14:02:45 INFO  : Successfully done setting XSCT server connection channel  
14:02:45 INFO  : Successfully done setting SDK workspace  
14:02:45 INFO  : Processing command line option -hwspec /home/jo/Documents/Hepia/Cours/LPSC/Mandelbrot/designs/vivado/mandelbrot_pinout/2018.2/mandelbrot_pinout.sdk/mandelbrot_pinout.hdf.
14:02:45 INFO  : Checking for hwspec changes in the project mandelbrot_pinout_hw_platform_0.
14:02:46 INFO  : SDK has detected change in the last modified timestamps for source hardware specification file Source:1550840385000,  Project:1550669884000
14:02:46 INFO  : The hardware specification for project 'mandelbrot_pinout_hw_platform_0' is different from /home/jo/Documents/Hepia/Cours/LPSC/Mandelbrot/designs/vivado/mandelbrot_pinout/2018.2/mandelbrot_pinout.sdk/mandelbrot_pinout.hdf.
14:02:46 INFO  : Copied contents of /home/jo/Documents/Hepia/Cours/LPSC/Mandelbrot/designs/vivado/mandelbrot_pinout/2018.2/mandelbrot_pinout.sdk/mandelbrot_pinout.hdf into /mandelbrot_pinout_hw_platform_0/system.hdf.
14:02:46 INFO  : Synchronizing projects in the workspace with the hardware platform specification changes.
14:02:47 INFO  : 
14:02:48 INFO  : Updating hardware inferred compiler options for mandelbrot_pinout.
14:02:48 INFO  : Clearing existing target manager status.
14:03:09 INFO  : 'targets -set -filter {jtag_cable_name =~ "Digilent Nexys Video 210276724184B" && level==0} -index 0' command is executed.
14:03:10 INFO  : 'fpga -state' command is executed.
14:03:10 INFO  : Connected to target on host '127.0.0.1' and port '3121'.
14:03:10 INFO  : Jtag cable 'Digilent Nexys Video 210276724184B' is selected.
14:03:10 INFO  : 'jtag frequency' command is executed.
14:03:10 INFO  : 'configparams mdm-detect-bscan-mask 2' command is executed.
14:03:10 INFO  : Context for processor 'ublaze_core' is selected.
14:03:10 INFO  : Processor reset is completed for 'ublaze_core'.
14:03:10 INFO  : Context for processor 'ublaze_core' is selected.
14:03:10 INFO  : The application '/home/jo/Documents/Hepia/Cours/LPSC/Mandelbrot/designs/vivado/mandelbrot_pinout/2018.2/mandelbrot_pinout.sdk/mandelbrot_pinout/Debug/mandelbrot_pinout.elf' is downloaded to processor 'ublaze_core'.
14:03:10 INFO  : ----------------XSDB Script----------------
connect -url tcp:127.0.0.1:3121
configparams mdm-detect-bscan-mask 2
targets -set -nocase -filter {name =~ "microblaze*#0" && bscan=="USER2"  && jtag_cable_name =~ "Digilent Nexys Video 210276724184B"} -index 0
rst -processor
targets -set -nocase -filter {name =~ "microblaze*#0" && bscan=="USER2"  && jtag_cable_name =~ "Digilent Nexys Video 210276724184B"} -index 0
dow /home/jo/Documents/Hepia/Cours/LPSC/Mandelbrot/designs/vivado/mandelbrot_pinout/2018.2/mandelbrot_pinout.sdk/mandelbrot_pinout/Debug/mandelbrot_pinout.elf
----------------End of Script----------------

14:03:10 INFO  : Memory regions updated for context PA
14:03:10 INFO  : Memory regions updated for context MicroBlaze Debug Module at USER2
14:03:10 INFO  : Context for processor 'ublaze_core' is selected.
14:03:10 INFO  : 'con' command is executed.
14:03:10 INFO  : ----------------XSDB Script (After Launch)----------------
targets -set -nocase -filter {name =~ "microblaze*#0" && bscan=="USER2"  && jtag_cable_name =~ "Digilent Nexys Video 210276724184B"} -index 0
con
----------------End of Script----------------

14:03:10 INFO  : Launch script is exported to file '/home/jo/Documents/Hepia/Cours/LPSC/Mandelbrot/designs/vivado/mandelbrot_pinout/2018.2/mandelbrot_pinout.sdk/.sdk/launch_scripts/xilinx_c-c++_application_(system_debugger)/system_debugger_using_debug_mandelbrot_pinout.elf_on_local.tcl'
14:04:04 INFO  : Disconnected from the channel tcfchan#1.
14:04:06 INFO  : 'targets -set -filter {jtag_cable_name =~ "Digilent Nexys Video 210276724184B" && level==0} -index 0' command is executed.
14:04:06 INFO  : 'fpga -state' command is executed.
14:04:06 INFO  : Connected to target on host '127.0.0.1' and port '3121'.
14:04:06 INFO  : Jtag cable 'Digilent Nexys Video 210276724184B' is selected.
14:04:06 INFO  : 'jtag frequency' command is executed.
14:04:06 INFO  : 'configparams mdm-detect-bscan-mask 2' command is executed.
14:04:06 INFO  : Context for processor 'ublaze_core' is selected.
14:04:06 INFO  : Processor reset is completed for 'ublaze_core'.
14:04:06 INFO  : Context for processor 'ublaze_core' is selected.
14:04:06 INFO  : The application '/home/jo/Documents/Hepia/Cours/LPSC/Mandelbrot/designs/vivado/mandelbrot_pinout/2018.2/mandelbrot_pinout.sdk/mandelbrot_pinout/Debug/mandelbrot_pinout.elf' is downloaded to processor 'ublaze_core'.
14:04:06 INFO  : ----------------XSDB Script----------------
connect -url tcp:127.0.0.1:3121
configparams mdm-detect-bscan-mask 2
targets -set -nocase -filter {name =~ "microblaze*#0" && bscan=="USER2"  && jtag_cable_name =~ "Digilent Nexys Video 210276724184B"} -index 0
rst -processor
targets -set -nocase -filter {name =~ "microblaze*#0" && bscan=="USER2"  && jtag_cable_name =~ "Digilent Nexys Video 210276724184B"} -index 0
dow /home/jo/Documents/Hepia/Cours/LPSC/Mandelbrot/designs/vivado/mandelbrot_pinout/2018.2/mandelbrot_pinout.sdk/mandelbrot_pinout/Debug/mandelbrot_pinout.elf
----------------End of Script----------------

14:04:06 INFO  : Memory regions updated for context PA
14:04:06 INFO  : Memory regions updated for context MicroBlaze Debug Module at USER2
14:04:06 INFO  : Context for processor 'ublaze_core' is selected.
14:04:06 INFO  : 'con' command is executed.
14:04:06 INFO  : ----------------XSDB Script (After Launch)----------------
targets -set -nocase -filter {name =~ "microblaze*#0" && bscan=="USER2"  && jtag_cable_name =~ "Digilent Nexys Video 210276724184B"} -index 0
con
----------------End of Script----------------

14:04:06 INFO  : Launch script is exported to file '/home/jo/Documents/Hepia/Cours/LPSC/Mandelbrot/designs/vivado/mandelbrot_pinout/2018.2/mandelbrot_pinout.sdk/.sdk/launch_scripts/xilinx_c-c++_application_(system_debugger)/system_debugger_using_debug_mandelbrot_pinout.elf_on_local.tcl'
14:06:57 INFO  : Disconnected from the channel tcfchan#2.
14:19:54 INFO  : Registering command handlers for SDK TCF services
14:19:55 INFO  : Launching XSCT server: xsct -n -interactive /home/jo/Documents/Hepia/Cours/LPSC/Mandelbrot/designs/vivado/mandelbrot_pinout/2018.2/mandelbrot_pinout.sdk/temp_xsdb_launch_script.tcl
14:19:56 INFO  : XSCT server has started successfully.
14:19:56 INFO  : Successfully done setting XSCT server connection channel  
14:19:56 INFO  : Successfully done setting SDK workspace  
14:19:56 INFO  : Processing command line option -hwspec /home/jo/Documents/Hepia/Cours/LPSC/Mandelbrot/designs/vivado/mandelbrot_pinout/2018.2/mandelbrot_pinout.sdk/mandelbrot_pinout.hdf.
14:19:56 INFO  : Checking for hwspec changes in the project mandelbrot_pinout_hw_platform_0.
14:19:57 INFO  : SDK has detected change in the last modified timestamps for source hardware specification file Source:1550841489000,  Project:1550840385000
14:19:57 INFO  : The hardware specification for project 'mandelbrot_pinout_hw_platform_0' is different from /home/jo/Documents/Hepia/Cours/LPSC/Mandelbrot/designs/vivado/mandelbrot_pinout/2018.2/mandelbrot_pinout.sdk/mandelbrot_pinout.hdf.
14:19:57 INFO  : Copied contents of /home/jo/Documents/Hepia/Cours/LPSC/Mandelbrot/designs/vivado/mandelbrot_pinout/2018.2/mandelbrot_pinout.sdk/mandelbrot_pinout.hdf into /mandelbrot_pinout_hw_platform_0/system.hdf.
14:19:57 INFO  : Synchronizing projects in the workspace with the hardware platform specification changes.
14:19:58 INFO  : 
14:19:59 INFO  : Updating hardware inferred compiler options for mandelbrot_pinout.
14:19:59 INFO  : Clearing existing target manager status.
14:20:53 INFO  : 'targets -set -filter {jtag_cable_name =~ "Digilent Nexys Video 210276724184B" && level==0} -index 0' command is executed.
14:20:53 INFO  : 'fpga -state' command is executed.
14:20:53 INFO  : Connected to target on host '127.0.0.1' and port '3121'.
14:20:53 INFO  : Jtag cable 'Digilent Nexys Video 210276724184B' is selected.
14:20:53 INFO  : 'jtag frequency' command is executed.
14:20:53 INFO  : 'configparams mdm-detect-bscan-mask 2' command is executed.
14:20:53 INFO  : Context for processor 'ublaze_core' is selected.
14:20:53 INFO  : Processor reset is completed for 'ublaze_core'.
14:20:53 INFO  : Context for processor 'ublaze_core' is selected.
14:20:53 INFO  : The application '/home/jo/Documents/Hepia/Cours/LPSC/Mandelbrot/designs/vivado/mandelbrot_pinout/2018.2/mandelbrot_pinout.sdk/mandelbrot_pinout/Debug/mandelbrot_pinout.elf' is downloaded to processor 'ublaze_core'.
14:20:53 INFO  : ----------------XSDB Script----------------
connect -url tcp:127.0.0.1:3121
configparams mdm-detect-bscan-mask 2
targets -set -nocase -filter {name =~ "microblaze*#0" && bscan=="USER2"  && jtag_cable_name =~ "Digilent Nexys Video 210276724184B"} -index 0
rst -processor
targets -set -nocase -filter {name =~ "microblaze*#0" && bscan=="USER2"  && jtag_cable_name =~ "Digilent Nexys Video 210276724184B"} -index 0
dow /home/jo/Documents/Hepia/Cours/LPSC/Mandelbrot/designs/vivado/mandelbrot_pinout/2018.2/mandelbrot_pinout.sdk/mandelbrot_pinout/Debug/mandelbrot_pinout.elf
----------------End of Script----------------

14:20:53 INFO  : Memory regions updated for context PA
14:20:53 INFO  : Memory regions updated for context MicroBlaze Debug Module at USER2
14:20:53 INFO  : Context for processor 'ublaze_core' is selected.
14:20:53 INFO  : 'con' command is executed.
14:20:53 INFO  : ----------------XSDB Script (After Launch)----------------
targets -set -nocase -filter {name =~ "microblaze*#0" && bscan=="USER2"  && jtag_cable_name =~ "Digilent Nexys Video 210276724184B"} -index 0
con
----------------End of Script----------------

14:20:53 INFO  : Launch script is exported to file '/home/jo/Documents/Hepia/Cours/LPSC/Mandelbrot/designs/vivado/mandelbrot_pinout/2018.2/mandelbrot_pinout.sdk/.sdk/launch_scripts/xilinx_c-c++_application_(system_debugger)/system_debugger_using_debug_mandelbrot_pinout.elf_on_local.tcl'
14:22:53 INFO  : Disconnected from the channel tcfchan#1.
14:23:38 INFO  : Registering command handlers for SDK TCF services
14:23:39 INFO  : Launching XSCT server: xsct -n -interactive /home/jo/Documents/Hepia/Cours/LPSC/Mandelbrot/designs/vivado/mandelbrot_pinout/2018.2/mandelbrot_pinout.sdk/temp_xsdb_launch_script.tcl
14:23:41 INFO  : XSCT server has started successfully.
14:23:41 INFO  : Successfully done setting XSCT server connection channel  
14:23:41 INFO  : Successfully done setting SDK workspace  
14:23:41 INFO  : Processing command line option -hwspec /home/jo/Documents/Hepia/Cours/LPSC/Mandelbrot/designs/vivado/mandelbrot_pinout/2018.2/mandelbrot_pinout.sdk/mandelbrot_pinout.hdf.
14:23:41 INFO  : Checking for hwspec changes in the project mandelbrot_pinout_hw_platform_0.
14:25:02 INFO  : 'targets -set -filter {jtag_cable_name =~ "Digilent Nexys Video 210276724184B" && level==0} -index 0' command is executed.
14:25:02 INFO  : 'fpga -state' command is executed.
14:25:02 INFO  : Connected to target on host '127.0.0.1' and port '3121'.
14:25:02 INFO  : Jtag cable 'Digilent Nexys Video 210276724184B' is selected.
14:25:02 INFO  : 'jtag frequency' command is executed.
14:25:02 INFO  : 'configparams mdm-detect-bscan-mask 2' command is executed.
14:25:02 INFO  : Context for processor 'ublaze_core' is selected.
14:25:02 INFO  : Processor reset is completed for 'ublaze_core'.
14:25:02 INFO  : Context for processor 'ublaze_core' is selected.
14:25:02 INFO  : The application '/home/jo/Documents/Hepia/Cours/LPSC/Mandelbrot/designs/vivado/mandelbrot_pinout/2018.2/mandelbrot_pinout.sdk/mandelbrot_pinout/Debug/mandelbrot_pinout.elf' is downloaded to processor 'ublaze_core'.
14:25:02 INFO  : ----------------XSDB Script----------------
connect -url tcp:127.0.0.1:3121
configparams mdm-detect-bscan-mask 2
targets -set -nocase -filter {name =~ "microblaze*#0" && bscan=="USER2"  && jtag_cable_name =~ "Digilent Nexys Video 210276724184B"} -index 0
rst -processor
targets -set -nocase -filter {name =~ "microblaze*#0" && bscan=="USER2"  && jtag_cable_name =~ "Digilent Nexys Video 210276724184B"} -index 0
dow /home/jo/Documents/Hepia/Cours/LPSC/Mandelbrot/designs/vivado/mandelbrot_pinout/2018.2/mandelbrot_pinout.sdk/mandelbrot_pinout/Debug/mandelbrot_pinout.elf
----------------End of Script----------------

14:25:02 INFO  : Memory regions updated for context PA
14:25:02 INFO  : Memory regions updated for context MicroBlaze Debug Module at USER2
14:25:02 INFO  : Context for processor 'ublaze_core' is selected.
14:25:02 INFO  : 'con' command is executed.
14:25:02 INFO  : ----------------XSDB Script (After Launch)----------------
targets -set -nocase -filter {name =~ "microblaze*#0" && bscan=="USER2"  && jtag_cable_name =~ "Digilent Nexys Video 210276724184B"} -index 0
con
----------------End of Script----------------

14:25:02 INFO  : Launch script is exported to file '/home/jo/Documents/Hepia/Cours/LPSC/Mandelbrot/designs/vivado/mandelbrot_pinout/2018.2/mandelbrot_pinout.sdk/.sdk/launch_scripts/xilinx_c-c++_application_(system_debugger)/system_debugger_using_debug_mandelbrot_pinout.elf_on_local.tcl'
14:31:46 INFO  : Disconnected from the channel tcfchan#1.
15:04:38 INFO  : Registering command handlers for SDK TCF services
15:04:38 INFO  : Launching XSCT server: xsct -n -interactive /home/jo/Documents/Hepia/Cours/LPSC/Mandelbrot/designs/vivado/mandelbrot_pinout/2018.2/mandelbrot_pinout.sdk/temp_xsdb_launch_script.tcl
15:04:39 INFO  : XSCT server has started successfully.
15:04:39 INFO  : Successfully done setting XSCT server connection channel  
15:04:39 INFO  : Successfully done setting SDK workspace  
15:04:39 INFO  : Processing command line option -hwspec /home/jo/Documents/Hepia/Cours/LPSC/Mandelbrot/designs/vivado/mandelbrot_pinout/2018.2/mandelbrot_pinout.sdk/mandelbrot_pinout.hdf.
15:04:39 INFO  : Checking for hwspec changes in the project mandelbrot_pinout_hw_platform_0.
15:04:40 INFO  : SDK has detected change in the last modified timestamps for source hardware specification file Source:1550844015000,  Project:1550841489000
15:04:40 INFO  : The hardware specification for project 'mandelbrot_pinout_hw_platform_0' is different from /home/jo/Documents/Hepia/Cours/LPSC/Mandelbrot/designs/vivado/mandelbrot_pinout/2018.2/mandelbrot_pinout.sdk/mandelbrot_pinout.hdf.
15:04:40 INFO  : Copied contents of /home/jo/Documents/Hepia/Cours/LPSC/Mandelbrot/designs/vivado/mandelbrot_pinout/2018.2/mandelbrot_pinout.sdk/mandelbrot_pinout.hdf into /mandelbrot_pinout_hw_platform_0/system.hdf.
15:04:40 INFO  : Synchronizing projects in the workspace with the hardware platform specification changes.
15:04:41 INFO  : 
15:04:42 INFO  : Updating hardware inferred compiler options for mandelbrot_pinout.
15:04:42 INFO  : Clearing existing target manager status.
15:04:57 INFO  : 'targets -set -filter {jtag_cable_name =~ "Digilent Nexys Video 210276724184B" && level==0} -index 0' command is executed.
15:04:57 INFO  : 'fpga -state' command is executed.
15:04:57 INFO  : Connected to target on host '127.0.0.1' and port '3121'.
15:04:57 INFO  : Jtag cable 'Digilent Nexys Video 210276724184B' is selected.
15:04:57 INFO  : 'jtag frequency' command is executed.
15:04:58 INFO  : 'configparams mdm-detect-bscan-mask 2' command is executed.
15:04:58 INFO  : Context for processor 'ublaze_core' is selected.
15:04:58 INFO  : Processor reset is completed for 'ublaze_core'.
15:04:58 INFO  : Context for processor 'ublaze_core' is selected.
15:04:58 INFO  : The application '/home/jo/Documents/Hepia/Cours/LPSC/Mandelbrot/designs/vivado/mandelbrot_pinout/2018.2/mandelbrot_pinout.sdk/mandelbrot_pinout/Debug/mandelbrot_pinout.elf' is downloaded to processor 'ublaze_core'.
15:04:58 INFO  : ----------------XSDB Script----------------
connect -url tcp:127.0.0.1:3121
configparams mdm-detect-bscan-mask 2
targets -set -nocase -filter {name =~ "microblaze*#0" && bscan=="USER2"  && jtag_cable_name =~ "Digilent Nexys Video 210276724184B"} -index 0
rst -processor
targets -set -nocase -filter {name =~ "microblaze*#0" && bscan=="USER2"  && jtag_cable_name =~ "Digilent Nexys Video 210276724184B"} -index 0
dow /home/jo/Documents/Hepia/Cours/LPSC/Mandelbrot/designs/vivado/mandelbrot_pinout/2018.2/mandelbrot_pinout.sdk/mandelbrot_pinout/Debug/mandelbrot_pinout.elf
----------------End of Script----------------

15:04:58 INFO  : Memory regions updated for context PA
15:04:58 INFO  : Memory regions updated for context MicroBlaze Debug Module at USER2
15:04:58 INFO  : Context for processor 'ublaze_core' is selected.
15:04:58 INFO  : 'con' command is executed.
15:04:58 INFO  : ----------------XSDB Script (After Launch)----------------
targets -set -nocase -filter {name =~ "microblaze*#0" && bscan=="USER2"  && jtag_cable_name =~ "Digilent Nexys Video 210276724184B"} -index 0
con
----------------End of Script----------------

15:04:58 INFO  : Launch script is exported to file '/home/jo/Documents/Hepia/Cours/LPSC/Mandelbrot/designs/vivado/mandelbrot_pinout/2018.2/mandelbrot_pinout.sdk/.sdk/launch_scripts/xilinx_c-c++_application_(system_debugger)/system_debugger_using_debug_mandelbrot_pinout.elf_on_local.tcl'
15:06:11 INFO  : Disconnected from the channel tcfchan#1.
15:15:00 INFO  : Registering command handlers for SDK TCF services
15:15:00 INFO  : Launching XSCT server: xsct -n -interactive /home/jo/Documents/Hepia/Cours/LPSC/Mandelbrot/designs/vivado/mandelbrot_pinout/2018.2/mandelbrot_pinout.sdk/temp_xsdb_launch_script.tcl
15:15:02 INFO  : XSCT server has started successfully.
15:15:02 INFO  : Successfully done setting XSCT server connection channel  
15:15:02 INFO  : Successfully done setting SDK workspace  
15:15:02 INFO  : Processing command line option -hwspec /home/jo/Documents/Hepia/Cours/LPSC/Mandelbrot/designs/vivado/mandelbrot_pinout/2018.2/mandelbrot_pinout.sdk/mandelbrot_pinout.hdf.
15:15:02 INFO  : Checking for hwspec changes in the project mandelbrot_pinout_hw_platform_0.
15:15:03 INFO  : SDK has detected change in the last modified timestamps for source hardware specification file Source:1550844844000,  Project:1550844015000
15:15:03 INFO  : The hardware specification for project 'mandelbrot_pinout_hw_platform_0' is different from /home/jo/Documents/Hepia/Cours/LPSC/Mandelbrot/designs/vivado/mandelbrot_pinout/2018.2/mandelbrot_pinout.sdk/mandelbrot_pinout.hdf.
15:15:03 INFO  : Copied contents of /home/jo/Documents/Hepia/Cours/LPSC/Mandelbrot/designs/vivado/mandelbrot_pinout/2018.2/mandelbrot_pinout.sdk/mandelbrot_pinout.hdf into /mandelbrot_pinout_hw_platform_0/system.hdf.
15:15:03 INFO  : Synchronizing projects in the workspace with the hardware platform specification changes.
15:15:04 INFO  : 
15:15:05 INFO  : Updating hardware inferred compiler options for mandelbrot_pinout.
15:15:05 INFO  : Clearing existing target manager status.
15:17:28 INFO  : 'targets -set -filter {jtag_cable_name =~ "Digilent Nexys Video 210276724184B" && level==0} -index 0' command is executed.
15:17:28 INFO  : 'fpga -state' command is executed.
15:17:28 INFO  : Connected to target on host '127.0.0.1' and port '3121'.
15:17:28 INFO  : Jtag cable 'Digilent Nexys Video 210276724184B' is selected.
15:17:28 INFO  : 'jtag frequency' command is executed.
15:17:28 INFO  : 'configparams mdm-detect-bscan-mask 2' command is executed.
15:17:28 INFO  : Context for processor 'ublaze_core' is selected.
15:17:28 INFO  : Processor reset is completed for 'ublaze_core'.
15:17:28 INFO  : Context for processor 'ublaze_core' is selected.
15:17:28 INFO  : The application '/home/jo/Documents/Hepia/Cours/LPSC/Mandelbrot/designs/vivado/mandelbrot_pinout/2018.2/mandelbrot_pinout.sdk/mandelbrot_pinout/Debug/mandelbrot_pinout.elf' is downloaded to processor 'ublaze_core'.
15:17:28 INFO  : ----------------XSDB Script----------------
connect -url tcp:127.0.0.1:3121
configparams mdm-detect-bscan-mask 2
targets -set -nocase -filter {name =~ "microblaze*#0" && bscan=="USER2"  && jtag_cable_name =~ "Digilent Nexys Video 210276724184B"} -index 0
rst -processor
targets -set -nocase -filter {name =~ "microblaze*#0" && bscan=="USER2"  && jtag_cable_name =~ "Digilent Nexys Video 210276724184B"} -index 0
dow /home/jo/Documents/Hepia/Cours/LPSC/Mandelbrot/designs/vivado/mandelbrot_pinout/2018.2/mandelbrot_pinout.sdk/mandelbrot_pinout/Debug/mandelbrot_pinout.elf
----------------End of Script----------------

15:17:28 INFO  : Memory regions updated for context PA
15:17:28 INFO  : Memory regions updated for context MicroBlaze Debug Module at USER2
15:17:28 INFO  : Context for processor 'ublaze_core' is selected.
15:17:28 INFO  : 'con' command is executed.
15:17:28 INFO  : ----------------XSDB Script (After Launch)----------------
targets -set -nocase -filter {name =~ "microblaze*#0" && bscan=="USER2"  && jtag_cable_name =~ "Digilent Nexys Video 210276724184B"} -index 0
con
----------------End of Script----------------

15:17:28 INFO  : Launch script is exported to file '/home/jo/Documents/Hepia/Cours/LPSC/Mandelbrot/designs/vivado/mandelbrot_pinout/2018.2/mandelbrot_pinout.sdk/.sdk/launch_scripts/xilinx_c-c++_application_(system_debugger)/system_debugger_using_debug_mandelbrot_pinout.elf_on_local.tcl'
15:23:03 INFO  : Disconnected from the channel tcfchan#1.
15:42:07 INFO  : Registering command handlers for SDK TCF services
15:42:08 INFO  : Launching XSCT server: xsct -n -interactive /home/jo/Documents/Hepia/Cours/LPSC/Mandelbrot/designs/vivado/mandelbrot_pinout/2018.2/mandelbrot_pinout.sdk/temp_xsdb_launch_script.tcl
15:42:09 INFO  : XSCT server has started successfully.
15:42:09 INFO  : Successfully done setting XSCT server connection channel  
15:42:09 INFO  : Successfully done setting SDK workspace  
15:42:09 INFO  : Processing command line option -hwspec /home/jo/Documents/Hepia/Cours/LPSC/Mandelbrot/designs/vivado/mandelbrot_pinout/2018.2/mandelbrot_pinout.sdk/mandelbrot_pinout.hdf.
15:42:10 INFO  : Checking for hwspec changes in the project mandelbrot_pinout_hw_platform_0.
15:42:10 INFO  : SDK has detected change in the last modified timestamps for source hardware specification file Source:1550846382000,  Project:1550844844000
15:42:10 INFO  : The hardware specification for project 'mandelbrot_pinout_hw_platform_0' is different from /home/jo/Documents/Hepia/Cours/LPSC/Mandelbrot/designs/vivado/mandelbrot_pinout/2018.2/mandelbrot_pinout.sdk/mandelbrot_pinout.hdf.
15:42:10 INFO  : Copied contents of /home/jo/Documents/Hepia/Cours/LPSC/Mandelbrot/designs/vivado/mandelbrot_pinout/2018.2/mandelbrot_pinout.sdk/mandelbrot_pinout.hdf into /mandelbrot_pinout_hw_platform_0/system.hdf.
15:42:10 INFO  : Synchronizing projects in the workspace with the hardware platform specification changes.
15:42:11 INFO  : 
15:42:12 INFO  : Updating hardware inferred compiler options for mandelbrot_pinout.
15:42:12 INFO  : Clearing existing target manager status.
15:42:28 INFO  : 'targets -set -filter {jtag_cable_name =~ "Digilent Nexys Video 210276724184B" && level==0} -index 0' command is executed.
15:42:28 INFO  : 'fpga -state' command is executed.
15:42:28 INFO  : Connected to target on host '127.0.0.1' and port '3121'.
15:42:29 INFO  : Jtag cable 'Digilent Nexys Video 210276724184B' is selected.
15:42:29 INFO  : 'jtag frequency' command is executed.
15:42:29 INFO  : 'configparams mdm-detect-bscan-mask 2' command is executed.
15:42:29 INFO  : Context for processor 'ublaze_core' is selected.
15:42:29 INFO  : Processor reset is completed for 'ublaze_core'.
15:42:29 INFO  : Context for processor 'ublaze_core' is selected.
15:42:29 INFO  : The application '/home/jo/Documents/Hepia/Cours/LPSC/Mandelbrot/designs/vivado/mandelbrot_pinout/2018.2/mandelbrot_pinout.sdk/mandelbrot_pinout/Debug/mandelbrot_pinout.elf' is downloaded to processor 'ublaze_core'.
15:42:29 INFO  : ----------------XSDB Script----------------
connect -url tcp:127.0.0.1:3121
configparams mdm-detect-bscan-mask 2
targets -set -nocase -filter {name =~ "microblaze*#0" && bscan=="USER2"  && jtag_cable_name =~ "Digilent Nexys Video 210276724184B"} -index 0
rst -processor
targets -set -nocase -filter {name =~ "microblaze*#0" && bscan=="USER2"  && jtag_cable_name =~ "Digilent Nexys Video 210276724184B"} -index 0
dow /home/jo/Documents/Hepia/Cours/LPSC/Mandelbrot/designs/vivado/mandelbrot_pinout/2018.2/mandelbrot_pinout.sdk/mandelbrot_pinout/Debug/mandelbrot_pinout.elf
----------------End of Script----------------

15:42:29 INFO  : Memory regions updated for context PA
15:42:29 INFO  : Memory regions updated for context MicroBlaze Debug Module at USER2
15:42:29 INFO  : Context for processor 'ublaze_core' is selected.
15:42:29 INFO  : 'con' command is executed.
15:42:29 INFO  : ----------------XSDB Script (After Launch)----------------
targets -set -nocase -filter {name =~ "microblaze*#0" && bscan=="USER2"  && jtag_cable_name =~ "Digilent Nexys Video 210276724184B"} -index 0
con
----------------End of Script----------------

15:42:29 INFO  : Launch script is exported to file '/home/jo/Documents/Hepia/Cours/LPSC/Mandelbrot/designs/vivado/mandelbrot_pinout/2018.2/mandelbrot_pinout.sdk/.sdk/launch_scripts/xilinx_c-c++_application_(system_debugger)/system_debugger_using_debug_mandelbrot_pinout.elf_on_local.tcl'
15:47:17 INFO  : Disconnected from the channel tcfchan#1.
15:52:27 INFO  : Registering command handlers for SDK TCF services
15:52:27 INFO  : Launching XSCT server: xsct -n -interactive /home/jo/Documents/Hepia/Cours/LPSC/Mandelbrot/designs/vivado/mandelbrot_pinout/2018.2/mandelbrot_pinout.sdk/temp_xsdb_launch_script.tcl
15:52:29 INFO  : XSCT server has started successfully.
15:52:29 INFO  : Successfully done setting XSCT server connection channel  
15:52:29 INFO  : Successfully done setting SDK workspace  
15:52:29 INFO  : Processing command line option -hwspec /home/jo/Documents/Hepia/Cours/LPSC/Mandelbrot/designs/vivado/mandelbrot_pinout/2018.2/mandelbrot_pinout.sdk/mandelbrot_pinout.hdf.
15:52:30 INFO  : Checking for hwspec changes in the project mandelbrot_pinout_hw_platform_0.
15:52:31 INFO  : SDK has detected change in the last modified timestamps for source hardware specification file Source:1550847077000,  Project:1550846382000
15:52:31 INFO  : The hardware specification for project 'mandelbrot_pinout_hw_platform_0' is different from /home/jo/Documents/Hepia/Cours/LPSC/Mandelbrot/designs/vivado/mandelbrot_pinout/2018.2/mandelbrot_pinout.sdk/mandelbrot_pinout.hdf.
15:52:31 INFO  : Copied contents of /home/jo/Documents/Hepia/Cours/LPSC/Mandelbrot/designs/vivado/mandelbrot_pinout/2018.2/mandelbrot_pinout.sdk/mandelbrot_pinout.hdf into /mandelbrot_pinout_hw_platform_0/system.hdf.
15:52:31 INFO  : Synchronizing projects in the workspace with the hardware platform specification changes.
15:52:32 INFO  : 
15:52:32 INFO  : Updating hardware inferred compiler options for mandelbrot_pinout.
15:52:32 INFO  : Clearing existing target manager status.
15:52:46 INFO  : 'targets -set -filter {jtag_cable_name =~ "Digilent Nexys Video 210276724184B" && level==0} -index 0' command is executed.
15:52:46 INFO  : 'fpga -state' command is executed.
15:52:46 INFO  : Connected to target on host '127.0.0.1' and port '3121'.
15:52:46 INFO  : Jtag cable 'Digilent Nexys Video 210276724184B' is selected.
15:52:46 INFO  : 'jtag frequency' command is executed.
15:52:46 INFO  : 'configparams mdm-detect-bscan-mask 2' command is executed.
15:52:46 INFO  : Context for processor 'ublaze_core' is selected.
15:52:46 INFO  : Processor reset is completed for 'ublaze_core'.
15:52:46 INFO  : Context for processor 'ublaze_core' is selected.
15:52:46 INFO  : The application '/home/jo/Documents/Hepia/Cours/LPSC/Mandelbrot/designs/vivado/mandelbrot_pinout/2018.2/mandelbrot_pinout.sdk/mandelbrot_pinout/Debug/mandelbrot_pinout.elf' is downloaded to processor 'ublaze_core'.
15:52:46 INFO  : ----------------XSDB Script----------------
connect -url tcp:127.0.0.1:3121
configparams mdm-detect-bscan-mask 2
targets -set -nocase -filter {name =~ "microblaze*#0" && bscan=="USER2"  && jtag_cable_name =~ "Digilent Nexys Video 210276724184B"} -index 0
rst -processor
targets -set -nocase -filter {name =~ "microblaze*#0" && bscan=="USER2"  && jtag_cable_name =~ "Digilent Nexys Video 210276724184B"} -index 0
dow /home/jo/Documents/Hepia/Cours/LPSC/Mandelbrot/designs/vivado/mandelbrot_pinout/2018.2/mandelbrot_pinout.sdk/mandelbrot_pinout/Debug/mandelbrot_pinout.elf
----------------End of Script----------------

15:52:46 INFO  : Memory regions updated for context PA
15:52:46 INFO  : Memory regions updated for context MicroBlaze Debug Module at USER2
15:52:46 INFO  : Context for processor 'ublaze_core' is selected.
15:52:46 INFO  : 'con' command is executed.
15:52:46 INFO  : ----------------XSDB Script (After Launch)----------------
targets -set -nocase -filter {name =~ "microblaze*#0" && bscan=="USER2"  && jtag_cable_name =~ "Digilent Nexys Video 210276724184B"} -index 0
con
----------------End of Script----------------

15:52:46 INFO  : Launch script is exported to file '/home/jo/Documents/Hepia/Cours/LPSC/Mandelbrot/designs/vivado/mandelbrot_pinout/2018.2/mandelbrot_pinout.sdk/.sdk/launch_scripts/xilinx_c-c++_application_(system_debugger)/system_debugger_using_debug_mandelbrot_pinout.elf_on_local.tcl'
15:53:27 INFO  : Disconnected from the channel tcfchan#1.
15:53:28 INFO  : 'targets -set -filter {jtag_cable_name =~ "Digilent Nexys Video 210276724184B" && level==0} -index 0' command is executed.
15:53:28 INFO  : 'fpga -state' command is executed.
15:53:28 INFO  : Connected to target on host '127.0.0.1' and port '3121'.
15:53:28 INFO  : Jtag cable 'Digilent Nexys Video 210276724184B' is selected.
15:53:28 INFO  : 'jtag frequency' command is executed.
15:53:28 INFO  : 'configparams mdm-detect-bscan-mask 2' command is executed.
15:53:28 INFO  : Context for processor 'ublaze_core' is selected.
15:53:28 INFO  : Processor reset is completed for 'ublaze_core'.
15:53:28 INFO  : Context for processor 'ublaze_core' is selected.
15:53:28 INFO  : The application '/home/jo/Documents/Hepia/Cours/LPSC/Mandelbrot/designs/vivado/mandelbrot_pinout/2018.2/mandelbrot_pinout.sdk/mandelbrot_pinout/Debug/mandelbrot_pinout.elf' is downloaded to processor 'ublaze_core'.
15:53:28 INFO  : ----------------XSDB Script----------------
connect -url tcp:127.0.0.1:3121
configparams mdm-detect-bscan-mask 2
targets -set -nocase -filter {name =~ "microblaze*#0" && bscan=="USER2"  && jtag_cable_name =~ "Digilent Nexys Video 210276724184B"} -index 0
rst -processor
targets -set -nocase -filter {name =~ "microblaze*#0" && bscan=="USER2"  && jtag_cable_name =~ "Digilent Nexys Video 210276724184B"} -index 0
dow /home/jo/Documents/Hepia/Cours/LPSC/Mandelbrot/designs/vivado/mandelbrot_pinout/2018.2/mandelbrot_pinout.sdk/mandelbrot_pinout/Debug/mandelbrot_pinout.elf
----------------End of Script----------------

15:53:28 INFO  : Memory regions updated for context PA
15:53:28 INFO  : Memory regions updated for context MicroBlaze Debug Module at USER2
15:53:28 INFO  : Context for processor 'ublaze_core' is selected.
15:53:28 INFO  : 'con' command is executed.
15:53:28 INFO  : ----------------XSDB Script (After Launch)----------------
targets -set -nocase -filter {name =~ "microblaze*#0" && bscan=="USER2"  && jtag_cable_name =~ "Digilent Nexys Video 210276724184B"} -index 0
con
----------------End of Script----------------

15:53:28 INFO  : Launch script is exported to file '/home/jo/Documents/Hepia/Cours/LPSC/Mandelbrot/designs/vivado/mandelbrot_pinout/2018.2/mandelbrot_pinout.sdk/.sdk/launch_scripts/xilinx_c-c++_application_(system_debugger)/system_debugger_using_debug_mandelbrot_pinout.elf_on_local.tcl'
15:57:27 INFO  : Disconnected from the channel tcfchan#2.
09:26:31 INFO  : Registering command handlers for SDK TCF services
09:26:32 INFO  : Launching XSCT server: xsct -n -interactive /home/jo/Documents/Hepia/Cours/LPSC/Mandelbrot/designs/vivado/mandelbrot_pinout/2018.2/mandelbrot_pinout.sdk/temp_xsdb_launch_script.tcl
09:26:33 INFO  : XSCT server has started successfully.
09:26:33 INFO  : Successfully done setting XSCT server connection channel  
09:26:33 INFO  : Successfully done setting SDK workspace  
09:26:33 INFO  : Processing command line option -hwspec /home/jo/Documents/Hepia/Cours/LPSC/Mandelbrot/designs/vivado/mandelbrot_pinout/2018.2/mandelbrot_pinout.sdk/mandelbrot_pinout.hdf.
09:26:33 INFO  : Checking for hwspec changes in the project mandelbrot_pinout_hw_platform_0.
09:26:34 INFO  : SDK has detected change in the last modified timestamps for source hardware specification file Source:1551081756000,  Project:1550847077000
09:26:34 INFO  : The hardware specification for project 'mandelbrot_pinout_hw_platform_0' is different from /home/jo/Documents/Hepia/Cours/LPSC/Mandelbrot/designs/vivado/mandelbrot_pinout/2018.2/mandelbrot_pinout.sdk/mandelbrot_pinout.hdf.
09:26:34 INFO  : Copied contents of /home/jo/Documents/Hepia/Cours/LPSC/Mandelbrot/designs/vivado/mandelbrot_pinout/2018.2/mandelbrot_pinout.sdk/mandelbrot_pinout.hdf into /mandelbrot_pinout_hw_platform_0/system.hdf.
09:26:34 INFO  : Synchronizing projects in the workspace with the hardware platform specification changes.
09:26:35 INFO  : 
09:26:36 INFO  : Updating hardware inferred compiler options for mandelbrot_pinout.
09:26:36 INFO  : Clearing existing target manager status.
09:26:49 INFO  : 'targets -set -filter {jtag_cable_name =~ "Digilent Nexys Video 210276724184B" && level==0} -index 0' command is executed.
09:26:49 INFO  : 'fpga -state' command is executed.
09:26:49 INFO  : Connected to target on host '127.0.0.1' and port '3121'.
09:26:50 INFO  : Jtag cable 'Digilent Nexys Video 210276724184B' is selected.
09:26:50 INFO  : 'jtag frequency' command is executed.
09:26:50 INFO  : 'configparams mdm-detect-bscan-mask 2' command is executed.
09:26:50 INFO  : Context for processor 'ublaze_core' is selected.
09:26:50 INFO  : Processor reset is completed for 'ublaze_core'.
09:26:50 INFO  : Context for processor 'ublaze_core' is selected.
09:26:50 INFO  : The application '/home/jo/Documents/Hepia/Cours/LPSC/Mandelbrot/designs/vivado/mandelbrot_pinout/2018.2/mandelbrot_pinout.sdk/mandelbrot_pinout/Debug/mandelbrot_pinout.elf' is downloaded to processor 'ublaze_core'.
09:26:50 INFO  : ----------------XSDB Script----------------
connect -url tcp:127.0.0.1:3121
configparams mdm-detect-bscan-mask 2
targets -set -nocase -filter {name =~ "microblaze*#0" && bscan=="USER2"  && jtag_cable_name =~ "Digilent Nexys Video 210276724184B"} -index 0
rst -processor
targets -set -nocase -filter {name =~ "microblaze*#0" && bscan=="USER2"  && jtag_cable_name =~ "Digilent Nexys Video 210276724184B"} -index 0
dow /home/jo/Documents/Hepia/Cours/LPSC/Mandelbrot/designs/vivado/mandelbrot_pinout/2018.2/mandelbrot_pinout.sdk/mandelbrot_pinout/Debug/mandelbrot_pinout.elf
----------------End of Script----------------

09:26:50 INFO  : Memory regions updated for context PA
09:26:50 INFO  : Memory regions updated for context MicroBlaze Debug Module at USER2
09:26:50 INFO  : Context for processor 'ublaze_core' is selected.
09:26:50 INFO  : 'con' command is executed.
09:26:50 INFO  : ----------------XSDB Script (After Launch)----------------
targets -set -nocase -filter {name =~ "microblaze*#0" && bscan=="USER2"  && jtag_cable_name =~ "Digilent Nexys Video 210276724184B"} -index 0
con
----------------End of Script----------------

09:26:50 INFO  : Launch script is exported to file '/home/jo/Documents/Hepia/Cours/LPSC/Mandelbrot/designs/vivado/mandelbrot_pinout/2018.2/mandelbrot_pinout.sdk/.sdk/launch_scripts/xilinx_c-c++_application_(system_debugger)/system_debugger_using_debug_mandelbrot_pinout.elf_on_local.tcl'
09:30:12 INFO  : The new hardware specification file contains the same information as the current specification file. No changes were done to the workspace.
09:37:31 INFO  : SDK has detected change in the last modified timestamps for source hardware specification file Source:1551083822000,  Project:1551081756000
09:37:31 INFO  : Project mandelbrot_pinout_hw_platform_0's source hardware specification located at /home/jo/Documents/Hepia/Cours/LPSC/Mandelbrot/designs/vivado/mandelbrot_pinout/2018.2/mandelbrot_pinout.sdk/mandelbrot_pinout.hdf is now different from the local copy.
		 The local copy will be replaced with the source specification and your workspace will be updated.
09:37:34 INFO  : Copied contents of /home/jo/Documents/Hepia/Cours/LPSC/Mandelbrot/designs/vivado/mandelbrot_pinout/2018.2/mandelbrot_pinout.sdk/mandelbrot_pinout.hdf into /mandelbrot_pinout_hw_platform_0/system.hdf.
09:37:34 INFO  : Synchronizing projects in the workspace with the hardware platform specification changes.
09:37:35 INFO  : 
09:37:35 INFO  : Updating hardware inferred compiler options for mandelbrot_pinout.
09:37:35 INFO  : Clearing existing target manager status.
09:37:56 INFO  : Disconnected from the channel tcfchan#1.
09:37:57 INFO  : 'targets -set -filter {jtag_cable_name =~ "Digilent Nexys Video 210276724184B" && level==0} -index 0' command is executed.
09:37:57 INFO  : 'fpga -state' command is executed.
09:37:57 INFO  : Connected to target on host '127.0.0.1' and port '3121'.
09:37:58 INFO  : Jtag cable 'Digilent Nexys Video 210276724184B' is selected.
09:37:58 INFO  : 'jtag frequency' command is executed.
09:37:58 INFO  : 'configparams mdm-detect-bscan-mask 2' command is executed.
09:37:58 INFO  : Context for processor 'ublaze_core' is selected.
09:37:58 INFO  : Processor reset is completed for 'ublaze_core'.
09:37:58 INFO  : Context for processor 'ublaze_core' is selected.
09:37:58 INFO  : The application '/home/jo/Documents/Hepia/Cours/LPSC/Mandelbrot/designs/vivado/mandelbrot_pinout/2018.2/mandelbrot_pinout.sdk/mandelbrot_pinout/Debug/mandelbrot_pinout.elf' is downloaded to processor 'ublaze_core'.
09:37:58 INFO  : ----------------XSDB Script----------------
connect -url tcp:127.0.0.1:3121
configparams mdm-detect-bscan-mask 2
targets -set -nocase -filter {name =~ "microblaze*#0" && bscan=="USER2"  && jtag_cable_name =~ "Digilent Nexys Video 210276724184B"} -index 0
rst -processor
targets -set -nocase -filter {name =~ "microblaze*#0" && bscan=="USER2"  && jtag_cable_name =~ "Digilent Nexys Video 210276724184B"} -index 0
dow /home/jo/Documents/Hepia/Cours/LPSC/Mandelbrot/designs/vivado/mandelbrot_pinout/2018.2/mandelbrot_pinout.sdk/mandelbrot_pinout/Debug/mandelbrot_pinout.elf
----------------End of Script----------------

09:37:58 INFO  : Memory regions updated for context PA
09:37:58 INFO  : Memory regions updated for context MicroBlaze Debug Module at USER2
09:37:58 INFO  : Context for processor 'ublaze_core' is selected.
09:37:58 INFO  : 'con' command is executed.
09:37:58 INFO  : ----------------XSDB Script (After Launch)----------------
targets -set -nocase -filter {name =~ "microblaze*#0" && bscan=="USER2"  && jtag_cable_name =~ "Digilent Nexys Video 210276724184B"} -index 0
con
----------------End of Script----------------

09:37:58 INFO  : Launch script is exported to file '/home/jo/Documents/Hepia/Cours/LPSC/Mandelbrot/designs/vivado/mandelbrot_pinout/2018.2/mandelbrot_pinout.sdk/.sdk/launch_scripts/xilinx_c-c++_application_(system_debugger)/system_debugger_using_debug_mandelbrot_pinout.elf_on_local.tcl'
09:47:08 INFO  : SDK has detected change in the last modified timestamps for source hardware specification file Source:1551084390000,  Project:1551083822000
09:47:08 INFO  : Project mandelbrot_pinout_hw_platform_0's source hardware specification located at /home/jo/Documents/Hepia/Cours/LPSC/Mandelbrot/designs/vivado/mandelbrot_pinout/2018.2/mandelbrot_pinout.sdk/mandelbrot_pinout.hdf is now different from the local copy.
		 The local copy will be replaced with the source specification and your workspace will be updated.
09:47:10 INFO  : Copied contents of /home/jo/Documents/Hepia/Cours/LPSC/Mandelbrot/designs/vivado/mandelbrot_pinout/2018.2/mandelbrot_pinout.sdk/mandelbrot_pinout.hdf into /mandelbrot_pinout_hw_platform_0/system.hdf.
09:47:10 INFO  : Synchronizing projects in the workspace with the hardware platform specification changes.
09:47:11 INFO  : 
09:47:11 INFO  : Updating hardware inferred compiler options for mandelbrot_pinout.
09:47:11 INFO  : Clearing existing target manager status.
09:47:46 INFO  : Disconnected from the channel tcfchan#2.
09:47:47 INFO  : 'targets -set -filter {jtag_cable_name =~ "Digilent Nexys Video 210276724184B" && level==0} -index 0' command is executed.
09:47:47 INFO  : 'fpga -state' command is executed.
09:47:47 INFO  : Connected to target on host '127.0.0.1' and port '3121'.
09:47:47 INFO  : Jtag cable 'Digilent Nexys Video 210276724184B' is selected.
09:47:47 INFO  : 'jtag frequency' command is executed.
09:47:47 INFO  : 'configparams mdm-detect-bscan-mask 2' command is executed.
09:47:47 INFO  : Context for processor 'ublaze_core' is selected.
09:47:47 INFO  : Processor reset is completed for 'ublaze_core'.
09:47:47 INFO  : Context for processor 'ublaze_core' is selected.
09:47:47 INFO  : The application '/home/jo/Documents/Hepia/Cours/LPSC/Mandelbrot/designs/vivado/mandelbrot_pinout/2018.2/mandelbrot_pinout.sdk/mandelbrot_pinout/Debug/mandelbrot_pinout.elf' is downloaded to processor 'ublaze_core'.
09:47:47 INFO  : ----------------XSDB Script----------------
connect -url tcp:127.0.0.1:3121
configparams mdm-detect-bscan-mask 2
targets -set -nocase -filter {name =~ "microblaze*#0" && bscan=="USER2"  && jtag_cable_name =~ "Digilent Nexys Video 210276724184B"} -index 0
rst -processor
targets -set -nocase -filter {name =~ "microblaze*#0" && bscan=="USER2"  && jtag_cable_name =~ "Digilent Nexys Video 210276724184B"} -index 0
dow /home/jo/Documents/Hepia/Cours/LPSC/Mandelbrot/designs/vivado/mandelbrot_pinout/2018.2/mandelbrot_pinout.sdk/mandelbrot_pinout/Debug/mandelbrot_pinout.elf
----------------End of Script----------------

09:47:47 INFO  : Memory regions updated for context PA
09:47:47 INFO  : Memory regions updated for context MicroBlaze Debug Module at USER2
09:47:47 INFO  : Context for processor 'ublaze_core' is selected.
09:47:47 INFO  : 'con' command is executed.
09:47:47 INFO  : ----------------XSDB Script (After Launch)----------------
targets -set -nocase -filter {name =~ "microblaze*#0" && bscan=="USER2"  && jtag_cable_name =~ "Digilent Nexys Video 210276724184B"} -index 0
con
----------------End of Script----------------

09:47:47 INFO  : Launch script is exported to file '/home/jo/Documents/Hepia/Cours/LPSC/Mandelbrot/designs/vivado/mandelbrot_pinout/2018.2/mandelbrot_pinout.sdk/.sdk/launch_scripts/xilinx_c-c++_application_(system_debugger)/system_debugger_using_debug_mandelbrot_pinout.elf_on_local.tcl'
09:47:56 INFO  : Disconnected from the channel tcfchan#3.
10:06:10 INFO  : Registering command handlers for SDK TCF services
10:06:11 INFO  : Launching XSCT server: xsct -n -interactive /home/jo/Documents/Hepia/Cours/LPSC/Mandelbrot/designs/vivado/mandelbrot_pinout/2018.2/mandelbrot_pinout.sdk/temp_xsdb_launch_script.tcl
10:06:12 INFO  : XSCT server has started successfully.
10:06:12 INFO  : Successfully done setting XSCT server connection channel  
10:06:12 INFO  : Successfully done setting SDK workspace  
10:06:12 INFO  : Processing command line option -hwspec /home/jo/Documents/Hepia/Cours/LPSC/Mandelbrot/designs/vivado/mandelbrot_pinout/2018.2/mandelbrot_pinout.sdk/mandelbrot_pinout.hdf.
10:06:12 INFO  : Checking for hwspec changes in the project mandelbrot_pinout_hw_platform_0.
10:06:13 INFO  : SDK has detected change in the last modified timestamps for source hardware specification file Source:1551085523000,  Project:1551084390000
10:06:13 INFO  : The hardware specification for project 'mandelbrot_pinout_hw_platform_0' is different from /home/jo/Documents/Hepia/Cours/LPSC/Mandelbrot/designs/vivado/mandelbrot_pinout/2018.2/mandelbrot_pinout.sdk/mandelbrot_pinout.hdf.
10:06:13 INFO  : Copied contents of /home/jo/Documents/Hepia/Cours/LPSC/Mandelbrot/designs/vivado/mandelbrot_pinout/2018.2/mandelbrot_pinout.sdk/mandelbrot_pinout.hdf into /mandelbrot_pinout_hw_platform_0/system.hdf.
10:06:13 INFO  : Synchronizing projects in the workspace with the hardware platform specification changes.
10:06:14 INFO  : 
10:06:15 INFO  : Updating hardware inferred compiler options for mandelbrot_pinout.
10:06:15 INFO  : Clearing existing target manager status.
10:06:41 INFO  : 'targets -set -filter {jtag_cable_name =~ "Digilent Nexys Video 210276724184B" && level==0} -index 0' command is executed.
10:06:41 INFO  : 'fpga -state' command is executed.
10:06:41 INFO  : Connected to target on host '127.0.0.1' and port '3121'.
10:06:41 INFO  : Jtag cable 'Digilent Nexys Video 210276724184B' is selected.
10:06:41 INFO  : 'jtag frequency' command is executed.
10:06:41 INFO  : 'configparams mdm-detect-bscan-mask 2' command is executed.
10:06:41 INFO  : Context for processor 'ublaze_core' is selected.
10:06:41 INFO  : Processor reset is completed for 'ublaze_core'.
10:06:41 INFO  : Context for processor 'ublaze_core' is selected.
10:06:41 INFO  : The application '/home/jo/Documents/Hepia/Cours/LPSC/Mandelbrot/designs/vivado/mandelbrot_pinout/2018.2/mandelbrot_pinout.sdk/mandelbrot_pinout/Debug/mandelbrot_pinout.elf' is downloaded to processor 'ublaze_core'.
10:06:41 INFO  : ----------------XSDB Script----------------
connect -url tcp:127.0.0.1:3121
configparams mdm-detect-bscan-mask 2
targets -set -nocase -filter {name =~ "microblaze*#0" && bscan=="USER2"  && jtag_cable_name =~ "Digilent Nexys Video 210276724184B"} -index 0
rst -processor
targets -set -nocase -filter {name =~ "microblaze*#0" && bscan=="USER2"  && jtag_cable_name =~ "Digilent Nexys Video 210276724184B"} -index 0
dow /home/jo/Documents/Hepia/Cours/LPSC/Mandelbrot/designs/vivado/mandelbrot_pinout/2018.2/mandelbrot_pinout.sdk/mandelbrot_pinout/Debug/mandelbrot_pinout.elf
----------------End of Script----------------

10:06:41 INFO  : Memory regions updated for context PA
10:06:41 INFO  : Memory regions updated for context MicroBlaze Debug Module at USER2
10:06:41 INFO  : Context for processor 'ublaze_core' is selected.
10:06:41 INFO  : 'con' command is executed.
10:06:41 INFO  : ----------------XSDB Script (After Launch)----------------
targets -set -nocase -filter {name =~ "microblaze*#0" && bscan=="USER2"  && jtag_cable_name =~ "Digilent Nexys Video 210276724184B"} -index 0
con
----------------End of Script----------------

10:06:41 INFO  : Launch script is exported to file '/home/jo/Documents/Hepia/Cours/LPSC/Mandelbrot/designs/vivado/mandelbrot_pinout/2018.2/mandelbrot_pinout.sdk/.sdk/launch_scripts/xilinx_c-c++_application_(system_debugger)/system_debugger_using_debug_mandelbrot_pinout.elf_on_local.tcl'
10:06:48 INFO  : Disconnected from the channel tcfchan#1.
