
*** Running vivado
    with args -log clk_vga_hdmi_1024x600.vds -m64 -product Vivado -mode batch -messageDb vivado.pb -notrace -source clk_vga_hdmi_1024x600.tcl


****** Vivado v2020.2 (64-bit)
  **** SW Build 3064766 on Wed Nov 18 09:12:47 MST 2020
  **** IP Build 3064653 on Wed Nov 18 14:17:31 MST 2020
    ** Copyright 1986-2020 Xilinx, Inc. All Rights Reserved.

source clk_vga_hdmi_1024x600.tcl -notrace
INFO: [IP_Flow 19-234] Refreshing IP repositories
INFO: [IP_Flow 19-1700] Loaded user IP repository '/home/jo/Documents/Projets/Hepia/lpsc/Mandelbrot'.
WARNING: [IP_Flow 19-3656] If you move the project, the path for repository '/home/jo/Documents/Projets/Hepia/lpsc/Mandelbrot' may become invalid. A better location for the repository would be in a path adjacent to the project. (Current project location is '/home/jo/Documents/Projets/Hepia/lpsc/Mandelbrot/designs/vivado/mandelbrot_pinout/2018.2/mandelbrot_pinout.runs/clk_vga_hdmi_1024x600_synth_1'.)
INFO: [IP_Flow 19-2313] Loaded Vivado IP repository '/tools/Xilinx/Vivado/2020.2/data/ip'.
Command: synth_design -top clk_vga_hdmi_1024x600 -part xc7a200tsbg484-1 -mode out_of_context
Starting synth_design
Attempting to get a license for feature 'Synthesis' and/or device 'xc7a200t'
INFO: [Common 17-349] Got license for feature 'Synthesis' and/or device 'xc7a200t'
INFO: [Device 21-403] Loading part xc7a200tsbg484-1
INFO: [Synth 8-7079] Multithreading enabled for synth_design using a maximum of 4 processes.
INFO: [Synth 8-7078] Launching helper process for spawning children vivado processes
INFO: [Synth 8-7075] Helper process launched with PID 18484
---------------------------------------------------------------------------------
Starting RTL Elaboration : Time (s): cpu = 00:00:03 ; elapsed = 00:00:04 . Memory (MB): peak = 2300.980 ; gain = 0.000 ; free physical = 3943 ; free virtual = 16372
---------------------------------------------------------------------------------
INFO: [Synth 8-6157] synthesizing module 'clk_vga_hdmi_1024x600' [/home/jo/Documents/Projets/Hepia/lpsc/Mandelbrot/designs/vivado/mandelbrot_pinout/2018.2/mandelbrot_pinout.srcs/sources_1/ip/clk_vga_hdmi_1024x600/clk_vga_hdmi_1024x600.v:71]
INFO: [Synth 8-6157] synthesizing module 'clk_vga_hdmi_1024x600_clk_wiz' [/home/jo/Documents/Projets/Hepia/lpsc/Mandelbrot/designs/vivado/mandelbrot_pinout/2018.2/mandelbrot_pinout.srcs/sources_1/ip/clk_vga_hdmi_1024x600/clk_vga_hdmi_1024x600_clk_wiz.v:69]
INFO: [Synth 8-6157] synthesizing module 'IBUF' [/tools/Xilinx/Vivado/2020.2/scripts/rt/data/unisim_comp.v:32983]
	Parameter CAPACITANCE bound to: DONT_CARE - type: string 
	Parameter IBUF_DELAY_VALUE bound to: 0 - type: string 
	Parameter IBUF_LOW_PWR bound to: TRUE - type: string 
	Parameter IFD_DELAY_VALUE bound to: AUTO - type: string 
	Parameter IOSTANDARD bound to: DEFAULT - type: string 
INFO: [Synth 8-6155] done synthesizing module 'IBUF' (1#1) [/tools/Xilinx/Vivado/2020.2/scripts/rt/data/unisim_comp.v:32983]
INFO: [Synth 8-6157] synthesizing module 'MMCME2_ADV' [/tools/Xilinx/Vivado/2020.2/scripts/rt/data/unisim_comp.v:39998]
	Parameter BANDWIDTH bound to: OPTIMIZED - type: string 
	Parameter CLKFBOUT_MULT_F bound to: 10.250000 - type: double 
	Parameter CLKFBOUT_PHASE bound to: 0.000000 - type: double 
	Parameter CLKFBOUT_USE_FINE_PS bound to: FALSE - type: string 
	Parameter CLKIN1_PERIOD bound to: 10.000000 - type: double 
	Parameter CLKIN2_PERIOD bound to: 0.000000 - type: double 
	Parameter CLKOUT0_DIVIDE_F bound to: 20.000000 - type: double 
	Parameter CLKOUT0_DUTY_CYCLE bound to: 0.500000 - type: double 
	Parameter CLKOUT0_PHASE bound to: 0.000000 - type: double 
	Parameter CLKOUT0_USE_FINE_PS bound to: FALSE - type: string 
	Parameter CLKOUT1_DIVIDE bound to: 4 - type: integer 
	Parameter CLKOUT1_DUTY_CYCLE bound to: 0.500000 - type: double 
	Parameter CLKOUT1_PHASE bound to: 0.000000 - type: double 
	Parameter CLKOUT1_USE_FINE_PS bound to: FALSE - type: string 
	Parameter CLKOUT2_DIVIDE bound to: 1 - type: integer 
	Parameter CLKOUT2_DUTY_CYCLE bound to: 0.500000 - type: double 
	Parameter CLKOUT2_PHASE bound to: 0.000000 - type: double 
	Parameter CLKOUT2_USE_FINE_PS bound to: FALSE - type: string 
	Parameter CLKOUT3_DIVIDE bound to: 1 - type: integer 
	Parameter CLKOUT3_DUTY_CYCLE bound to: 0.500000 - type: double 
	Parameter CLKOUT3_PHASE bound to: 0.000000 - type: double 
	Parameter CLKOUT3_USE_FINE_PS bound to: FALSE - type: string 
	Parameter CLKOUT4_CASCADE bound to: FALSE - type: string 
	Parameter CLKOUT4_DIVIDE bound to: 1 - type: integer 
	Parameter CLKOUT4_DUTY_CYCLE bound to: 0.500000 - type: double 
	Parameter CLKOUT4_PHASE bound to: 0.000000 - type: double 
	Parameter CLKOUT4_USE_FINE_PS bound to: FALSE - type: string 
	Parameter CLKOUT5_DIVIDE bound to: 1 - type: integer 
	Parameter CLKOUT5_DUTY_CYCLE bound to: 0.500000 - type: double 
	Parameter CLKOUT5_PHASE bound to: 0.000000 - type: double 
	Parameter CLKOUT5_USE_FINE_PS bound to: FALSE - type: string 
	Parameter CLKOUT6_DIVIDE bound to: 1 - type: integer 
	Parameter CLKOUT6_DUTY_CYCLE bound to: 0.500000 - type: double 
	Parameter CLKOUT6_PHASE bound to: 0.000000 - type: double 
	Parameter CLKOUT6_USE_FINE_PS bound to: FALSE - type: string 
	Parameter COMPENSATION bound to: ZHOLD - type: string 
	Parameter DIVCLK_DIVIDE bound to: 1 - type: integer 
	Parameter IS_CLKINSEL_INVERTED bound to: 1'b0 
	Parameter IS_PSEN_INVERTED bound to: 1'b0 
	Parameter IS_PSINCDEC_INVERTED bound to: 1'b0 
	Parameter IS_PWRDWN_INVERTED bound to: 1'b0 
	Parameter IS_RST_INVERTED bound to: 1'b0 
	Parameter REF_JITTER1 bound to: 0.010000 - type: double 
	Parameter REF_JITTER2 bound to: 0.010000 - type: double 
	Parameter SS_EN bound to: FALSE - type: string 
	Parameter SS_MODE bound to: CENTER_HIGH - type: string 
	Parameter SS_MOD_PERIOD bound to: 10000 - type: integer 
	Parameter STARTUP_WAIT bound to: FALSE - type: string 
INFO: [Synth 8-6155] done synthesizing module 'MMCME2_ADV' (2#1) [/tools/Xilinx/Vivado/2020.2/scripts/rt/data/unisim_comp.v:39998]
INFO: [Synth 8-6157] synthesizing module 'BUFG' [/tools/Xilinx/Vivado/2020.2/scripts/rt/data/unisim_comp.v:1083]
INFO: [Synth 8-6155] done synthesizing module 'BUFG' (3#1) [/tools/Xilinx/Vivado/2020.2/scripts/rt/data/unisim_comp.v:1083]
INFO: [Synth 8-6155] done synthesizing module 'clk_vga_hdmi_1024x600_clk_wiz' (4#1) [/home/jo/Documents/Projets/Hepia/lpsc/Mandelbrot/designs/vivado/mandelbrot_pinout/2018.2/mandelbrot_pinout.srcs/sources_1/ip/clk_vga_hdmi_1024x600/clk_vga_hdmi_1024x600_clk_wiz.v:69]
INFO: [Synth 8-6155] done synthesizing module 'clk_vga_hdmi_1024x600' (5#1) [/home/jo/Documents/Projets/Hepia/lpsc/Mandelbrot/designs/vivado/mandelbrot_pinout/2018.2/mandelbrot_pinout.srcs/sources_1/ip/clk_vga_hdmi_1024x600/clk_vga_hdmi_1024x600.v:71]
---------------------------------------------------------------------------------
Finished RTL Elaboration : Time (s): cpu = 00:00:04 ; elapsed = 00:00:05 . Memory (MB): peak = 2300.980 ; gain = 0.000 ; free physical = 3211 ; free virtual = 15661
---------------------------------------------------------------------------------
---------------------------------------------------------------------------------
Start Handling Custom Attributes
---------------------------------------------------------------------------------
---------------------------------------------------------------------------------
Finished Handling Custom Attributes : Time (s): cpu = 00:00:04 ; elapsed = 00:00:05 . Memory (MB): peak = 2300.980 ; gain = 0.000 ; free physical = 4744 ; free virtual = 17195
---------------------------------------------------------------------------------
---------------------------------------------------------------------------------
Finished RTL Optimization Phase 1 : Time (s): cpu = 00:00:04 ; elapsed = 00:00:05 . Memory (MB): peak = 2300.980 ; gain = 0.000 ; free physical = 4744 ; free virtual = 17195
---------------------------------------------------------------------------------
Netlist sorting complete. Time (s): cpu = 00:00:00 ; elapsed = 00:00:00 . Memory (MB): peak = 2300.980 ; gain = 0.000 ; free physical = 5426 ; free virtual = 17878
INFO: [Netlist 29-17] Analyzing 1 Unisim elements for replacement
INFO: [Netlist 29-28] Unisim Transformation completed in 0 CPU seconds
INFO: [Project 1-570] Preparing netlist for logic optimization

Processing XDC Constraints
Initializing timing engine
Parsing XDC File [/home/jo/Documents/Projets/Hepia/lpsc/Mandelbrot/designs/vivado/mandelbrot_pinout/2018.2/mandelbrot_pinout.srcs/sources_1/ip/clk_vga_hdmi_1024x600/clk_vga_hdmi_1024x600_ooc.xdc] for cell 'inst'
Finished Parsing XDC File [/home/jo/Documents/Projets/Hepia/lpsc/Mandelbrot/designs/vivado/mandelbrot_pinout/2018.2/mandelbrot_pinout.srcs/sources_1/ip/clk_vga_hdmi_1024x600/clk_vga_hdmi_1024x600_ooc.xdc] for cell 'inst'
Parsing XDC File [/home/jo/Documents/Projets/Hepia/lpsc/Mandelbrot/designs/vivado/mandelbrot_pinout/2018.2/mandelbrot_pinout.srcs/sources_1/ip/clk_vga_hdmi_1024x600/clk_vga_hdmi_1024x600_board.xdc] for cell 'inst'
Finished Parsing XDC File [/home/jo/Documents/Projets/Hepia/lpsc/Mandelbrot/designs/vivado/mandelbrot_pinout/2018.2/mandelbrot_pinout.srcs/sources_1/ip/clk_vga_hdmi_1024x600/clk_vga_hdmi_1024x600_board.xdc] for cell 'inst'
Parsing XDC File [/home/jo/Documents/Projets/Hepia/lpsc/Mandelbrot/designs/vivado/mandelbrot_pinout/2018.2/mandelbrot_pinout.srcs/sources_1/ip/clk_vga_hdmi_1024x600/clk_vga_hdmi_1024x600.xdc] for cell 'inst'
Finished Parsing XDC File [/home/jo/Documents/Projets/Hepia/lpsc/Mandelbrot/designs/vivado/mandelbrot_pinout/2018.2/mandelbrot_pinout.srcs/sources_1/ip/clk_vga_hdmi_1024x600/clk_vga_hdmi_1024x600.xdc] for cell 'inst'
INFO: [Project 1-236] Implementation specific constraints were found while reading constraint file [/home/jo/Documents/Projets/Hepia/lpsc/Mandelbrot/designs/vivado/mandelbrot_pinout/2018.2/mandelbrot_pinout.srcs/sources_1/ip/clk_vga_hdmi_1024x600/clk_vga_hdmi_1024x600.xdc]. These constraints will be ignored for synthesis but will be used in implementation. Impacted constraints are listed in the file [.Xil/clk_vga_hdmi_1024x600_propImpl.xdc].
Resolution: To avoid this warning, move constraints listed in [.Xil/clk_vga_hdmi_1024x600_propImpl.xdc] to another XDC file and exclude this new file from synthesis with the used_in_synthesis property (File Properties dialog in GUI) and re-run elaboration/synthesis.
INFO: [Timing 38-2] Deriving generated clocks
Parsing XDC File [/home/jo/Documents/Projets/Hepia/lpsc/Mandelbrot/designs/vivado/mandelbrot_pinout/2018.2/mandelbrot_pinout.runs/clk_vga_hdmi_1024x600_synth_1/dont_touch.xdc]
Finished Parsing XDC File [/home/jo/Documents/Projets/Hepia/lpsc/Mandelbrot/designs/vivado/mandelbrot_pinout/2018.2/mandelbrot_pinout.runs/clk_vga_hdmi_1024x600_synth_1/dont_touch.xdc]
Completed Processing XDC Constraints

Netlist sorting complete. Time (s): cpu = 00:00:00 ; elapsed = 00:00:00 . Memory (MB): peak = 2348.879 ; gain = 0.000 ; free physical = 5323 ; free virtual = 17762
INFO: [Project 1-111] Unisim Transformation Summary:
No Unisim elements were transformed.

Constraint Validation Runtime : Time (s): cpu = 00:00:00.02 ; elapsed = 00:00:00.01 . Memory (MB): peak = 2348.879 ; gain = 0.000 ; free physical = 5321 ; free virtual = 17761
---------------------------------------------------------------------------------
Finished Constraint Validation : Time (s): cpu = 00:00:10 ; elapsed = 00:00:11 . Memory (MB): peak = 2348.879 ; gain = 47.898 ; free physical = 5433 ; free virtual = 17873
---------------------------------------------------------------------------------
---------------------------------------------------------------------------------
Start Loading Part and Timing Information
---------------------------------------------------------------------------------
Loading part: xc7a200tsbg484-1
---------------------------------------------------------------------------------
Finished Loading Part and Timing Information : Time (s): cpu = 00:00:10 ; elapsed = 00:00:11 . Memory (MB): peak = 2348.879 ; gain = 47.898 ; free physical = 5433 ; free virtual = 17873
---------------------------------------------------------------------------------
---------------------------------------------------------------------------------
Start Applying 'set_property' XDC Constraints
---------------------------------------------------------------------------------
Applied set_property KEEP_HIERARCHY = SOFT for inst. (constraint file  /home/jo/Documents/Projets/Hepia/lpsc/Mandelbrot/designs/vivado/mandelbrot_pinout/2018.2/mandelbrot_pinout.runs/clk_vga_hdmi_1024x600_synth_1/dont_touch.xdc, line 9).
---------------------------------------------------------------------------------
Finished applying 'set_property' XDC Constraints : Time (s): cpu = 00:00:10 ; elapsed = 00:00:11 . Memory (MB): peak = 2348.879 ; gain = 47.898 ; free physical = 5433 ; free virtual = 17873
---------------------------------------------------------------------------------
---------------------------------------------------------------------------------
Finished RTL Optimization Phase 2 : Time (s): cpu = 00:00:10 ; elapsed = 00:00:11 . Memory (MB): peak = 2348.879 ; gain = 47.898 ; free physical = 5460 ; free virtual = 17900
---------------------------------------------------------------------------------
---------------------------------------------------------------------------------
Start RTL Component Statistics 
---------------------------------------------------------------------------------
Detailed RTL Component Info : 
---------------------------------------------------------------------------------
Finished RTL Component Statistics 
---------------------------------------------------------------------------------
---------------------------------------------------------------------------------
Start Part Resource Summary
---------------------------------------------------------------------------------
Part Resources:
DSPs: 740 (col length:100)
BRAMs: 730 (col length: RAMB18 100 RAMB36 50)
---------------------------------------------------------------------------------
Finished Part Resource Summary
---------------------------------------------------------------------------------
---------------------------------------------------------------------------------
Start Cross Boundary and Area Optimization
---------------------------------------------------------------------------------
---------------------------------------------------------------------------------
Finished Cross Boundary and Area Optimization : Time (s): cpu = 00:00:10 ; elapsed = 00:00:12 . Memory (MB): peak = 2348.879 ; gain = 47.898 ; free physical = 5505 ; free virtual = 17956
---------------------------------------------------------------------------------
---------------------------------------------------------------------------------
Start Applying XDC Timing Constraints
---------------------------------------------------------------------------------
---------------------------------------------------------------------------------
Finished Applying XDC Timing Constraints : Time (s): cpu = 00:00:15 ; elapsed = 00:00:16 . Memory (MB): peak = 2348.879 ; gain = 47.898 ; free physical = 5183 ; free virtual = 17641
---------------------------------------------------------------------------------
---------------------------------------------------------------------------------
Start Timing Optimization
---------------------------------------------------------------------------------
---------------------------------------------------------------------------------
Finished Timing Optimization : Time (s): cpu = 00:00:15 ; elapsed = 00:00:16 . Memory (MB): peak = 2348.879 ; gain = 47.898 ; free physical = 5183 ; free virtual = 17640
---------------------------------------------------------------------------------
---------------------------------------------------------------------------------
Start Technology Mapping
---------------------------------------------------------------------------------
---------------------------------------------------------------------------------
Finished Technology Mapping : Time (s): cpu = 00:00:15 ; elapsed = 00:00:16 . Memory (MB): peak = 2348.879 ; gain = 47.898 ; free physical = 5177 ; free virtual = 17634
---------------------------------------------------------------------------------
---------------------------------------------------------------------------------
Start IO Insertion
---------------------------------------------------------------------------------
---------------------------------------------------------------------------------
Start Flattening Before IO Insertion
---------------------------------------------------------------------------------
---------------------------------------------------------------------------------
Finished Flattening Before IO Insertion
---------------------------------------------------------------------------------
---------------------------------------------------------------------------------
Start Final Netlist Cleanup
---------------------------------------------------------------------------------
---------------------------------------------------------------------------------
Finished Final Netlist Cleanup
---------------------------------------------------------------------------------
---------------------------------------------------------------------------------
Finished IO Insertion : Time (s): cpu = 00:00:18 ; elapsed = 00:00:19 . Memory (MB): peak = 2348.879 ; gain = 47.898 ; free physical = 5123 ; free virtual = 17580
---------------------------------------------------------------------------------
---------------------------------------------------------------------------------
Start Renaming Generated Instances
---------------------------------------------------------------------------------
---------------------------------------------------------------------------------
Finished Renaming Generated Instances : Time (s): cpu = 00:00:18 ; elapsed = 00:00:19 . Memory (MB): peak = 2348.879 ; gain = 47.898 ; free physical = 5123 ; free virtual = 17580
---------------------------------------------------------------------------------
---------------------------------------------------------------------------------
Start Rebuilding User Hierarchy
---------------------------------------------------------------------------------
---------------------------------------------------------------------------------
Finished Rebuilding User Hierarchy : Time (s): cpu = 00:00:18 ; elapsed = 00:00:19 . Memory (MB): peak = 2348.879 ; gain = 47.898 ; free physical = 5123 ; free virtual = 17580
---------------------------------------------------------------------------------
---------------------------------------------------------------------------------
Start Renaming Generated Ports
---------------------------------------------------------------------------------
---------------------------------------------------------------------------------
Finished Renaming Generated Ports : Time (s): cpu = 00:00:18 ; elapsed = 00:00:19 . Memory (MB): peak = 2348.879 ; gain = 47.898 ; free physical = 5123 ; free virtual = 17580
---------------------------------------------------------------------------------
---------------------------------------------------------------------------------
Start Handling Custom Attributes
---------------------------------------------------------------------------------
---------------------------------------------------------------------------------
Finished Handling Custom Attributes : Time (s): cpu = 00:00:18 ; elapsed = 00:00:19 . Memory (MB): peak = 2348.879 ; gain = 47.898 ; free physical = 5123 ; free virtual = 17580
---------------------------------------------------------------------------------
---------------------------------------------------------------------------------
Start Renaming Generated Nets
---------------------------------------------------------------------------------
---------------------------------------------------------------------------------
Finished Renaming Generated Nets : Time (s): cpu = 00:00:18 ; elapsed = 00:00:19 . Memory (MB): peak = 2348.879 ; gain = 47.898 ; free physical = 5123 ; free virtual = 17580
---------------------------------------------------------------------------------
---------------------------------------------------------------------------------
Start Writing Synthesis Report
---------------------------------------------------------------------------------

Report BlackBoxes: 
+-+--------------+----------+
| |BlackBox name |Instances |
+-+--------------+----------+
+-+--------------+----------+

Report Cell Usage: 
+------+-----------+------+
|      |Cell       |Count |
+------+-----------+------+
|1     |BUFG       |     3|
|2     |MMCME2_ADV |     1|
|3     |IBUF       |     1|
+------+-----------+------+
---------------------------------------------------------------------------------
Finished Writing Synthesis Report : Time (s): cpu = 00:00:18 ; elapsed = 00:00:19 . Memory (MB): peak = 2348.879 ; gain = 47.898 ; free physical = 5123 ; free virtual = 17580
---------------------------------------------------------------------------------
Synthesis finished with 0 errors, 0 critical warnings and 0 warnings.
Synthesis Optimization Runtime : Time (s): cpu = 00:00:16 ; elapsed = 00:00:17 . Memory (MB): peak = 2348.879 ; gain = 0.000 ; free physical = 5170 ; free virtual = 17627
Synthesis Optimization Complete : Time (s): cpu = 00:00:18 ; elapsed = 00:00:19 . Memory (MB): peak = 2348.879 ; gain = 47.898 ; free physical = 5170 ; free virtual = 17627
INFO: [Project 1-571] Translating synthesized netlist
Netlist sorting complete. Time (s): cpu = 00:00:00 ; elapsed = 00:00:00 . Memory (MB): peak = 2348.879 ; gain = 0.000 ; free physical = 5163 ; free virtual = 17621
INFO: [Netlist 29-17] Analyzing 1 Unisim elements for replacement
INFO: [Netlist 29-28] Unisim Transformation completed in 0 CPU seconds
INFO: [Project 1-570] Preparing netlist for logic optimization
INFO: [Opt 31-138] Pushed 0 inverter(s) to 0 load pin(s).
Netlist sorting complete. Time (s): cpu = 00:00:00 ; elapsed = 00:00:00 . Memory (MB): peak = 2354.754 ; gain = 0.000 ; free physical = 5404 ; free virtual = 17862
INFO: [Project 1-111] Unisim Transformation Summary:
No Unisim elements were transformed.

INFO: [Common 17-83] Releasing license: Synthesis
31 Infos, 1 Warnings, 0 Critical Warnings and 0 Errors encountered.
synth_design completed successfully
synth_design: Time (s): cpu = 00:00:26 ; elapsed = 00:01:03 . Memory (MB): peak = 2354.754 ; gain = 56.133 ; free physical = 5435 ; free virtual = 17893
INFO: [Common 17-1381] The checkpoint '/home/jo/Documents/Projets/Hepia/lpsc/Mandelbrot/designs/vivado/mandelbrot_pinout/2018.2/mandelbrot_pinout.runs/clk_vga_hdmi_1024x600_synth_1/clk_vga_hdmi_1024x600.dcp' has been generated.
WARNING: [Common 17-576] 'use_project_ipc' is deprecated. This option is deprecated and no longer used.
INFO: [Coretcl 2-1648] Added synthesis output to IP cache for IP clk_vga_hdmi_1024x600, cache-ID = 1be3b4c7aae1e264
INFO: [Common 17-1381] The checkpoint '/home/jo/Documents/Projets/Hepia/lpsc/Mandelbrot/designs/vivado/mandelbrot_pinout/2018.2/mandelbrot_pinout.runs/clk_vga_hdmi_1024x600_synth_1/clk_vga_hdmi_1024x600.dcp' has been generated.
INFO: [runtcl-4] Executing : report_utilization -file clk_vga_hdmi_1024x600_utilization_synth.rpt -pb clk_vga_hdmi_1024x600_utilization_synth.pb
INFO: [Common 17-206] Exiting Vivado at Tue Apr 27 19:38:02 2021...
