11:57:58 **** Build of project ublaze_soc_bsp ****
make -k all 
Running Make include in ublaze_core/libsrc/standalone_v6_7/src
make -C ublaze_core/libsrc/standalone_v6_7/src -s include  "SHELL=/bin/sh" "COMPILER=mb-gcc" "ARCHIVER=mb-ar" "COMPILER_FLAGS=  -O2 -c -mcpu=v10.0 -mlittle-endian -mxl-soft-mul" "EXTRA_COMPILER_FLAGS=-ffunction-sections -fdata-sections -Wall -Wextra"
Running Make include in ublaze_core/libsrc/cpu_v2_7/src
make -C ublaze_core/libsrc/cpu_v2_7/src -s include  "SHELL=/bin/sh" "COMPILER=mb-gcc" "ARCHIVER=mb-ar" "COMPILER_FLAGS=  -O2 -c -mcpu=v10.0 -mlittle-endian -mxl-soft-mul" "EXTRA_COMPILER_FLAGS=-ffunction-sections -fdata-sections -Wall -Wextra"
Running Make include in ublaze_core/libsrc/uartlite_v3_2/src
make -C ublaze_core/libsrc/uartlite_v3_2/src -s include  "SHELL=/bin/sh" "COMPILER=mb-gcc" "ARCHIVER=mb-ar" "COMPILER_FLAGS=  -O2 -c -mcpu=v10.0 -mlittle-endian -mxl-soft-mul" "EXTRA_COMPILER_FLAGS=-ffunction-sections -fdata-sections -Wall -Wextra"
Running Make include in ublaze_core/libsrc/bram_v4_2/src
make -C ublaze_core/libsrc/bram_v4_2/src -s include  "SHELL=/bin/sh" "COMPILER=mb-gcc" "ARCHIVER=mb-ar" "COMPILER_FLAGS=  -O2 -c -mcpu=v10.0 -mlittle-endian -mxl-soft-mul" "EXTRA_COMPILER_FLAGS=-ffunction-sections -fdata-sections -Wall -Wextra"
Running Make include in ublaze_core/libsrc/gpio_v4_3/src
make -C ublaze_core/libsrc/gpio_v4_3/src -s include  "SHELL=/bin/sh" "COMPILER=mb-gcc" "ARCHIVER=mb-ar" "COMPILER_FLAGS=  -O2 -c -mcpu=v10.0 -mlittle-endian -mxl-soft-mul" "EXTRA_COMPILER_FLAGS=-ffunction-sections -fdata-sections -Wall -Wextra"
Running Make include in ublaze_core/libsrc/intc_v3_7/src
make -C ublaze_core/libsrc/intc_v3_7/src -s include  "SHELL=/bin/sh" "COMPILER=mb-gcc" "ARCHIVER=mb-ar" "COMPILER_FLAGS=  -O2 -c -mcpu=v10.0 -mlittle-endian -mxl-soft-mul" "EXTRA_COMPILER_FLAGS=-ffunction-sections -fdata-sections -Wall -Wextra"
Running Make include in ublaze_core/libsrc/tmrctr_v4_4/src
make -C ublaze_core/libsrc/tmrctr_v4_4/src -s include  "SHELL=/bin/sh" "COMPILER=mb-gcc" "ARCHIVER=mb-ar" "COMPILER_FLAGS=  -O2 -c -mcpu=v10.0 -mlittle-endian -mxl-soft-mul" "EXTRA_COMPILER_FLAGS=-ffunction-sections -fdata-sections -Wall -Wextra"
Running Make libs in ublaze_core/libsrc/standalone_v6_7/src
make -C ublaze_core/libsrc/standalone_v6_7/src -s libs  "SHELL=/bin/sh" "COMPILER=mb-gcc" "ARCHIVER=mb-ar" "COMPILER_FLAGS=  -O2 -c -mcpu=v10.0 -mlittle-endian -mxl-soft-mul" "EXTRA_COMPILER_FLAGS=-ffunction-sections -fdata-sections -Wall -Wextra"
Compiling standalone
microblaze_sleep.c:74:9: note: #pragma message: For the sleep routines, assembly instructions are used
 #pragma message ("For the sleep routines, assembly instructions are used")
         ^~~~~~~
mb-ar: creating ../../../lib/libxil.a
Running Make libs in ublaze_core/libsrc/cpu_v2_7/src
make -C ublaze_core/libsrc/cpu_v2_7/src -s libs  "SHELL=/bin/sh" "COMPILER=mb-gcc" "ARCHIVER=mb-ar" "COMPILER_FLAGS=  -O2 -c -mcpu=v10.0 -mlittle-endian -mxl-soft-mul" "EXTRA_COMPILER_FLAGS=-ffunction-sections -fdata-sections -Wall -Wextra"
Compiling cpu
Running Make libs in ublaze_core/libsrc/uartlite_v3_2/src
make -C ublaze_core/libsrc/uartlite_v3_2/src -s libs  "SHELL=/bin/sh" "COMPILER=mb-gcc" "ARCHIVER=mb-ar" "COMPILER_FLAGS=  -O2 -c -mcpu=v10.0 -mlittle-endian -mxl-soft-mul" "EXTRA_COMPILER_FLAGS=-ffunction-sections -fdata-sections -Wall -Wextra"
Compiling uartlite
Running Make libs in ublaze_core/libsrc/bram_v4_2/src
make -C ublaze_core/libsrc/bram_v4_2/src -s libs  "SHELL=/bin/sh" "COMPILER=mb-gcc" "ARCHIVER=mb-ar" "COMPILER_FLAGS=  -O2 -c -mcpu=v10.0 -mlittle-endian -mxl-soft-mul" "EXTRA_COMPILER_FLAGS=-ffunction-sections -fdata-sections -Wall -Wextra"
Compiling bram
Running Make libs in ublaze_core/libsrc/gpio_v4_3/src
make -C ublaze_core/libsrc/gpio_v4_3/src -s libs  "SHELL=/bin/sh" "COMPILER=mb-gcc" "ARCHIVER=mb-ar" "COMPILER_FLAGS=  -O2 -c -mcpu=v10.0 -mlittle-endian -mxl-soft-mul" "EXTRA_COMPILER_FLAGS=-ffunction-sections -fdata-sections -Wall -Wextra"
Compiling gpio
Running Make libs in ublaze_core/libsrc/intc_v3_7/src
make -C ublaze_core/libsrc/intc_v3_7/src -s libs  "SHELL=/bin/sh" "COMPILER=mb-gcc" "ARCHIVER=mb-ar" "COMPILER_FLAGS=  -O2 -c -mcpu=v10.0 -mlittle-endian -mxl-soft-mul" "EXTRA_COMPILER_FLAGS=-ffunction-sections -fdata-sections -Wall -Wextra"
Compiling intc
Running Make libs in ublaze_core/libsrc/tmrctr_v4_4/src
make -C ublaze_core/libsrc/tmrctr_v4_4/src -s libs  "SHELL=/bin/sh" "COMPILER=mb-gcc" "ARCHIVER=mb-ar" "COMPILER_FLAGS=  -O2 -c -mcpu=v10.0 -mlittle-endian -mxl-soft-mul" "EXTRA_COMPILER_FLAGS=-ffunction-sections -fdata-sections -Wall -Wextra"
Compiling tmrctr
Finished building libraries

11:58:00 Build Finished (took 1s.563ms)

