Vivado Simulator 2020.2
Copyright 1986-1999, 2001-2020 Xilinx, Inc. All Rights Reserved.
Running: C:/Xilinx/Vivado/2020.2/bin/unwrapped/win64.o/xelab.exe -wto 7a998fe0abfe46918ad5cbba8b012036 --incr --debug typical --relax --mt 2 -L xil_defaultlib -L unisims_ver -L unimacro_ver -L secureip -L xpm --snapshot mandelbrot_pinout_behav xil_defaultlib.mandelbrot_pinout xil_defaultlib.glbl -log elaborate.log 
Using 2 slave threads.
Starting static elaboration
Pass Through NonSizing Optimizer
Completed static elaboration
Starting simulation data flow analysis
Completed simulation data flow analysis
Time Resolution for simulation is 1ps
Compiling package std.standard
Compiling package std.textio
Compiling package ieee.std_logic_1164
Compiling package ieee.numeric_std
Compiling package unisim.vcomponents
Compiling package xil_defaultlib.hdmi_interface_pkg
Compiling package ieee.std_logic_arith
Compiling package ieee.vital_timing
Compiling package ieee.vital_primitives
Compiling package unisim.vpkg
Compiling package vl.vl_types
Compiling module xil_defaultlib.glbl
Compiling architecture bufg_v of entity unisim.BUFG [bufg_default]
Compiling module unisims_ver.BUFG
Compiling module unisims_ver.IBUF
Compiling module unisims_ver.MMCME2_ADV(CLKFBOUT_MULT_F=10.0,...
Compiling module xil_defaultlib.clk_vga_hdmi_800x600_clk_vga_hdm...
Compiling module xil_defaultlib.clk_vga_hdmi_800x600
Compiling architecture behavioural of entity xil_defaultlib.vga_stripes [\vga_stripes(c_vga_config=("0000...]
Compiling architecture behavioural of entity xil_defaultlib.vga_controler [\vga_controler(c_vga_config=("00...]
Compiling architecture rtl of entity xil_defaultlib.vga [\vga(c_vga_config=("000000110010...]
Compiling architecture behavioural of entity xil_defaultlib.tmds_encoder [tmds_encoder_default]
Compiling architecture oserdese2_v of entity unisim.OSERDESE2 [\OSERDESE2(data_width=10,init_oq...]
Compiling architecture oserdese2_v of entity unisim.OSERDESE2 [\OSERDESE2(data_width=10,init_oq...]
Compiling architecture rtl of entity xil_defaultlib.serializer_10_to_1 [serializer_10_to_1_default]
Compiling architecture obufds_v of entity unisim.OBUFDS [\OBUFDS(iostandard="TMDS_33",sle...]
Compiling architecture rtl of entity xil_defaultlib.vga_to_hdmi [vga_to_hdmi_default]
Compiling architecture behavioural of entity xil_defaultlib.hdmi [\hdmi(c_vga_config=("00000011001...]
Compiling architecture behavioural of entity xil_defaultlib.image_generator [\image_generator(c_vga_config=("...]
Compiling architecture rtl of entity xil_defaultlib.mandelbrot_pinout
Built simulation snapshot mandelbrot_pinout_behav
