Copyright 1986-2020 Xilinx, Inc. All Rights Reserved.
-----------------------------------------------------------------------------------------------------------------------------------------------------------------------------------------
| Tool Version : Vivado v.2020.2 (win64) Build 3064766 Wed Nov 18 09:12:45 MST 2020
| Date         : Tue May 11 19:09:48 2021
| Host         : PetrBigPC running 64-bit major release  (build 9200)
| Command      : report_methodology -file mandelbrot_pinout_methodology_drc_routed.rpt -pb mandelbrot_pinout_methodology_drc_routed.pb -rpx mandelbrot_pinout_methodology_drc_routed.rpx
| Design       : mandelbrot_pinout
| Device       : xc7a200tsbg484-1
| Speed File   : -1
| Design State : Fully Routed
-----------------------------------------------------------------------------------------------------------------------------------------------------------------------------------------

Report Methodology

Table of Contents
-----------------
1. REPORT SUMMARY
2. REPORT DETAILS

1. REPORT SUMMARY
-----------------
            Netlist: netlist
          Floorplan: design_1
      Design limits: <entire design considered>
             Max violations: <unlimited>
             Violations found: 2
+----------+------------------+----------------------------------------------------+------------+
| Rule     | Severity         | Description                                        | Violations |
+----------+------------------+----------------------------------------------------+------------+
| TIMING-2 | Critical Warning | Invalid primary clock source pin                   | 1          |
| TIMING-4 | Critical Warning | Invalid primary clock redefinition on a clock tree | 1          |
+----------+------------------+----------------------------------------------------+------------+

2. REPORT DETAILS
-----------------
TIMING-2#1 Critical Warning
Invalid primary clock source pin  
A primary clock VgaHdmiCDxB.HdmixI/ClkVgaHdmi800x600xG.ClkVgaHdmi800x600xI/inst/ClkSys100MhzxCI is created on an inappropriate pin VgaHdmiCDxB.HdmixI/ClkVgaHdmi800x600xG.ClkVgaHdmi800x600xI/inst/ClkSys100MhzxCI. It is recommended to create a primary clock only on a proper clock source (input port or primitive output pin with no timing arc)
Related violations: <none>

TIMING-4#1 Critical Warning
Invalid primary clock redefinition on a clock tree  
Invalid clock redefinition on a clock tree. The primary clock VgaHdmiCDxB.HdmixI/ClkVgaHdmi800x600xG.ClkVgaHdmi800x600xI/inst/ClkSys100MhzxCI is defined downstream of clock sys_clk_pin and overrides its insertion delay and/or waveform definition
Related violations: <none>


